[0.242s] Invoking command in '/home/paddy/rrc/xarm_ws/src/xarm_ros2/build/mbot_demo': CMAKE_PREFIX_PATH=${CMAKE_PREFIX_PATH}:/opt/ros/humble:/home/paddy/rrc/xarm_ws/install/uf_ros_lib:/home/paddy/rrc/xarm_ws/install/realsense2_ros_mqtt_bridge /usr/bin/cmake /home/paddy/rrc/xarm_ws/src/xarm_ros2/demo/mbot_demo -DCMAKE_INSTALL_PREFIX=/home/paddy/rrc/xarm_ws/src/xarm_ros2/install/mbot_demo
[0.461s] -- The C compiler identification is GNU 11.4.0
[0.463s] -- The CXX compiler identification is GNU 11.4.0
[0.463s] -- Detecting C compiler ABI info
[0.463s] -- Detecting C compiler ABI info - done
[0.463s] -- Check for working C compiler: /usr/bin/cc - skipped
[0.463s] -- Detecting C compile features
[0.464s] -- Detecting C compile features - done
[0.464s] -- Detecting CXX compiler ABI info
[0.552s] -- Detecting CXX compiler ABI info - done
[0.559s] -- Check for working CXX compiler: /usr/bin/c++ - skipped
[0.559s] -- Detecting CXX compile features
[0.559s] -- Detecting CXX compile features - done
[0.564s] -- Found ament_cmake: 1.3.12 (/opt/ros/humble/share/ament_cmake/cmake)
[0.933s] -- Found Python3: /usr/bin/python3 (found version "3.10.12") found components: Interpreter 
[1.069s] -- Found ament_lint_auto: 0.12.14 (/opt/ros/humble/share/ament_lint_auto/cmake)
[1.237s] -- Added test 'copyright' to check source files copyright and LICENSE
[1.244s] -- Added test 'flake8' to check Python code syntax and style conventions
[1.245s] -- Added test 'lint_cmake' to check CMake code style
[1.246s] -- Added test 'pep257' to check Python code against some of the docstring style conventions in PEP 257
[1.252s] -- Added test 'xmllint' to check XML markup files
[1.253s] -- Configuring done
[1.261s] -- Generating done
[1.262s] -- Build files have been written to: /home/paddy/rrc/xarm_ws/src/xarm_ros2/build/mbot_demo
[1.272s] Invoked command in '/home/paddy/rrc/xarm_ws/src/xarm_ros2/build/mbot_demo' returned '0': CMAKE_PREFIX_PATH=${CMAKE_PREFIX_PATH}:/opt/ros/humble:/home/paddy/rrc/xarm_ws/install/uf_ros_lib:/home/paddy/rrc/xarm_ws/install/realsense2_ros_mqtt_bridge /usr/bin/cmake /home/paddy/rrc/xarm_ws/src/xarm_ros2/demo/mbot_demo -DCMAKE_INSTALL_PREFIX=/home/paddy/rrc/xarm_ws/src/xarm_ros2/install/mbot_demo
[1.281s] Invoking command in '/home/paddy/rrc/xarm_ws/src/xarm_ros2/build/mbot_demo': CMAKE_PREFIX_PATH=${CMAKE_PREFIX_PATH}:/opt/ros/humble:/home/paddy/rrc/xarm_ws/install/uf_ros_lib:/home/paddy/rrc/xarm_ws/install/realsense2_ros_mqtt_bridge /usr/bin/cmake --build /home/paddy/rrc/xarm_ws/src/xarm_ros2/build/mbot_demo -- -j16 -l16
[1.413s] Invoked command in '/home/paddy/rrc/xarm_ws/src/xarm_ros2/build/mbot_demo' returned '0': CMAKE_PREFIX_PATH=${CMAKE_PREFIX_PATH}:/opt/ros/humble:/home/paddy/rrc/xarm_ws/install/uf_ros_lib:/home/paddy/rrc/xarm_ws/install/realsense2_ros_mqtt_bridge /usr/bin/cmake --build /home/paddy/rrc/xarm_ws/src/xarm_ros2/build/mbot_demo -- -j16 -l16
[1.418s] Invoking command in '/home/paddy/rrc/xarm_ws/src/xarm_ros2/build/mbot_demo': CMAKE_PREFIX_PATH=${CMAKE_PREFIX_PATH}:/opt/ros/humble:/home/paddy/rrc/xarm_ws/install/uf_ros_lib:/home/paddy/rrc/xarm_ws/install/realsense2_ros_mqtt_bridge /usr/bin/cmake --install /home/paddy/rrc/xarm_ws/src/xarm_ros2/build/mbot_demo
[1.445s] -- Install configuration: ""
[1.446s] -- Installing: /home/paddy/rrc/xarm_ws/src/xarm_ros2/install/mbot_demo/share/mbot_demo//rviz
[1.446s] -- Installing: /home/paddy/rrc/xarm_ws/src/xarm_ros2/install/mbot_demo/share/mbot_demo//rviz/moveit.rviz
[1.450s] -- Installing: /home/paddy/rrc/xarm_ws/src/xarm_ros2/install/mbot_demo/share/mbot_demo//urdf
[1.450s] -- Installing: /home/paddy/rrc/xarm_ws/src/xarm_ros2/install/mbot_demo/share/mbot_demo//urdf/mbot.ros2_control.xacro
[1.451s] -- Installing: /home/paddy/rrc/xarm_ws/src/xarm_ros2/install/mbot_demo/share/mbot_demo//urdf/mbot.transmission.xacro
[1.451s] -- Installing: /home/paddy/rrc/xarm_ws/src/xarm_ros2/install/mbot_demo/share/mbot_demo//urdf/mbot_with_xarm.urdf.xacro
[1.451s] -- Installing: /home/paddy/rrc/xarm_ws/src/xarm_ros2/install/mbot_demo/share/mbot_demo//urdf/mbot.urdf.xacro
[1.454s] -- Installing: /home/paddy/rrc/xarm_ws/src/xarm_ros2/install/mbot_demo/share/mbot_demo//urdf/mbot.gazebo.xacro
[1.455s] -- Installing: /home/paddy/rrc/xarm_ws/src/xarm_ros2/install/mbot_demo/share/mbot_demo//urdf/mbot_macro.xacro
[1.455s] -- Installing: /home/paddy/rrc/xarm_ws/src/xarm_ros2/install/mbot_demo/share/mbot_demo//srdf
[1.455s] -- Installing: /home/paddy/rrc/xarm_ws/src/xarm_ros2/install/mbot_demo/share/mbot_demo//srdf/mbot_with_xarm.srdf.xacro
[1.455s] -- Installing: /home/paddy/rrc/xarm_ws/src/xarm_ros2/install/mbot_demo/share/mbot_demo//srdf/mbot_macro.srdf.xacro
[1.455s] -- Installing: /home/paddy/rrc/xarm_ws/src/xarm_ros2/install/mbot_demo/share/mbot_demo//config
[1.455s] -- Installing: /home/paddy/rrc/xarm_ws/src/xarm_ros2/install/mbot_demo/share/mbot_demo//config/ompl_planning.yaml
[1.455s] -- Installing: /home/paddy/rrc/xarm_ws/src/xarm_ros2/install/mbot_demo/share/mbot_demo//config/controllers.yaml
[1.455s] -- Installing: /home/paddy/rrc/xarm_ws/src/xarm_ros2/install/mbot_demo/share/mbot_demo//config/kinematics.yaml
[1.459s] -- Installing: /home/paddy/rrc/xarm_ws/src/xarm_ros2/install/mbot_demo/share/mbot_demo//config/ros2_controllers.yaml
[1.459s] -- Installing: /home/paddy/rrc/xarm_ws/src/xarm_ros2/install/mbot_demo/share/mbot_demo//config/joint_limits.yaml
[1.459s] -- Installing: /home/paddy/rrc/xarm_ws/src/xarm_ros2/install/mbot_demo/share/mbot_demo//worlds
[1.460s] -- Installing: /home/paddy/rrc/xarm_ws/src/xarm_ros2/install/mbot_demo/share/mbot_demo//worlds/empty.world
[1.460s] -- Installing: /home/paddy/rrc/xarm_ws/src/xarm_ros2/install/mbot_demo/share/mbot_demo//launch
[1.460s] -- Installing: /home/paddy/rrc/xarm_ws/src/xarm_ros2/install/mbot_demo/share/mbot_demo//launch/_robot_on_mbot_gazebo.launch.py
[1.460s] -- Installing: /home/paddy/rrc/xarm_ws/src/xarm_ros2/install/mbot_demo/share/mbot_demo//launch/mbot_moveit_realmove.launch.py
[1.464s] -- Installing: /home/paddy/rrc/xarm_ws/src/xarm_ros2/install/mbot_demo/share/mbot_demo//launch/mbot_moveit_gazebo.launch.py
[1.467s] -- Installing: /home/paddy/rrc/xarm_ws/src/xarm_ros2/install/mbot_demo/share/mbot_demo//launch/mbot_moveit_fake.launch.py
[1.468s] -- Installing: /home/paddy/rrc/xarm_ws/src/xarm_ros2/install/mbot_demo/share/ament_index/resource_index/package_run_dependencies/mbot_demo
[1.468s] -- Installing: /home/paddy/rrc/xarm_ws/src/xarm_ros2/install/mbot_demo/share/ament_index/resource_index/parent_prefix_path/mbot_demo
[1.468s] -- Installing: /home/paddy/rrc/xarm_ws/src/xarm_ros2/install/mbot_demo/share/mbot_demo/environment/ament_prefix_path.sh
[1.468s] -- Installing: /home/paddy/rrc/xarm_ws/src/xarm_ros2/install/mbot_demo/share/mbot_demo/environment/ament_prefix_path.dsv
[1.468s] -- Installing: /home/paddy/rrc/xarm_ws/src/xarm_ros2/install/mbot_demo/share/mbot_demo/environment/path.sh
[1.468s] -- Installing: /home/paddy/rrc/xarm_ws/src/xarm_ros2/install/mbot_demo/share/mbot_demo/environment/path.dsv
[1.468s] -- Installing: /home/paddy/rrc/xarm_ws/src/xarm_ros2/install/mbot_demo/share/mbot_demo/local_setup.bash
[1.468s] -- Installing: /home/paddy/rrc/xarm_ws/src/xarm_ros2/install/mbot_demo/share/mbot_demo/local_setup.sh
[1.468s] -- Installing: /home/paddy/rrc/xarm_ws/src/xarm_ros2/install/mbot_demo/share/mbot_demo/local_setup.zsh
[1.469s] -- Installing: /home/paddy/rrc/xarm_ws/src/xarm_ros2/install/mbot_demo/share/mbot_demo/local_setup.dsv
[1.469s] -- Installing: /home/paddy/rrc/xarm_ws/src/xarm_ros2/install/mbot_demo/share/mbot_demo/package.dsv
[1.469s] -- Installing: /home/paddy/rrc/xarm_ws/src/xarm_ros2/install/mbot_demo/share/ament_index/resource_index/packages/mbot_demo
[1.469s] -- Installing: /home/paddy/rrc/xarm_ws/src/xarm_ros2/install/mbot_demo/share/mbot_demo/cmake/mbot_demoConfig.cmake
[1.469s] -- Installing: /home/paddy/rrc/xarm_ws/src/xarm_ros2/install/mbot_demo/share/mbot_demo/cmake/mbot_demoConfig-version.cmake
[1.469s] -- Installing: /home/paddy/rrc/xarm_ws/src/xarm_ros2/install/mbot_demo/share/mbot_demo/package.xml
[1.473s] Invoked command in '/home/paddy/rrc/xarm_ws/src/xarm_ros2/build/mbot_demo' returned '0': CMAKE_PREFIX_PATH=${CMAKE_PREFIX_PATH}:/opt/ros/humble:/home/paddy/rrc/xarm_ws/install/uf_ros_lib:/home/paddy/rrc/xarm_ws/install/realsense2_ros_mqtt_bridge /usr/bin/cmake --install /home/paddy/rrc/xarm_ws/src/xarm_ros2/build/mbot_demo
