[0.329s] Invoking command in '/home/paddy/rrc/xarm_ws/src/xarm_ros2/build/mbot_demo': CMAKE_PREFIX_PATH=${CMAKE_PREFIX_PATH}:/home/paddy/rrc/xarm_ws/src/xarm_ros2/install/uf_ros_lib:/home/paddy/rrc/xarm_ws/src/xarm_ros2/install/realsense2_ros_mqtt_bridge:/opt/ros/humble:/home/paddy/rrc/xarm_ws/install/uf_ros_lib:/home/paddy/rrc/xarm_ws/install/realsense2_ros_mqtt_bridge /usr/bin/cmake --build /home/paddy/rrc/xarm_ws/src/xarm_ros2/build/mbot_demo -- -j16 -l16
[0.742s] Invoked command in '/home/paddy/rrc/xarm_ws/src/xarm_ros2/build/mbot_demo' returned '0': CMAKE_PREFIX_PATH=${CMAKE_PREFIX_PATH}:/home/paddy/rrc/xarm_ws/src/xarm_ros2/install/uf_ros_lib:/home/paddy/rrc/xarm_ws/src/xarm_ros2/install/realsense2_ros_mqtt_bridge:/opt/ros/humble:/home/paddy/rrc/xarm_ws/install/uf_ros_lib:/home/paddy/rrc/xarm_ws/install/realsense2_ros_mqtt_bridge /usr/bin/cmake --build /home/paddy/rrc/xarm_ws/src/xarm_ros2/build/mbot_demo -- -j16 -l16
[0.744s] Invoking command in '/home/paddy/rrc/xarm_ws/src/xarm_ros2/build/mbot_demo': CMAKE_PREFIX_PATH=${CMAKE_PREFIX_PATH}:/home/paddy/rrc/xarm_ws/src/xarm_ros2/install/uf_ros_lib:/home/paddy/rrc/xarm_ws/src/xarm_ros2/install/realsense2_ros_mqtt_bridge:/opt/ros/humble:/home/paddy/rrc/xarm_ws/install/uf_ros_lib:/home/paddy/rrc/xarm_ws/install/realsense2_ros_mqtt_bridge /usr/bin/cmake --install /home/paddy/rrc/xarm_ws/src/xarm_ros2/build/mbot_demo
[0.772s] -- Install configuration: ""
[0.776s] -- Up-to-date: /home/paddy/rrc/xarm_ws/src/xarm_ros2/install/mbot_demo/share/mbot_demo//rviz
[0.776s] -- Up-to-date: /home/paddy/rrc/xarm_ws/src/xarm_ros2/install/mbot_demo/share/mbot_demo//rviz/moveit.rviz
[0.776s] -- Up-to-date: /home/paddy/rrc/xarm_ws/src/xarm_ros2/install/mbot_demo/share/mbot_demo//urdf
[0.776s] -- Up-to-date: /home/paddy/rrc/xarm_ws/src/xarm_ros2/install/mbot_demo/share/mbot_demo//urdf/mbot.ros2_control.xacro
[0.776s] -- Up-to-date: /home/paddy/rrc/xarm_ws/src/xarm_ros2/install/mbot_demo/share/mbot_demo//urdf/mbot.transmission.xacro
[0.777s] -- Up-to-date: /home/paddy/rrc/xarm_ws/src/xarm_ros2/install/mbot_demo/share/mbot_demo//urdf/mbot_with_xarm.urdf.xacro
[0.777s] -- Up-to-date: /home/paddy/rrc/xarm_ws/src/xarm_ros2/install/mbot_demo/share/mbot_demo//urdf/mbot.urdf.xacro
[0.777s] -- Up-to-date: /home/paddy/rrc/xarm_ws/src/xarm_ros2/install/mbot_demo/share/mbot_demo//urdf/mbot.gazebo.xacro
[0.777s] -- Up-to-date: /home/paddy/rrc/xarm_ws/src/xarm_ros2/install/mbot_demo/share/mbot_demo//urdf/mbot_macro.xacro
[0.777s] -- Up-to-date: /home/paddy/rrc/xarm_ws/src/xarm_ros2/install/mbot_demo/share/mbot_demo//srdf
[0.777s] -- Up-to-date: /home/paddy/rrc/xarm_ws/src/xarm_ros2/install/mbot_demo/share/mbot_demo//srdf/mbot_with_xarm.srdf.xacro
[0.777s] -- Up-to-date: /home/paddy/rrc/xarm_ws/src/xarm_ros2/install/mbot_demo/share/mbot_demo//srdf/mbot_macro.srdf.xacro
[0.778s] -- Up-to-date: /home/paddy/rrc/xarm_ws/src/xarm_ros2/install/mbot_demo/share/mbot_demo//config
[0.778s] -- Up-to-date: /home/paddy/rrc/xarm_ws/src/xarm_ros2/install/mbot_demo/share/mbot_demo//config/ompl_planning.yaml
[0.778s] -- Up-to-date: /home/paddy/rrc/xarm_ws/src/xarm_ros2/install/mbot_demo/share/mbot_demo//config/controllers.yaml
[0.778s] -- Up-to-date: /home/paddy/rrc/xarm_ws/src/xarm_ros2/install/mbot_demo/share/mbot_demo//config/kinematics.yaml
[0.778s] -- Up-to-date: /home/paddy/rrc/xarm_ws/src/xarm_ros2/install/mbot_demo/share/mbot_demo//config/ros2_controllers.yaml
[0.778s] -- Up-to-date: /home/paddy/rrc/xarm_ws/src/xarm_ros2/install/mbot_demo/share/mbot_demo//config/joint_limits.yaml
[0.779s] -- Up-to-date: /home/paddy/rrc/xarm_ws/src/xarm_ros2/install/mbot_demo/share/mbot_demo//worlds
[0.779s] -- Up-to-date: /home/paddy/rrc/xarm_ws/src/xarm_ros2/install/mbot_demo/share/mbot_demo//worlds/empty.world
[0.779s] -- Up-to-date: /home/paddy/rrc/xarm_ws/src/xarm_ros2/install/mbot_demo/share/mbot_demo//launch
[0.779s] -- Up-to-date: /home/paddy/rrc/xarm_ws/src/xarm_ros2/install/mbot_demo/share/mbot_demo//launch/_robot_on_mbot_gazebo.launch.py
[0.779s] -- Up-to-date: /home/paddy/rrc/xarm_ws/src/xarm_ros2/install/mbot_demo/share/mbot_demo//launch/mbot_moveit_realmove.launch.py
[0.779s] -- Up-to-date: /home/paddy/rrc/xarm_ws/src/xarm_ros2/install/mbot_demo/share/mbot_demo//launch/mbot_moveit_gazebo.launch.py
[0.779s] -- Up-to-date: /home/paddy/rrc/xarm_ws/src/xarm_ros2/install/mbot_demo/share/mbot_demo//launch/mbot_moveit_fake.launch.py
[0.779s] -- Up-to-date: /home/paddy/rrc/xarm_ws/src/xarm_ros2/install/mbot_demo/share/ament_index/resource_index/package_run_dependencies/mbot_demo
[0.780s] -- Up-to-date: /home/paddy/rrc/xarm_ws/src/xarm_ros2/install/mbot_demo/share/ament_index/resource_index/parent_prefix_path/mbot_demo
[0.780s] -- Up-to-date: /home/paddy/rrc/xarm_ws/src/xarm_ros2/install/mbot_demo/share/mbot_demo/environment/ament_prefix_path.sh
[0.780s] -- Up-to-date: /home/paddy/rrc/xarm_ws/src/xarm_ros2/install/mbot_demo/share/mbot_demo/environment/ament_prefix_path.dsv
[0.781s] -- Up-to-date: /home/paddy/rrc/xarm_ws/src/xarm_ros2/install/mbot_demo/share/mbot_demo/environment/path.sh
[0.781s] -- Up-to-date: /home/paddy/rrc/xarm_ws/src/xarm_ros2/install/mbot_demo/share/mbot_demo/environment/path.dsv
[0.782s] -- Up-to-date: /home/paddy/rrc/xarm_ws/src/xarm_ros2/install/mbot_demo/share/mbot_demo/local_setup.bash
[0.782s] -- Up-to-date: /home/paddy/rrc/xarm_ws/src/xarm_ros2/install/mbot_demo/share/mbot_demo/local_setup.sh
[0.782s] -- Up-to-date: /home/paddy/rrc/xarm_ws/src/xarm_ros2/install/mbot_demo/share/mbot_demo/local_setup.zsh
[0.782s] -- Up-to-date: /home/paddy/rrc/xarm_ws/src/xarm_ros2/install/mbot_demo/share/mbot_demo/local_setup.dsv
[0.782s] -- Up-to-date: /home/paddy/rrc/xarm_ws/src/xarm_ros2/install/mbot_demo/share/mbot_demo/package.dsv
[0.782s] -- Up-to-date: /home/paddy/rrc/xarm_ws/src/xarm_ros2/install/mbot_demo/share/ament_index/resource_index/packages/mbot_demo
[0.782s] -- Up-to-date: /home/paddy/rrc/xarm_ws/src/xarm_ros2/install/mbot_demo/share/mbot_demo/cmake/mbot_demoConfig.cmake
[0.783s] -- Up-to-date: /home/paddy/rrc/xarm_ws/src/xarm_ros2/install/mbot_demo/share/mbot_demo/cmake/mbot_demoConfig-version.cmake
[0.783s] -- Up-to-date: /home/paddy/rrc/xarm_ws/src/xarm_ros2/install/mbot_demo/share/mbot_demo/package.xml
[0.968s] Invoked command in '/home/paddy/rrc/xarm_ws/src/xarm_ros2/build/mbot_demo' returned '0': CMAKE_PREFIX_PATH=${CMAKE_PREFIX_PATH}:/home/paddy/rrc/xarm_ws/src/xarm_ros2/install/uf_ros_lib:/home/paddy/rrc/xarm_ws/src/xarm_ros2/install/realsense2_ros_mqtt_bridge:/opt/ros/humble:/home/paddy/rrc/xarm_ws/install/uf_ros_lib:/home/paddy/rrc/xarm_ws/install/realsense2_ros_mqtt_bridge /usr/bin/cmake --install /home/paddy/rrc/xarm_ws/src/xarm_ros2/build/mbot_demo
