[0.025s] Invoking command in '/home/paddy/rrc/xarm_ws/src/xarm_ros2/build/d435i_xarm_setup': AMENT_PREFIX_PATH=/home/paddy/rrc/xarm_ws/src/xarm_ros2/install/xarm_api:/home/paddy/rrc/xarm_ws/src/xarm_ros2/install/xarm_sdk:/home/paddy/rrc/xarm_ws/src/xarm_ros2/install/xarm_msgs:/home/paddy/rrc/xarm_ws/src/xarm_ros2/install/xarm_description:${AMENT_PREFIX_PATH} CMAKE_PREFIX_PATH=/home/paddy/rrc/xarm_ws/src/xarm_ros2/install/xarm_api:/home/paddy/rrc/xarm_ws/src/xarm_ros2/install/xarm_sdk:/home/paddy/rrc/xarm_ws/src/xarm_ros2/install/xarm_msgs:/home/paddy/rrc/xarm_ws/src/xarm_ros2/install/xarm_description:/home/paddy/rrc/xarm_ws/install/xarm_sdk:/home/paddy/rrc/xarm_ws/install/xarm_description:/home/paddy/rrc/xarm_ws/install/realsense2_camera:/home/paddy/rrc/xarm_ws/install/mbot_demo:/home/paddy/rrc/xarm_ws/install/librealsense2:/home/paddy/rrc/xarm_ws/install/xarm_planner:/home/paddy/rrc/xarm_ws/install/xarm_moveit_servo:/home/paddy/rrc/xarm_ws/install/xarm_moveit_config:/home/paddy/rrc/xarm_ws/install/xarm_gazebo:/home/paddy/rrc/xarm_ws/install/xarm_controller:/home/paddy/rrc/xarm_ws/install/d435i_xarm_setup:/home/paddy/rrc/xarm_ws/install/xarm_api:/home/paddy/rrc/xarm_ws/install/xarm_msgs:/home/paddy/rrc/xarm_ws/install/realsense_gazebo_plugin:/home/paddy/rrc/xarm_ws/install/realsense2_rviz_plugin:/home/paddy/rrc/xarm_ws/install/realsense2_description:/home/paddy/rrc/xarm_ws/install/realsense2_camera_msgs:/opt/ros/humble:/home/paddy/rrc/xarm_ws/install/uf_ros_lib:/home/paddy/rrc/xarm_ws/install/realsense2_ros_mqtt_bridge LD_LIBRARY_PATH=/home/paddy/rrc/xarm_ws/src/xarm_ros2/install/xarm_api/lib:/home/paddy/rrc/xarm_ws/src/xarm_ros2/install/xarm_sdk/lib:/home/paddy/rrc/xarm_ws/src/xarm_ros2/install/xarm_msgs/lib:${LD_LIBRARY_PATH} PYTHONPATH=/home/paddy/rrc/xarm_ws/src/xarm_ros2/install/xarm_msgs/local/lib/python3.10/dist-packages:${PYTHONPATH} /usr/bin/cmake /home/paddy/rrc/xarm_ws/src/xarm_ros2/xarm_vision/d435i_xarm_setup -DCMAKE_INSTALL_PREFIX=/home/paddy/rrc/xarm_ws/src/xarm_ros2/install/d435i_xarm_setup
[0.105s] -- The C compiler identification is GNU 11.4.0
[0.175s] -- The CXX compiler identification is GNU 11.4.0
[0.184s] -- Detecting C compiler ABI info
[0.291s] -- Detecting C compiler ABI info - done
[0.299s] -- Check for working C compiler: /usr/bin/cc - skipped
[0.299s] -- Detecting C compile features
[0.299s] -- Detecting C compile features - done
[0.302s] -- Detecting CXX compiler ABI info
[0.413s] -- Detecting CXX compiler ABI info - done
[0.423s] -- Check for working CXX compiler: /usr/bin/c++ - skipped
[0.423s] -- Detecting CXX compile features
[0.424s] -- Detecting CXX compile features - done
[0.432s] -- Found ament_cmake: 1.3.12 (/opt/ros/humble/share/ament_cmake/cmake)
[0.901s] -- Found Python3: /usr/bin/python3 (found version "3.10.12") found components: Interpreter 
[1.058s] -- Found rclcpp: 16.0.15 (/opt/ros/humble/share/rclcpp/cmake)
[1.137s] -- Found rosidl_generator_c: 3.1.7 (/opt/ros/humble/share/rosidl_generator_c/cmake)
[1.149s] -- Found rosidl_adapter: 3.1.7 (/opt/ros/humble/share/rosidl_adapter/cmake)
[1.164s] -- Found rosidl_generator_cpp: 3.1.7 (/opt/ros/humble/share/rosidl_generator_cpp/cmake)
[1.182s] -- Using all available rosidl_typesupport_c: rosidl_typesupport_fastrtps_c;rosidl_typesupport_introspection_c
[1.208s] -- Using all available rosidl_typesupport_cpp: rosidl_typesupport_fastrtps_cpp;rosidl_typesupport_introspection_cpp
[1.282s] -- Found rmw_implementation_cmake: 6.1.2 (/opt/ros/humble/share/rmw_implementation_cmake/cmake)
[1.288s] -- Found rmw_fastrtps_cpp: 6.2.9 (/opt/ros/humble/share/rmw_fastrtps_cpp/cmake)
[1.425s] -- Found OpenSSL: /usr/lib/x86_64-linux-gnu/libcrypto.so (found version "3.0.2")  
[1.470s] -- Found FastRTPS: /opt/ros/humble/include  
[1.545s] -- Using RMW implementation 'rmw_fastrtps_cpp' as default
[1.571s] -- Looking for pthread.h
[1.698s] -- Looking for pthread.h - found
[1.698s] -- Performing Test CMAKE_HAVE_LIBC_PTHREAD
[1.816s] -- Performing Test CMAKE_HAVE_LIBC_PTHREAD - Success
[1.818s] -- Found Threads: TRUE  
[1.905s] -- Found tf2_ros: 0.25.16 (/opt/ros/humble/share/tf2_ros/cmake)
[2.140s] -- Found tf2_geometry_msgs: 0.25.16 (/opt/ros/humble/share/tf2_geometry_msgs/cmake)
[2.190s] -- Found eigen3_cmake_module: 0.1.1 (/opt/ros/humble/share/eigen3_cmake_module/cmake)
[2.193s] -- Found Eigen3: TRUE (found version "3.4.0") 
[2.193s] -- Ensuring Eigen3 include directory is part of orocos-kdl CMake target
[2.203s] -- Found object_recognition_msgs: 2.0.0 (/opt/ros/humble/share/object_recognition_msgs/cmake)
[2.298s] -- Found xarm_msgs: 0.0.0 (/home/paddy/rrc/xarm_ws/src/xarm_ros2/install/xarm_msgs/share/xarm_msgs/cmake)
[2.317s] -- Found xarm_api: 0.0.0 (/home/paddy/rrc/xarm_ws/src/xarm_ros2/install/xarm_api/share/xarm_api/cmake)
[2.333s] -- Found ament_lint_auto: 0.12.14 (/opt/ros/humble/share/ament_lint_auto/cmake)
[2.516s] -- Added test 'copyright' to check source files copyright and LICENSE
[2.520s] -- Added test 'cppcheck' to perform static code analysis on C / C++ code
[2.521s] -- Configured cppcheck include dirs: 
[2.521s] -- Configured cppcheck exclude dirs and/or files: 
[2.524s] -- Added test 'cpplint' to check C / C++ code against the Google style
[2.524s] -- Configured cpplint exclude dirs and/or files: 
[2.525s] -- Added test 'flake8' to check Python code syntax and style conventions
[2.527s] -- Added test 'lint_cmake' to check CMake code style
[2.528s] -- Added test 'pep257' to check Python code against some of the docstring style conventions in PEP 257
[2.531s] -- Added test 'uncrustify' to check C / C++ code style
[2.531s] -- Configured uncrustify additional arguments: 
[2.532s] -- Added test 'xmllint' to check XML markup files
[2.534s] -- Configuring done
[2.574s] -- Generating done
[2.586s] -- Build files have been written to: /home/paddy/rrc/xarm_ws/src/xarm_ros2/build/d435i_xarm_setup
[2.604s] Invoked command in '/home/paddy/rrc/xarm_ws/src/xarm_ros2/build/d435i_xarm_setup' returned '0': AMENT_PREFIX_PATH=/home/paddy/rrc/xarm_ws/src/xarm_ros2/install/xarm_api:/home/paddy/rrc/xarm_ws/src/xarm_ros2/install/xarm_sdk:/home/paddy/rrc/xarm_ws/src/xarm_ros2/install/xarm_msgs:/home/paddy/rrc/xarm_ws/src/xarm_ros2/install/xarm_description:${AMENT_PREFIX_PATH} CMAKE_PREFIX_PATH=/home/paddy/rrc/xarm_ws/src/xarm_ros2/install/xarm_api:/home/paddy/rrc/xarm_ws/src/xarm_ros2/install/xarm_sdk:/home/paddy/rrc/xarm_ws/src/xarm_ros2/install/xarm_msgs:/home/paddy/rrc/xarm_ws/src/xarm_ros2/install/xarm_description:/home/paddy/rrc/xarm_ws/install/xarm_sdk:/home/paddy/rrc/xarm_ws/install/xarm_description:/home/paddy/rrc/xarm_ws/install/realsense2_camera:/home/paddy/rrc/xarm_ws/install/mbot_demo:/home/paddy/rrc/xarm_ws/install/librealsense2:/home/paddy/rrc/xarm_ws/install/xarm_planner:/home/paddy/rrc/xarm_ws/install/xarm_moveit_servo:/home/paddy/rrc/xarm_ws/install/xarm_moveit_config:/home/paddy/rrc/xarm_ws/install/xarm_gazebo:/home/paddy/rrc/xarm_ws/install/xarm_controller:/home/paddy/rrc/xarm_ws/install/d435i_xarm_setup:/home/paddy/rrc/xarm_ws/install/xarm_api:/home/paddy/rrc/xarm_ws/install/xarm_msgs:/home/paddy/rrc/xarm_ws/install/realsense_gazebo_plugin:/home/paddy/rrc/xarm_ws/install/realsense2_rviz_plugin:/home/paddy/rrc/xarm_ws/install/realsense2_description:/home/paddy/rrc/xarm_ws/install/realsense2_camera_msgs:/opt/ros/humble:/home/paddy/rrc/xarm_ws/install/uf_ros_lib:/home/paddy/rrc/xarm_ws/install/realsense2_ros_mqtt_bridge LD_LIBRARY_PATH=/home/paddy/rrc/xarm_ws/src/xarm_ros2/install/xarm_api/lib:/home/paddy/rrc/xarm_ws/src/xarm_ros2/install/xarm_sdk/lib:/home/paddy/rrc/xarm_ws/src/xarm_ros2/install/xarm_msgs/lib:${LD_LIBRARY_PATH} PYTHONPATH=/home/paddy/rrc/xarm_ws/src/xarm_ros2/install/xarm_msgs/local/lib/python3.10/dist-packages:${PYTHONPATH} /usr/bin/cmake /home/paddy/rrc/xarm_ws/src/xarm_ros2/xarm_vision/d435i_xarm_setup -DCMAKE_INSTALL_PREFIX=/home/paddy/rrc/xarm_ws/src/xarm_ros2/install/d435i_xarm_setup
[2.607s] Invoking command in '/home/paddy/rrc/xarm_ws/src/xarm_ros2/build/d435i_xarm_setup': AMENT_PREFIX_PATH=/home/paddy/rrc/xarm_ws/src/xarm_ros2/install/xarm_api:/home/paddy/rrc/xarm_ws/src/xarm_ros2/install/xarm_sdk:/home/paddy/rrc/xarm_ws/src/xarm_ros2/install/xarm_msgs:/home/paddy/rrc/xarm_ws/src/xarm_ros2/install/xarm_description:${AMENT_PREFIX_PATH} CMAKE_PREFIX_PATH=/home/paddy/rrc/xarm_ws/src/xarm_ros2/install/xarm_api:/home/paddy/rrc/xarm_ws/src/xarm_ros2/install/xarm_sdk:/home/paddy/rrc/xarm_ws/src/xarm_ros2/install/xarm_msgs:/home/paddy/rrc/xarm_ws/src/xarm_ros2/install/xarm_description:/home/paddy/rrc/xarm_ws/install/xarm_sdk:/home/paddy/rrc/xarm_ws/install/xarm_description:/home/paddy/rrc/xarm_ws/install/realsense2_camera:/home/paddy/rrc/xarm_ws/install/mbot_demo:/home/paddy/rrc/xarm_ws/install/librealsense2:/home/paddy/rrc/xarm_ws/install/xarm_planner:/home/paddy/rrc/xarm_ws/install/xarm_moveit_servo:/home/paddy/rrc/xarm_ws/install/xarm_moveit_config:/home/paddy/rrc/xarm_ws/install/xarm_gazebo:/home/paddy/rrc/xarm_ws/install/xarm_controller:/home/paddy/rrc/xarm_ws/install/d435i_xarm_setup:/home/paddy/rrc/xarm_ws/install/xarm_api:/home/paddy/rrc/xarm_ws/install/xarm_msgs:/home/paddy/rrc/xarm_ws/install/realsense_gazebo_plugin:/home/paddy/rrc/xarm_ws/install/realsense2_rviz_plugin:/home/paddy/rrc/xarm_ws/install/realsense2_description:/home/paddy/rrc/xarm_ws/install/realsense2_camera_msgs:/opt/ros/humble:/home/paddy/rrc/xarm_ws/install/uf_ros_lib:/home/paddy/rrc/xarm_ws/install/realsense2_ros_mqtt_bridge LD_LIBRARY_PATH=/home/paddy/rrc/xarm_ws/src/xarm_ros2/install/xarm_api/lib:/home/paddy/rrc/xarm_ws/src/xarm_ros2/install/xarm_sdk/lib:/home/paddy/rrc/xarm_ws/src/xarm_ros2/install/xarm_msgs/lib:${LD_LIBRARY_PATH} PYTHONPATH=/home/paddy/rrc/xarm_ws/src/xarm_ros2/install/xarm_msgs/local/lib/python3.10/dist-packages:${PYTHONPATH} /usr/bin/cmake --build /home/paddy/rrc/xarm_ws/src/xarm_ros2/build/d435i_xarm_setup -- -j16 -l16
[2.698s] [ 50%] [32mBuilding CXX object CMakeFiles/tf_object_to_base.dir/src/tf_object_to_base.cpp.o[0m
[2.698s] [ 50%] [32mBuilding CXX object CMakeFiles/findobj_grasp_moveit_planner.dir/src/findobj_grasp_moveit_planner.cpp.o[0m
[2.698s] [ 50%] [32mBuilding CXX object CMakeFiles/findobj_grasp_xarm_api.dir/src/findobj_grasp_xarm_api.cpp.o[0m
[10.641s] [ 66%] [32m[1mLinking CXX executable findobj_grasp_xarm_api[0m
[11.128s] [ 83%] [32m[1mLinking CXX executable findobj_grasp_moveit_planner[0m
[11.716s] [ 83%] Built target findobj_grasp_moveit_planner
[11.759s] [ 83%] Built target findobj_grasp_xarm_api
[12.642s] [100%] [32m[1mLinking CXX executable tf_object_to_base[0m
[13.211s] [100%] Built target tf_object_to_base
[13.229s] Invoked command in '/home/paddy/rrc/xarm_ws/src/xarm_ros2/build/d435i_xarm_setup' returned '0': AMENT_PREFIX_PATH=/home/paddy/rrc/xarm_ws/src/xarm_ros2/install/xarm_api:/home/paddy/rrc/xarm_ws/src/xarm_ros2/install/xarm_sdk:/home/paddy/rrc/xarm_ws/src/xarm_ros2/install/xarm_msgs:/home/paddy/rrc/xarm_ws/src/xarm_ros2/install/xarm_description:${AMENT_PREFIX_PATH} CMAKE_PREFIX_PATH=/home/paddy/rrc/xarm_ws/src/xarm_ros2/install/xarm_api:/home/paddy/rrc/xarm_ws/src/xarm_ros2/install/xarm_sdk:/home/paddy/rrc/xarm_ws/src/xarm_ros2/install/xarm_msgs:/home/paddy/rrc/xarm_ws/src/xarm_ros2/install/xarm_description:/home/paddy/rrc/xarm_ws/install/xarm_sdk:/home/paddy/rrc/xarm_ws/install/xarm_description:/home/paddy/rrc/xarm_ws/install/realsense2_camera:/home/paddy/rrc/xarm_ws/install/mbot_demo:/home/paddy/rrc/xarm_ws/install/librealsense2:/home/paddy/rrc/xarm_ws/install/xarm_planner:/home/paddy/rrc/xarm_ws/install/xarm_moveit_servo:/home/paddy/rrc/xarm_ws/install/xarm_moveit_config:/home/paddy/rrc/xarm_ws/install/xarm_gazebo:/home/paddy/rrc/xarm_ws/install/xarm_controller:/home/paddy/rrc/xarm_ws/install/d435i_xarm_setup:/home/paddy/rrc/xarm_ws/install/xarm_api:/home/paddy/rrc/xarm_ws/install/xarm_msgs:/home/paddy/rrc/xarm_ws/install/realsense_gazebo_plugin:/home/paddy/rrc/xarm_ws/install/realsense2_rviz_plugin:/home/paddy/rrc/xarm_ws/install/realsense2_description:/home/paddy/rrc/xarm_ws/install/realsense2_camera_msgs:/opt/ros/humble:/home/paddy/rrc/xarm_ws/install/uf_ros_lib:/home/paddy/rrc/xarm_ws/install/realsense2_ros_mqtt_bridge LD_LIBRARY_PATH=/home/paddy/rrc/xarm_ws/src/xarm_ros2/install/xarm_api/lib:/home/paddy/rrc/xarm_ws/src/xarm_ros2/install/xarm_sdk/lib:/home/paddy/rrc/xarm_ws/src/xarm_ros2/install/xarm_msgs/lib:${LD_LIBRARY_PATH} PYTHONPATH=/home/paddy/rrc/xarm_ws/src/xarm_ros2/install/xarm_msgs/local/lib/python3.10/dist-packages:${PYTHONPATH} /usr/bin/cmake --build /home/paddy/rrc/xarm_ws/src/xarm_ros2/build/d435i_xarm_setup -- -j16 -l16
[13.232s] Invoking command in '/home/paddy/rrc/xarm_ws/src/xarm_ros2/build/d435i_xarm_setup': AMENT_PREFIX_PATH=/home/paddy/rrc/xarm_ws/src/xarm_ros2/install/xarm_api:/home/paddy/rrc/xarm_ws/src/xarm_ros2/install/xarm_sdk:/home/paddy/rrc/xarm_ws/src/xarm_ros2/install/xarm_msgs:/home/paddy/rrc/xarm_ws/src/xarm_ros2/install/xarm_description:${AMENT_PREFIX_PATH} CMAKE_PREFIX_PATH=/home/paddy/rrc/xarm_ws/src/xarm_ros2/install/xarm_api:/home/paddy/rrc/xarm_ws/src/xarm_ros2/install/xarm_sdk:/home/paddy/rrc/xarm_ws/src/xarm_ros2/install/xarm_msgs:/home/paddy/rrc/xarm_ws/src/xarm_ros2/install/xarm_description:/home/paddy/rrc/xarm_ws/install/xarm_sdk:/home/paddy/rrc/xarm_ws/install/xarm_description:/home/paddy/rrc/xarm_ws/install/realsense2_camera:/home/paddy/rrc/xarm_ws/install/mbot_demo:/home/paddy/rrc/xarm_ws/install/librealsense2:/home/paddy/rrc/xarm_ws/install/xarm_planner:/home/paddy/rrc/xarm_ws/install/xarm_moveit_servo:/home/paddy/rrc/xarm_ws/install/xarm_moveit_config:/home/paddy/rrc/xarm_ws/install/xarm_gazebo:/home/paddy/rrc/xarm_ws/install/xarm_controller:/home/paddy/rrc/xarm_ws/install/d435i_xarm_setup:/home/paddy/rrc/xarm_ws/install/xarm_api:/home/paddy/rrc/xarm_ws/install/xarm_msgs:/home/paddy/rrc/xarm_ws/install/realsense_gazebo_plugin:/home/paddy/rrc/xarm_ws/install/realsense2_rviz_plugin:/home/paddy/rrc/xarm_ws/install/realsense2_description:/home/paddy/rrc/xarm_ws/install/realsense2_camera_msgs:/opt/ros/humble:/home/paddy/rrc/xarm_ws/install/uf_ros_lib:/home/paddy/rrc/xarm_ws/install/realsense2_ros_mqtt_bridge LD_LIBRARY_PATH=/home/paddy/rrc/xarm_ws/src/xarm_ros2/install/xarm_api/lib:/home/paddy/rrc/xarm_ws/src/xarm_ros2/install/xarm_sdk/lib:/home/paddy/rrc/xarm_ws/src/xarm_ros2/install/xarm_msgs/lib:${LD_LIBRARY_PATH} PYTHONPATH=/home/paddy/rrc/xarm_ws/src/xarm_ros2/install/xarm_msgs/local/lib/python3.10/dist-packages:${PYTHONPATH} /usr/bin/cmake --install /home/paddy/rrc/xarm_ws/src/xarm_ros2/build/d435i_xarm_setup
[13.244s] -- Install configuration: ""
[13.244s] -- Installing: /home/paddy/rrc/xarm_ws/src/xarm_ros2/install/d435i_xarm_setup/share/d435i_xarm_setup//launch
[13.244s] -- Installing: /home/paddy/rrc/xarm_ws/src/xarm_ros2/install/d435i_xarm_setup/share/d435i_xarm_setup//launch/d435i_robot_auto_calib.launch.py
[13.245s] -- Installing: /home/paddy/rrc/xarm_ws/src/xarm_ros2/install/d435i_xarm_setup/share/d435i_xarm_setup//launch/publish_handeye_tf.launch.py
[13.245s] -- Installing: /home/paddy/rrc/xarm_ws/src/xarm_ros2/install/d435i_xarm_setup/share/d435i_xarm_setup//launch/d435i_robot_ork_linemod.launch.py
[13.246s] -- Installing: /home/paddy/rrc/xarm_ws/src/xarm_ros2/install/d435i_xarm_setup/share/d435i_xarm_setup//launch/start_find_obj_2d.launch.py
[13.246s] -- Installing: /home/paddy/rrc/xarm_ws/src/xarm_ros2/install/d435i_xarm_setup/share/d435i_xarm_setup//launch/grasp_node_robot_moveit_planner.launch.py
[13.246s] -- Installing: /home/paddy/rrc/xarm_ws/src/xarm_ros2/install/d435i_xarm_setup/share/d435i_xarm_setup//launch/d435i_findobj2d_robot_api.launch.py
[13.247s] -- Installing: /home/paddy/rrc/xarm_ws/src/xarm_ros2/install/d435i_xarm_setup/share/d435i_xarm_setup//launch/d435i_findobj2d_robot_moveit_planner.launch.py
[13.247s] -- Installing: /home/paddy/rrc/xarm_ws/src/xarm_ros2/install/d435i_xarm_setup/share/d435i_xarm_setup//launch/grasp_node_robot_api.launch.py
[13.247s] -- Installing: /home/paddy/rrc/xarm_ws/src/xarm_ros2/install/d435i_xarm_setup/share/d435i_xarm_setup//objects
[13.247s] -- Installing: /home/paddy/rrc/xarm_ws/src/xarm_ros2/install/d435i_xarm_setup/share/d435i_xarm_setup//objects/2.png
[13.248s] -- Installing: /home/paddy/rrc/xarm_ws/src/xarm_ros2/install/d435i_xarm_setup/share/d435i_xarm_setup//objects/1.png
[13.249s] -- Installing: /home/paddy/rrc/xarm_ws/src/xarm_ros2/install/d435i_xarm_setup/share/d435i_xarm_setup//config
[13.249s] -- Installing: /home/paddy/rrc/xarm_ws/src/xarm_ros2/install/d435i_xarm_setup/share/d435i_xarm_setup//config/extra_robot_api_params.yaml
[13.249s] -- Installing: /home/paddy/rrc/xarm_ws/src/xarm_ros2/install/d435i_xarm_setup/share/d435i_xarm_setup//config/uf850_rs_on_hand_calibration.calib
[13.249s] -- Installing: /home/paddy/rrc/xarm_ws/src/xarm_ros2/install/d435i_xarm_setup/share/d435i_xarm_setup//config/xarm_rs_on_hand_calibration.calib
[13.250s] -- Installing: /home/paddy/rrc/xarm_ws/src/xarm_ros2/install/d435i_xarm_setup/share/d435i_xarm_setup//config/lite_rs_on_hand_calibration.calib
[13.250s] -- Installing: /home/paddy/rrc/xarm_ws/src/xarm_ros2/install/d435i_xarm_setup/lib/d435i_xarm_setup/findobj_grasp_moveit_planner
[13.254s] -- Set runtime path of "/home/paddy/rrc/xarm_ws/src/xarm_ros2/install/d435i_xarm_setup/lib/d435i_xarm_setup/findobj_grasp_moveit_planner" to ""
[13.254s] -- Installing: /home/paddy/rrc/xarm_ws/src/xarm_ros2/install/d435i_xarm_setup/lib/d435i_xarm_setup/findobj_grasp_xarm_api
[13.255s] -- Set runtime path of "/home/paddy/rrc/xarm_ws/src/xarm_ros2/install/d435i_xarm_setup/lib/d435i_xarm_setup/findobj_grasp_xarm_api" to ""
[13.255s] -- Installing: /home/paddy/rrc/xarm_ws/src/xarm_ros2/install/d435i_xarm_setup/lib/d435i_xarm_setup/tf_object_to_base
[13.260s] -- Set runtime path of "/home/paddy/rrc/xarm_ws/src/xarm_ros2/install/d435i_xarm_setup/lib/d435i_xarm_setup/tf_object_to_base" to ""
[13.260s] -- Installing: /home/paddy/rrc/xarm_ws/src/xarm_ros2/install/d435i_xarm_setup/share/ament_index/resource_index/package_run_dependencies/d435i_xarm_setup
[13.260s] -- Installing: /home/paddy/rrc/xarm_ws/src/xarm_ros2/install/d435i_xarm_setup/share/ament_index/resource_index/parent_prefix_path/d435i_xarm_setup
[13.261s] -- Installing: /home/paddy/rrc/xarm_ws/src/xarm_ros2/install/d435i_xarm_setup/share/d435i_xarm_setup/environment/ament_prefix_path.sh
[13.261s] -- Installing: /home/paddy/rrc/xarm_ws/src/xarm_ros2/install/d435i_xarm_setup/share/d435i_xarm_setup/environment/ament_prefix_path.dsv
[13.261s] -- Installing: /home/paddy/rrc/xarm_ws/src/xarm_ros2/install/d435i_xarm_setup/share/d435i_xarm_setup/environment/path.sh
[13.261s] -- Installing: /home/paddy/rrc/xarm_ws/src/xarm_ros2/install/d435i_xarm_setup/share/d435i_xarm_setup/environment/path.dsv
[13.261s] -- Installing: /home/paddy/rrc/xarm_ws/src/xarm_ros2/install/d435i_xarm_setup/share/d435i_xarm_setup/local_setup.bash
[13.261s] -- Installing: /home/paddy/rrc/xarm_ws/src/xarm_ros2/install/d435i_xarm_setup/share/d435i_xarm_setup/local_setup.sh
[13.262s] -- Installing: /home/paddy/rrc/xarm_ws/src/xarm_ros2/install/d435i_xarm_setup/share/d435i_xarm_setup/local_setup.zsh
[13.262s] -- Installing: /home/paddy/rrc/xarm_ws/src/xarm_ros2/install/d435i_xarm_setup/share/d435i_xarm_setup/local_setup.dsv
[13.262s] -- Installing: /home/paddy/rrc/xarm_ws/src/xarm_ros2/install/d435i_xarm_setup/share/d435i_xarm_setup/package.dsv
[13.262s] -- Installing: /home/paddy/rrc/xarm_ws/src/xarm_ros2/install/d435i_xarm_setup/share/ament_index/resource_index/packages/d435i_xarm_setup
[13.263s] -- Installing: /home/paddy/rrc/xarm_ws/src/xarm_ros2/install/d435i_xarm_setup/share/d435i_xarm_setup/cmake/d435i_xarm_setupConfig.cmake
[13.263s] -- Installing: /home/paddy/rrc/xarm_ws/src/xarm_ros2/install/d435i_xarm_setup/share/d435i_xarm_setup/cmake/d435i_xarm_setupConfig-version.cmake
[13.263s] -- Installing: /home/paddy/rrc/xarm_ws/src/xarm_ros2/install/d435i_xarm_setup/share/d435i_xarm_setup/package.xml
[13.266s] Invoked command in '/home/paddy/rrc/xarm_ws/src/xarm_ros2/build/d435i_xarm_setup' returned '0': AMENT_PREFIX_PATH=/home/paddy/rrc/xarm_ws/src/xarm_ros2/install/xarm_api:/home/paddy/rrc/xarm_ws/src/xarm_ros2/install/xarm_sdk:/home/paddy/rrc/xarm_ws/src/xarm_ros2/install/xarm_msgs:/home/paddy/rrc/xarm_ws/src/xarm_ros2/install/xarm_description:${AMENT_PREFIX_PATH} CMAKE_PREFIX_PATH=/home/paddy/rrc/xarm_ws/src/xarm_ros2/install/xarm_api:/home/paddy/rrc/xarm_ws/src/xarm_ros2/install/xarm_sdk:/home/paddy/rrc/xarm_ws/src/xarm_ros2/install/xarm_msgs:/home/paddy/rrc/xarm_ws/src/xarm_ros2/install/xarm_description:/home/paddy/rrc/xarm_ws/install/xarm_sdk:/home/paddy/rrc/xarm_ws/install/xarm_description:/home/paddy/rrc/xarm_ws/install/realsense2_camera:/home/paddy/rrc/xarm_ws/install/mbot_demo:/home/paddy/rrc/xarm_ws/install/librealsense2:/home/paddy/rrc/xarm_ws/install/xarm_planner:/home/paddy/rrc/xarm_ws/install/xarm_moveit_servo:/home/paddy/rrc/xarm_ws/install/xarm_moveit_config:/home/paddy/rrc/xarm_ws/install/xarm_gazebo:/home/paddy/rrc/xarm_ws/install/xarm_controller:/home/paddy/rrc/xarm_ws/install/d435i_xarm_setup:/home/paddy/rrc/xarm_ws/install/xarm_api:/home/paddy/rrc/xarm_ws/install/xarm_msgs:/home/paddy/rrc/xarm_ws/install/realsense_gazebo_plugin:/home/paddy/rrc/xarm_ws/install/realsense2_rviz_plugin:/home/paddy/rrc/xarm_ws/install/realsense2_description:/home/paddy/rrc/xarm_ws/install/realsense2_camera_msgs:/opt/ros/humble:/home/paddy/rrc/xarm_ws/install/uf_ros_lib:/home/paddy/rrc/xarm_ws/install/realsense2_ros_mqtt_bridge LD_LIBRARY_PATH=/home/paddy/rrc/xarm_ws/src/xarm_ros2/install/xarm_api/lib:/home/paddy/rrc/xarm_ws/src/xarm_ros2/install/xarm_sdk/lib:/home/paddy/rrc/xarm_ws/src/xarm_ros2/install/xarm_msgs/lib:${LD_LIBRARY_PATH} PYTHONPATH=/home/paddy/rrc/xarm_ws/src/xarm_ros2/install/xarm_msgs/local/lib/python3.10/dist-packages:${PYTHONPATH} /usr/bin/cmake --install /home/paddy/rrc/xarm_ws/src/xarm_ros2/build/d435i_xarm_setup
