[0.037s] Invoking command in '/home/paddy/rrc/xarm_ws/src/xarm_ros2/build/xarm_gazebo': AMENT_PREFIX_PATH=/home/paddy/rrc/xarm_ws/src/xarm_ros2/install/xarm_controller:/home/paddy/rrc/xarm_ws/src/xarm_ros2/install/xarm_api:/home/paddy/rrc/xarm_ws/src/xarm_ros2/install/xarm_sdk:/home/paddy/rrc/xarm_ws/src/xarm_ros2/install/xarm_msgs:/home/paddy/rrc/xarm_ws/src/xarm_ros2/install/xarm_description:/home/paddy/rrc/xarm_ws/src/xarm_ros2/install/uf_ros_lib:${AMENT_PREFIX_PATH} CMAKE_PREFIX_PATH=/home/paddy/rrc/xarm_ws/src/xarm_ros2/install/xarm_controller:/home/paddy/rrc/xarm_ws/src/xarm_ros2/install/xarm_api:/home/paddy/rrc/xarm_ws/src/xarm_ros2/install/xarm_sdk:/home/paddy/rrc/xarm_ws/src/xarm_ros2/install/xarm_msgs:/home/paddy/rrc/xarm_ws/src/xarm_ros2/install/xarm_description:/home/paddy/rrc/xarm_ws/install/xarm_sdk:/home/paddy/rrc/xarm_ws/install/xarm_description:/home/paddy/rrc/xarm_ws/install/realsense2_camera:/home/paddy/rrc/xarm_ws/install/mbot_demo:/home/paddy/rrc/xarm_ws/install/librealsense2:/home/paddy/rrc/xarm_ws/install/xarm_planner:/home/paddy/rrc/xarm_ws/install/xarm_moveit_servo:/home/paddy/rrc/xarm_ws/install/xarm_moveit_config:/home/paddy/rrc/xarm_ws/install/xarm_gazebo:/home/paddy/rrc/xarm_ws/install/xarm_controller:/home/paddy/rrc/xarm_ws/install/d435i_xarm_setup:/home/paddy/rrc/xarm_ws/install/xarm_api:/home/paddy/rrc/xarm_ws/install/xarm_msgs:/home/paddy/rrc/xarm_ws/install/realsense_gazebo_plugin:/home/paddy/rrc/xarm_ws/install/realsense2_rviz_plugin:/home/paddy/rrc/xarm_ws/install/realsense2_description:/home/paddy/rrc/xarm_ws/install/realsense2_camera_msgs:/opt/ros/humble:/home/paddy/rrc/xarm_ws/install/uf_ros_lib:/home/paddy/rrc/xarm_ws/install/realsense2_ros_mqtt_bridge LD_LIBRARY_PATH=/home/paddy/rrc/xarm_ws/src/xarm_ros2/install/xarm_controller/lib:/home/paddy/rrc/xarm_ws/src/xarm_ros2/install/xarm_api/lib:/home/paddy/rrc/xarm_ws/src/xarm_ros2/install/xarm_sdk/lib:/home/paddy/rrc/xarm_ws/src/xarm_ros2/install/xarm_msgs/lib:${LD_LIBRARY_PATH} PYTHONPATH=/home/paddy/rrc/xarm_ws/src/xarm_ros2/install/xarm_msgs/local/lib/python3.10/dist-packages:/home/paddy/rrc/xarm_ws/src/xarm_ros2/install/uf_ros_lib/lib/python3.10/site-packages:${PYTHONPATH} /usr/bin/cmake /home/paddy/rrc/xarm_ws/src/xarm_ros2/xarm_gazebo -DCMAKE_INSTALL_PREFIX=/home/paddy/rrc/xarm_ws/src/xarm_ros2/install/xarm_gazebo
[0.131s] -- The C compiler identification is GNU 11.4.0
[0.209s] -- The CXX compiler identification is GNU 11.4.0
[0.221s] -- Detecting C compiler ABI info
[0.343s] -- Detecting C compiler ABI info - done
[0.353s] -- Check for working C compiler: /usr/bin/cc - skipped
[0.353s] -- Detecting C compile features
[0.353s] -- Detecting C compile features - done
[0.357s] -- Detecting CXX compiler ABI info
[0.486s] -- Detecting CXX compiler ABI info - done
[0.494s] -- Check for working CXX compiler: /usr/bin/c++ - skipped
[0.495s] -- Detecting CXX compile features
[0.495s] -- Detecting CXX compile features - done
[0.502s] -- Found ament_cmake: 1.3.12 (/opt/ros/humble/share/ament_cmake/cmake)
[0.919s] -- Found Python3: /usr/bin/python3 (found version "3.10.12") found components: Interpreter 
[1.080s] -- Found rclcpp: 16.0.15 (/opt/ros/humble/share/rclcpp/cmake)
[1.166s] -- Found rosidl_generator_c: 3.1.7 (/opt/ros/humble/share/rosidl_generator_c/cmake)
[1.179s] -- Found rosidl_adapter: 3.1.7 (/opt/ros/humble/share/rosidl_adapter/cmake)
[1.194s] -- Found rosidl_generator_cpp: 3.1.7 (/opt/ros/humble/share/rosidl_generator_cpp/cmake)
[1.214s] -- Using all available rosidl_typesupport_c: rosidl_typesupport_fastrtps_c;rosidl_typesupport_introspection_c
[1.243s] -- Using all available rosidl_typesupport_cpp: rosidl_typesupport_fastrtps_cpp;rosidl_typesupport_introspection_cpp
[1.323s] -- Found rmw_implementation_cmake: 6.1.2 (/opt/ros/humble/share/rmw_implementation_cmake/cmake)
[1.330s] -- Found rmw_fastrtps_cpp: 6.2.9 (/opt/ros/humble/share/rmw_fastrtps_cpp/cmake)
[1.491s] -- Found OpenSSL: /usr/lib/x86_64-linux-gnu/libcrypto.so (found version "3.0.2")  
[1.534s] -- Found FastRTPS: /opt/ros/humble/include  
[1.598s] -- Using RMW implementation 'rmw_fastrtps_cpp' as default
[1.617s] -- Looking for pthread.h
[1.721s] -- Looking for pthread.h - found
[1.721s] -- Performing Test CMAKE_HAVE_LIBC_PTHREAD
[1.826s] -- Performing Test CMAKE_HAVE_LIBC_PTHREAD - Success
[1.828s] -- Found Threads: TRUE  
[1.903s] -- Found control_toolbox: 3.6.2 (/opt/ros/humble/share/control_toolbox/cmake)
[2.232s] -- Found controller_manager: 2.52.0 (/opt/ros/humble/share/controller_manager/cmake)
[2.276s] -- Found gazebo_ros: 3.9.0 (/opt/ros/humble/share/gazebo_ros/cmake)
[2.297s] -- Found PkgConfig: /usr/bin/pkg-config (found version "0.29.2") 
[2.298s] -- Checking for module 'bullet>=2.82'
[2.323s] --   Found bullet, version 3.05
[2.505s] -- Found fcl: /usr/include (found suitable version "0.7.0", minimum required is "0.5.0") 
[2.600s] -- Found assimp: /usr/include (found version "5.2.0") 
[2.629s] -- Found DART: /usr/include (Required is at least version "6.6") found components: dart 
[2.694s] -- Found Boost: /usr/lib/x86_64-linux-gnu/cmake/Boost-1.74.0/BoostConfig.cmake (found suitable version "1.74.0", minimum required is "1.40.0") found components: thread system filesystem program_options regex iostreams date_time 
[2.718s] -- Found Protobuf: /usr/lib/x86_64-linux-gnu/libprotobuf.so (found version "3.12.4") 
[2.735s] -- Looking for ignition-math6 -- found version 6.15.1
[2.748s] -- Searching for dependencies of ignition-math6
[2.751s] -- Looking for OGRE...
[2.752s] -- OGRE_PREFIX_WATCH changed.
[2.759s] -- Checking for module 'OGRE'
[2.784s] --   Found OGRE, version 1.9.0
[2.848s] -- Found Ogre Ghadamon (1.9.0)
[2.859s] -- Found OGRE: optimized;/usr/lib/x86_64-linux-gnu/libOgreMain.so;debug;/usr/lib/x86_64-linux-gnu/libOgreMain.so
[2.869s] -- Looking for OGRE_Paging...
[2.880s] -- Found OGRE_Paging: optimized;/usr/lib/x86_64-linux-gnu/libOgrePaging.so;debug;/usr/lib/x86_64-linux-gnu/libOgrePaging.so
[2.880s] -- Looking for OGRE_Terrain...
[2.889s] -- Found OGRE_Terrain: optimized;/usr/lib/x86_64-linux-gnu/libOgreTerrain.so;debug;/usr/lib/x86_64-linux-gnu/libOgreTerrain.so
[2.890s] -- Looking for OGRE_Property...
[2.901s] -- Found OGRE_Property: optimized;/usr/lib/x86_64-linux-gnu/libOgreProperty.so;debug;/usr/lib/x86_64-linux-gnu/libOgreProperty.so
[2.901s] -- Looking for OGRE_RTShaderSystem...
[2.913s] -- Found OGRE_RTShaderSystem: optimized;/usr/lib/x86_64-linux-gnu/libOgreRTShaderSystem.so;debug;/usr/lib/x86_64-linux-gnu/libOgreRTShaderSystem.so
[2.913s] -- Looking for OGRE_Volume...
[2.934s] -- Found OGRE_Volume: optimized;/usr/lib/x86_64-linux-gnu/libOgreVolume.so;debug;/usr/lib/x86_64-linux-gnu/libOgreVolume.so
[2.934s] -- Looking for OGRE_Overlay...
[2.953s] -- Found OGRE_Overlay: optimized;/usr/lib/x86_64-linux-gnu/libOgreOverlay.so;debug;/usr/lib/x86_64-linux-gnu/libOgreOverlay.so
[3.326s] -- Looking for ignition-math6 -- found version 6.15.1
[3.336s] -- Looking for ignition-transport8 -- found version 8.2.1
[3.336s] -- Searching for dependencies of ignition-transport8
[3.372s] -- Found Protobuf: /usr/lib/x86_64-linux-gnu/libprotobuf.so (found suitable version "3.12.4", minimum required is "3") 
[3.395s] -- Config-file not installed for ZeroMQ -- checking for pkg-config
[3.403s] -- Checking for module 'libzmq >= 4'
[3.438s] --   Found libzmq , version 4.3.4
[3.515s] -- Found ZeroMQ: TRUE (Required is at least version "4") 
[3.526s] -- Checking for module 'uuid'
[3.556s] --   Found uuid, version 2.37.2
[3.629s] -- Found UUID: TRUE  
[3.637s] -- Looking for ignition-msgs5 -- found version 5.8.1
[3.638s] -- Searching for dependencies of ignition-msgs5
[3.669s] -- Looking for ignition-math6 -- found version 6.15.1
[3.677s] -- Checking for module 'tinyxml2'
[3.701s] --   Found tinyxml2, version 9.0.0
[3.766s] -- Looking for ignition-msgs5 -- found version 5.8.1
[3.774s] -- Looking for ignition-common3 -- found version 3.14.0
[3.774s] -- Searching for dependencies of ignition-common3
[3.775s] -- Looking for dlfcn.h - found
[3.777s] -- Looking for libdl - found
[3.778s] -- Found DL: TRUE  
[3.799s] -- Found tinyobjloader: /usr/lib/x86_64-linux-gnu/cmake/tinyobjloader/tinyobjloader-config.cmake (found version "2.0.0") 
[3.799s] -- Searching for <ignition-common3> component [graphics]
[3.807s] -- Looking for ignition-common3-graphics -- found version 3.14.0
[3.807s] -- Searching for dependencies of ignition-common3-graphics
[3.808s] -- Looking for ignition-math6 -- found version 6.15.1
[3.816s] -- Looking for ignition-fuel_tools4 -- found version 4.4.0
[3.817s] -- Searching for dependencies of ignition-fuel_tools4
[3.955s] -- Found CURL: /usr/lib/x86_64-linux-gnu/libcurl.so (found version "7.81.0")  
[3.972s] -- Checking for module 'jsoncpp'
[3.992s] --   Found jsoncpp, version 1.9.5
[4.052s] -- Found JSONCPP: TRUE  
[4.061s] -- Checking for module 'libzip'
[4.083s] --   Found libzip, version 1.7.3
[4.144s] -- Found ZIP: TRUE  
[4.144s] -- Looking for ignition-common3 -- found version 3.14.0
[4.145s] -- Looking for ignition-math6 -- found version 6.15.1
[4.145s] -- Looking for ignition-msgs5 -- found version 5.8.1
[4.153s] -- Gazebo version: 11.10
[4.154s] -- Checking for module 'tbb'
[4.175s] --   Found tbb, version 2021.5.0
[4.254s] -- Found ament_lint_auto: 0.12.14 (/opt/ros/humble/share/ament_lint_auto/cmake)
[4.428s] -- Added test 'copyright' to check source files copyright and LICENSE
[4.434s] -- Added test 'cppcheck' to perform static code analysis on C / C++ code
[4.435s] -- Configured cppcheck include dirs: /home/paddy/rrc/xarm_ws/src/xarm_ros2/xarm_gazebo/include
[4.435s] -- Configured cppcheck exclude dirs and/or files: 
[4.437s] -- Added test 'cpplint' to check C / C++ code against the Google style
[4.437s] -- Configured cpplint exclude dirs and/or files: 
[4.439s] -- Added test 'flake8' to check Python code syntax and style conventions
[4.440s] -- Added test 'lint_cmake' to check CMake code style
[4.442s] -- Added test 'pep257' to check Python code against some of the docstring style conventions in PEP 257
[4.445s] -- Added test 'uncrustify' to check C / C++ code style
[4.445s] -- Configured uncrustify additional arguments: 
[4.447s] -- Added test 'xmllint' to check XML markup files
[4.451s] -- Configuring done
[4.491s] -- Generating done
[4.500s] -- Build files have been written to: /home/paddy/rrc/xarm_ws/src/xarm_ros2/build/xarm_gazebo
[4.520s] Invoked command in '/home/paddy/rrc/xarm_ws/src/xarm_ros2/build/xarm_gazebo' returned '0': AMENT_PREFIX_PATH=/home/paddy/rrc/xarm_ws/src/xarm_ros2/install/xarm_controller:/home/paddy/rrc/xarm_ws/src/xarm_ros2/install/xarm_api:/home/paddy/rrc/xarm_ws/src/xarm_ros2/install/xarm_sdk:/home/paddy/rrc/xarm_ws/src/xarm_ros2/install/xarm_msgs:/home/paddy/rrc/xarm_ws/src/xarm_ros2/install/xarm_description:/home/paddy/rrc/xarm_ws/src/xarm_ros2/install/uf_ros_lib:${AMENT_PREFIX_PATH} CMAKE_PREFIX_PATH=/home/paddy/rrc/xarm_ws/src/xarm_ros2/install/xarm_controller:/home/paddy/rrc/xarm_ws/src/xarm_ros2/install/xarm_api:/home/paddy/rrc/xarm_ws/src/xarm_ros2/install/xarm_sdk:/home/paddy/rrc/xarm_ws/src/xarm_ros2/install/xarm_msgs:/home/paddy/rrc/xarm_ws/src/xarm_ros2/install/xarm_description:/home/paddy/rrc/xarm_ws/install/xarm_sdk:/home/paddy/rrc/xarm_ws/install/xarm_description:/home/paddy/rrc/xarm_ws/install/realsense2_camera:/home/paddy/rrc/xarm_ws/install/mbot_demo:/home/paddy/rrc/xarm_ws/install/librealsense2:/home/paddy/rrc/xarm_ws/install/xarm_planner:/home/paddy/rrc/xarm_ws/install/xarm_moveit_servo:/home/paddy/rrc/xarm_ws/install/xarm_moveit_config:/home/paddy/rrc/xarm_ws/install/xarm_gazebo:/home/paddy/rrc/xarm_ws/install/xarm_controller:/home/paddy/rrc/xarm_ws/install/d435i_xarm_setup:/home/paddy/rrc/xarm_ws/install/xarm_api:/home/paddy/rrc/xarm_ws/install/xarm_msgs:/home/paddy/rrc/xarm_ws/install/realsense_gazebo_plugin:/home/paddy/rrc/xarm_ws/install/realsense2_rviz_plugin:/home/paddy/rrc/xarm_ws/install/realsense2_description:/home/paddy/rrc/xarm_ws/install/realsense2_camera_msgs:/opt/ros/humble:/home/paddy/rrc/xarm_ws/install/uf_ros_lib:/home/paddy/rrc/xarm_ws/install/realsense2_ros_mqtt_bridge LD_LIBRARY_PATH=/home/paddy/rrc/xarm_ws/src/xarm_ros2/install/xarm_controller/lib:/home/paddy/rrc/xarm_ws/src/xarm_ros2/install/xarm_api/lib:/home/paddy/rrc/xarm_ws/src/xarm_ros2/install/xarm_sdk/lib:/home/paddy/rrc/xarm_ws/src/xarm_ros2/install/xarm_msgs/lib:${LD_LIBRARY_PATH} PYTHONPATH=/home/paddy/rrc/xarm_ws/src/xarm_ros2/install/xarm_msgs/local/lib/python3.10/dist-packages:/home/paddy/rrc/xarm_ws/src/xarm_ros2/install/uf_ros_lib/lib/python3.10/site-packages:${PYTHONPATH} /usr/bin/cmake /home/paddy/rrc/xarm_ws/src/xarm_ros2/xarm_gazebo -DCMAKE_INSTALL_PREFIX=/home/paddy/rrc/xarm_ws/src/xarm_ros2/install/xarm_gazebo
[4.522s] Invoking command in '/home/paddy/rrc/xarm_ws/src/xarm_ros2/build/xarm_gazebo': AMENT_PREFIX_PATH=/home/paddy/rrc/xarm_ws/src/xarm_ros2/install/xarm_controller:/home/paddy/rrc/xarm_ws/src/xarm_ros2/install/xarm_api:/home/paddy/rrc/xarm_ws/src/xarm_ros2/install/xarm_sdk:/home/paddy/rrc/xarm_ws/src/xarm_ros2/install/xarm_msgs:/home/paddy/rrc/xarm_ws/src/xarm_ros2/install/xarm_description:/home/paddy/rrc/xarm_ws/src/xarm_ros2/install/uf_ros_lib:${AMENT_PREFIX_PATH} CMAKE_PREFIX_PATH=/home/paddy/rrc/xarm_ws/src/xarm_ros2/install/xarm_controller:/home/paddy/rrc/xarm_ws/src/xarm_ros2/install/xarm_api:/home/paddy/rrc/xarm_ws/src/xarm_ros2/install/xarm_sdk:/home/paddy/rrc/xarm_ws/src/xarm_ros2/install/xarm_msgs:/home/paddy/rrc/xarm_ws/src/xarm_ros2/install/xarm_description:/home/paddy/rrc/xarm_ws/install/xarm_sdk:/home/paddy/rrc/xarm_ws/install/xarm_description:/home/paddy/rrc/xarm_ws/install/realsense2_camera:/home/paddy/rrc/xarm_ws/install/mbot_demo:/home/paddy/rrc/xarm_ws/install/librealsense2:/home/paddy/rrc/xarm_ws/install/xarm_planner:/home/paddy/rrc/xarm_ws/install/xarm_moveit_servo:/home/paddy/rrc/xarm_ws/install/xarm_moveit_config:/home/paddy/rrc/xarm_ws/install/xarm_gazebo:/home/paddy/rrc/xarm_ws/install/xarm_controller:/home/paddy/rrc/xarm_ws/install/d435i_xarm_setup:/home/paddy/rrc/xarm_ws/install/xarm_api:/home/paddy/rrc/xarm_ws/install/xarm_msgs:/home/paddy/rrc/xarm_ws/install/realsense_gazebo_plugin:/home/paddy/rrc/xarm_ws/install/realsense2_rviz_plugin:/home/paddy/rrc/xarm_ws/install/realsense2_description:/home/paddy/rrc/xarm_ws/install/realsense2_camera_msgs:/opt/ros/humble:/home/paddy/rrc/xarm_ws/install/uf_ros_lib:/home/paddy/rrc/xarm_ws/install/realsense2_ros_mqtt_bridge LD_LIBRARY_PATH=/home/paddy/rrc/xarm_ws/src/xarm_ros2/install/xarm_controller/lib:/home/paddy/rrc/xarm_ws/src/xarm_ros2/install/xarm_api/lib:/home/paddy/rrc/xarm_ws/src/xarm_ros2/install/xarm_sdk/lib:/home/paddy/rrc/xarm_ws/src/xarm_ros2/install/xarm_msgs/lib:${LD_LIBRARY_PATH} PYTHONPATH=/home/paddy/rrc/xarm_ws/src/xarm_ros2/install/xarm_msgs/local/lib/python3.10/dist-packages:/home/paddy/rrc/xarm_ws/src/xarm_ros2/install/uf_ros_lib/lib/python3.10/site-packages:${PYTHONPATH} /usr/bin/cmake --build /home/paddy/rrc/xarm_ws/src/xarm_ros2/build/xarm_gazebo -- -j16 -l16
[4.623s] [ 50%] [32mBuilding CXX object CMakeFiles/gazebo_mimic_joint_plugin.dir/src/mimic_joint_plugin.cpp.o[0m
[19.956s] [100%] [32m[1mLinking CXX shared library libgazebo_mimic_joint_plugin.so[0m
[20.610s] [100%] Built target gazebo_mimic_joint_plugin
[20.628s] Invoked command in '/home/paddy/rrc/xarm_ws/src/xarm_ros2/build/xarm_gazebo' returned '0': AMENT_PREFIX_PATH=/home/paddy/rrc/xarm_ws/src/xarm_ros2/install/xarm_controller:/home/paddy/rrc/xarm_ws/src/xarm_ros2/install/xarm_api:/home/paddy/rrc/xarm_ws/src/xarm_ros2/install/xarm_sdk:/home/paddy/rrc/xarm_ws/src/xarm_ros2/install/xarm_msgs:/home/paddy/rrc/xarm_ws/src/xarm_ros2/install/xarm_description:/home/paddy/rrc/xarm_ws/src/xarm_ros2/install/uf_ros_lib:${AMENT_PREFIX_PATH} CMAKE_PREFIX_PATH=/home/paddy/rrc/xarm_ws/src/xarm_ros2/install/xarm_controller:/home/paddy/rrc/xarm_ws/src/xarm_ros2/install/xarm_api:/home/paddy/rrc/xarm_ws/src/xarm_ros2/install/xarm_sdk:/home/paddy/rrc/xarm_ws/src/xarm_ros2/install/xarm_msgs:/home/paddy/rrc/xarm_ws/src/xarm_ros2/install/xarm_description:/home/paddy/rrc/xarm_ws/install/xarm_sdk:/home/paddy/rrc/xarm_ws/install/xarm_description:/home/paddy/rrc/xarm_ws/install/realsense2_camera:/home/paddy/rrc/xarm_ws/install/mbot_demo:/home/paddy/rrc/xarm_ws/install/librealsense2:/home/paddy/rrc/xarm_ws/install/xarm_planner:/home/paddy/rrc/xarm_ws/install/xarm_moveit_servo:/home/paddy/rrc/xarm_ws/install/xarm_moveit_config:/home/paddy/rrc/xarm_ws/install/xarm_gazebo:/home/paddy/rrc/xarm_ws/install/xarm_controller:/home/paddy/rrc/xarm_ws/install/d435i_xarm_setup:/home/paddy/rrc/xarm_ws/install/xarm_api:/home/paddy/rrc/xarm_ws/install/xarm_msgs:/home/paddy/rrc/xarm_ws/install/realsense_gazebo_plugin:/home/paddy/rrc/xarm_ws/install/realsense2_rviz_plugin:/home/paddy/rrc/xarm_ws/install/realsense2_description:/home/paddy/rrc/xarm_ws/install/realsense2_camera_msgs:/opt/ros/humble:/home/paddy/rrc/xarm_ws/install/uf_ros_lib:/home/paddy/rrc/xarm_ws/install/realsense2_ros_mqtt_bridge LD_LIBRARY_PATH=/home/paddy/rrc/xarm_ws/src/xarm_ros2/install/xarm_controller/lib:/home/paddy/rrc/xarm_ws/src/xarm_ros2/install/xarm_api/lib:/home/paddy/rrc/xarm_ws/src/xarm_ros2/install/xarm_sdk/lib:/home/paddy/rrc/xarm_ws/src/xarm_ros2/install/xarm_msgs/lib:${LD_LIBRARY_PATH} PYTHONPATH=/home/paddy/rrc/xarm_ws/src/xarm_ros2/install/xarm_msgs/local/lib/python3.10/dist-packages:/home/paddy/rrc/xarm_ws/src/xarm_ros2/install/uf_ros_lib/lib/python3.10/site-packages:${PYTHONPATH} /usr/bin/cmake --build /home/paddy/rrc/xarm_ws/src/xarm_ros2/build/xarm_gazebo -- -j16 -l16
[20.630s] Invoking command in '/home/paddy/rrc/xarm_ws/src/xarm_ros2/build/xarm_gazebo': AMENT_PREFIX_PATH=/home/paddy/rrc/xarm_ws/src/xarm_ros2/install/xarm_controller:/home/paddy/rrc/xarm_ws/src/xarm_ros2/install/xarm_api:/home/paddy/rrc/xarm_ws/src/xarm_ros2/install/xarm_sdk:/home/paddy/rrc/xarm_ws/src/xarm_ros2/install/xarm_msgs:/home/paddy/rrc/xarm_ws/src/xarm_ros2/install/xarm_description:/home/paddy/rrc/xarm_ws/src/xarm_ros2/install/uf_ros_lib:${AMENT_PREFIX_PATH} CMAKE_PREFIX_PATH=/home/paddy/rrc/xarm_ws/src/xarm_ros2/install/xarm_controller:/home/paddy/rrc/xarm_ws/src/xarm_ros2/install/xarm_api:/home/paddy/rrc/xarm_ws/src/xarm_ros2/install/xarm_sdk:/home/paddy/rrc/xarm_ws/src/xarm_ros2/install/xarm_msgs:/home/paddy/rrc/xarm_ws/src/xarm_ros2/install/xarm_description:/home/paddy/rrc/xarm_ws/install/xarm_sdk:/home/paddy/rrc/xarm_ws/install/xarm_description:/home/paddy/rrc/xarm_ws/install/realsense2_camera:/home/paddy/rrc/xarm_ws/install/mbot_demo:/home/paddy/rrc/xarm_ws/install/librealsense2:/home/paddy/rrc/xarm_ws/install/xarm_planner:/home/paddy/rrc/xarm_ws/install/xarm_moveit_servo:/home/paddy/rrc/xarm_ws/install/xarm_moveit_config:/home/paddy/rrc/xarm_ws/install/xarm_gazebo:/home/paddy/rrc/xarm_ws/install/xarm_controller:/home/paddy/rrc/xarm_ws/install/d435i_xarm_setup:/home/paddy/rrc/xarm_ws/install/xarm_api:/home/paddy/rrc/xarm_ws/install/xarm_msgs:/home/paddy/rrc/xarm_ws/install/realsense_gazebo_plugin:/home/paddy/rrc/xarm_ws/install/realsense2_rviz_plugin:/home/paddy/rrc/xarm_ws/install/realsense2_description:/home/paddy/rrc/xarm_ws/install/realsense2_camera_msgs:/opt/ros/humble:/home/paddy/rrc/xarm_ws/install/uf_ros_lib:/home/paddy/rrc/xarm_ws/install/realsense2_ros_mqtt_bridge LD_LIBRARY_PATH=/home/paddy/rrc/xarm_ws/src/xarm_ros2/install/xarm_controller/lib:/home/paddy/rrc/xarm_ws/src/xarm_ros2/install/xarm_api/lib:/home/paddy/rrc/xarm_ws/src/xarm_ros2/install/xarm_sdk/lib:/home/paddy/rrc/xarm_ws/src/xarm_ros2/install/xarm_msgs/lib:${LD_LIBRARY_PATH} PYTHONPATH=/home/paddy/rrc/xarm_ws/src/xarm_ros2/install/xarm_msgs/local/lib/python3.10/dist-packages:/home/paddy/rrc/xarm_ws/src/xarm_ros2/install/uf_ros_lib/lib/python3.10/site-packages:${PYTHONPATH} /usr/bin/cmake --install /home/paddy/rrc/xarm_ws/src/xarm_ros2/build/xarm_gazebo
[20.642s] -- Install configuration: ""
[20.642s] -- Installing: /home/paddy/rrc/xarm_ws/src/xarm_ros2/install/xarm_gazebo/include
[20.643s] -- Installing: /home/paddy/rrc/xarm_ws/src/xarm_ros2/install/xarm_gazebo/include/xarm_gazebo
[20.643s] -- Installing: /home/paddy/rrc/xarm_ws/src/xarm_ros2/install/xarm_gazebo/include/xarm_gazebo/mimic_joint_plugin.h
[20.643s] -- Installing: /home/paddy/rrc/xarm_ws/src/xarm_ros2/install/xarm_gazebo/lib/libgazebo_mimic_joint_plugin.so
[20.646s] -- Set runtime path of "/home/paddy/rrc/xarm_ws/src/xarm_ros2/install/xarm_gazebo/lib/libgazebo_mimic_joint_plugin.so" to ""
[20.647s] -- Installing: /home/paddy/rrc/xarm_ws/src/xarm_ros2/install/xarm_gazebo/share/xarm_gazebo//worlds
[20.647s] -- Installing: /home/paddy/rrc/xarm_ws/src/xarm_ros2/install/xarm_gazebo/share/xarm_gazebo//worlds/table.world
[20.647s] -- Installing: /home/paddy/rrc/xarm_ws/src/xarm_ros2/install/xarm_gazebo/share/xarm_gazebo//launch
[20.647s] -- Installing: /home/paddy/rrc/xarm_ws/src/xarm_ros2/install/xarm_gazebo/share/xarm_gazebo//launch/_robot_beside_table_gazebo.launch.py
[20.648s] -- Installing: /home/paddy/rrc/xarm_ws/src/xarm_ros2/install/xarm_gazebo/share/xarm_gazebo//launch/xarm5_beside_table_gazebo.launch.py
[20.648s] -- Installing: /home/paddy/rrc/xarm_ws/src/xarm_ros2/install/xarm_gazebo/share/xarm_gazebo//launch/xarm6_beside_table_gazebo.launch.py
[20.648s] -- Installing: /home/paddy/rrc/xarm_ws/src/xarm_ros2/install/xarm_gazebo/share/xarm_gazebo//launch/lite6_beside_table_gazebo.launch.py
[20.648s] -- Installing: /home/paddy/rrc/xarm_ws/src/xarm_ros2/install/xarm_gazebo/share/xarm_gazebo//launch/_dual_robot_beside_table_gazebo.launch.py
[20.649s] -- Installing: /home/paddy/rrc/xarm_ws/src/xarm_ros2/install/xarm_gazebo/share/xarm_gazebo//launch/_robot_beside_table_ignition.launch.py
[20.649s] -- Installing: /home/paddy/rrc/xarm_ws/src/xarm_ros2/install/xarm_gazebo/share/xarm_gazebo//launch/uf850_beside_table_gazebo.launch.py
[20.649s] -- Installing: /home/paddy/rrc/xarm_ws/src/xarm_ros2/install/xarm_gazebo/share/xarm_gazebo//launch/xarm7_beside_table_gazebo.launch.py
[20.650s] -- Installing: /home/paddy/rrc/xarm_ws/src/xarm_ros2/install/xarm_gazebo/share/xarm_gazebo//launch/xarm7_mirror_beside_table_gazebo.launch.py
[20.650s] -- Installing: /home/paddy/rrc/xarm_ws/src/xarm_ros2/install/xarm_gazebo/share/ament_index/resource_index/package_run_dependencies/xarm_gazebo
[20.650s] -- Installing: /home/paddy/rrc/xarm_ws/src/xarm_ros2/install/xarm_gazebo/share/ament_index/resource_index/parent_prefix_path/xarm_gazebo
[20.651s] -- Installing: /home/paddy/rrc/xarm_ws/src/xarm_ros2/install/xarm_gazebo/share/xarm_gazebo/environment/ament_prefix_path.sh
[20.651s] -- Installing: /home/paddy/rrc/xarm_ws/src/xarm_ros2/install/xarm_gazebo/share/xarm_gazebo/environment/ament_prefix_path.dsv
[20.651s] -- Installing: /home/paddy/rrc/xarm_ws/src/xarm_ros2/install/xarm_gazebo/share/xarm_gazebo/environment/path.sh
[20.651s] -- Installing: /home/paddy/rrc/xarm_ws/src/xarm_ros2/install/xarm_gazebo/share/xarm_gazebo/environment/path.dsv
[20.652s] -- Installing: /home/paddy/rrc/xarm_ws/src/xarm_ros2/install/xarm_gazebo/share/xarm_gazebo/local_setup.bash
[20.652s] -- Installing: /home/paddy/rrc/xarm_ws/src/xarm_ros2/install/xarm_gazebo/share/xarm_gazebo/local_setup.sh
[20.652s] -- Installing: /home/paddy/rrc/xarm_ws/src/xarm_ros2/install/xarm_gazebo/share/xarm_gazebo/local_setup.zsh
[20.652s] -- Installing: /home/paddy/rrc/xarm_ws/src/xarm_ros2/install/xarm_gazebo/share/xarm_gazebo/local_setup.dsv
[20.652s] -- Installing: /home/paddy/rrc/xarm_ws/src/xarm_ros2/install/xarm_gazebo/share/xarm_gazebo/package.dsv
[20.653s] -- Installing: /home/paddy/rrc/xarm_ws/src/xarm_ros2/install/xarm_gazebo/share/ament_index/resource_index/packages/xarm_gazebo
[20.653s] -- Installing: /home/paddy/rrc/xarm_ws/src/xarm_ros2/install/xarm_gazebo/share/xarm_gazebo/cmake/xarm_gazeboConfig.cmake
[20.653s] -- Installing: /home/paddy/rrc/xarm_ws/src/xarm_ros2/install/xarm_gazebo/share/xarm_gazebo/cmake/xarm_gazeboConfig-version.cmake
[20.653s] -- Installing: /home/paddy/rrc/xarm_ws/src/xarm_ros2/install/xarm_gazebo/share/xarm_gazebo/package.xml
[20.656s] Invoked command in '/home/paddy/rrc/xarm_ws/src/xarm_ros2/build/xarm_gazebo' returned '0': AMENT_PREFIX_PATH=/home/paddy/rrc/xarm_ws/src/xarm_ros2/install/xarm_controller:/home/paddy/rrc/xarm_ws/src/xarm_ros2/install/xarm_api:/home/paddy/rrc/xarm_ws/src/xarm_ros2/install/xarm_sdk:/home/paddy/rrc/xarm_ws/src/xarm_ros2/install/xarm_msgs:/home/paddy/rrc/xarm_ws/src/xarm_ros2/install/xarm_description:/home/paddy/rrc/xarm_ws/src/xarm_ros2/install/uf_ros_lib:${AMENT_PREFIX_PATH} CMAKE_PREFIX_PATH=/home/paddy/rrc/xarm_ws/src/xarm_ros2/install/xarm_controller:/home/paddy/rrc/xarm_ws/src/xarm_ros2/install/xarm_api:/home/paddy/rrc/xarm_ws/src/xarm_ros2/install/xarm_sdk:/home/paddy/rrc/xarm_ws/src/xarm_ros2/install/xarm_msgs:/home/paddy/rrc/xarm_ws/src/xarm_ros2/install/xarm_description:/home/paddy/rrc/xarm_ws/install/xarm_sdk:/home/paddy/rrc/xarm_ws/install/xarm_description:/home/paddy/rrc/xarm_ws/install/realsense2_camera:/home/paddy/rrc/xarm_ws/install/mbot_demo:/home/paddy/rrc/xarm_ws/install/librealsense2:/home/paddy/rrc/xarm_ws/install/xarm_planner:/home/paddy/rrc/xarm_ws/install/xarm_moveit_servo:/home/paddy/rrc/xarm_ws/install/xarm_moveit_config:/home/paddy/rrc/xarm_ws/install/xarm_gazebo:/home/paddy/rrc/xarm_ws/install/xarm_controller:/home/paddy/rrc/xarm_ws/install/d435i_xarm_setup:/home/paddy/rrc/xarm_ws/install/xarm_api:/home/paddy/rrc/xarm_ws/install/xarm_msgs:/home/paddy/rrc/xarm_ws/install/realsense_gazebo_plugin:/home/paddy/rrc/xarm_ws/install/realsense2_rviz_plugin:/home/paddy/rrc/xarm_ws/install/realsense2_description:/home/paddy/rrc/xarm_ws/install/realsense2_camera_msgs:/opt/ros/humble:/home/paddy/rrc/xarm_ws/install/uf_ros_lib:/home/paddy/rrc/xarm_ws/install/realsense2_ros_mqtt_bridge LD_LIBRARY_PATH=/home/paddy/rrc/xarm_ws/src/xarm_ros2/install/xarm_controller/lib:/home/paddy/rrc/xarm_ws/src/xarm_ros2/install/xarm_api/lib:/home/paddy/rrc/xarm_ws/src/xarm_ros2/install/xarm_sdk/lib:/home/paddy/rrc/xarm_ws/src/xarm_ros2/install/xarm_msgs/lib:${LD_LIBRARY_PATH} PYTHONPATH=/home/paddy/rrc/xarm_ws/src/xarm_ros2/install/xarm_msgs/local/lib/python3.10/dist-packages:/home/paddy/rrc/xarm_ws/src/xarm_ros2/install/uf_ros_lib/lib/python3.10/site-packages:${PYTHONPATH} /usr/bin/cmake --install /home/paddy/rrc/xarm_ws/src/xarm_ros2/build/xarm_gazebo
