[0.092s] Invoking command in '/home/paddy/rrc/xarm_ws/src/xarm_ros2/build/realsense2_description': AMENT_PREFIX_PATH=/home/paddy/rrc/xarm_ws/src/xarm_ros2/install/realsense2_camera_msgs:${AMENT_PREFIX_PATH} CMAKE_PREFIX_PATH=/home/paddy/rrc/xarm_ws/src/xarm_ros2/install/realsense2_camera_msgs:/home/paddy/rrc/xarm_ws/install/xarm_sdk:/home/paddy/rrc/xarm_ws/install/xarm_description:/home/paddy/rrc/xarm_ws/install/realsense2_camera:/home/paddy/rrc/xarm_ws/install/mbot_demo:/home/paddy/rrc/xarm_ws/install/librealsense2:/home/paddy/rrc/xarm_ws/install/xarm_planner:/home/paddy/rrc/xarm_ws/install/xarm_moveit_servo:/home/paddy/rrc/xarm_ws/install/xarm_moveit_config:/home/paddy/rrc/xarm_ws/install/xarm_gazebo:/home/paddy/rrc/xarm_ws/install/xarm_controller:/home/paddy/rrc/xarm_ws/install/d435i_xarm_setup:/home/paddy/rrc/xarm_ws/install/xarm_api:/home/paddy/rrc/xarm_ws/install/xarm_msgs:/home/paddy/rrc/xarm_ws/install/realsense_gazebo_plugin:/home/paddy/rrc/xarm_ws/install/realsense2_rviz_plugin:/home/paddy/rrc/xarm_ws/install/realsense2_description:/home/paddy/rrc/xarm_ws/install/realsense2_camera_msgs:/opt/ros/humble:/home/paddy/rrc/xarm_ws/install/uf_ros_lib:/home/paddy/rrc/xarm_ws/install/realsense2_ros_mqtt_bridge LD_LIBRARY_PATH=/home/paddy/rrc/xarm_ws/src/xarm_ros2/install/realsense2_camera_msgs/lib:${LD_LIBRARY_PATH} PYTHONPATH=/home/paddy/rrc/xarm_ws/src/xarm_ros2/install/realsense2_camera_msgs/local/lib/python3.10/dist-packages:${PYTHONPATH} /usr/bin/cmake /home/paddy/rrc/xarm_ws/src/xarm_ros2/realsense-ros/realsense2_description -DCMAKE_INSTALL_PREFIX=/home/paddy/rrc/xarm_ws/src/xarm_ros2/install/realsense2_description
[0.209s] -- The C compiler identification is GNU 11.4.0
[0.321s] -- The CXX compiler identification is GNU 11.4.0
[0.332s] -- Detecting C compiler ABI info
[0.473s] -- Detecting C compiler ABI info - done
[0.485s] -- Check for working C compiler: /usr/bin/cc - skipped
[0.486s] -- Detecting C compile features
[0.486s] -- Detecting C compile features - done
[0.491s] -- Detecting CXX compiler ABI info
[0.660s] -- Detecting CXX compiler ABI info - done
[0.675s] -- Check for working CXX compiler: /usr/bin/c++ - skipped
[0.676s] -- Detecting CXX compile features
[0.677s] -- Detecting CXX compile features - done
[0.686s] -- Found ament_cmake: 1.3.12 (/opt/ros/humble/share/ament_cmake/cmake)
[1.364s] -- Found Python3: /usr/bin/python3 (found version "3.10.12") found components: Interpreter 
[1.762s] -- Configuring done
[1.768s] -- Generating done
[1.771s] -- Build files have been written to: /home/paddy/rrc/xarm_ws/src/xarm_ros2/build/realsense2_description
[1.783s] Invoked command in '/home/paddy/rrc/xarm_ws/src/xarm_ros2/build/realsense2_description' returned '0': AMENT_PREFIX_PATH=/home/paddy/rrc/xarm_ws/src/xarm_ros2/install/realsense2_camera_msgs:${AMENT_PREFIX_PATH} CMAKE_PREFIX_PATH=/home/paddy/rrc/xarm_ws/src/xarm_ros2/install/realsense2_camera_msgs:/home/paddy/rrc/xarm_ws/install/xarm_sdk:/home/paddy/rrc/xarm_ws/install/xarm_description:/home/paddy/rrc/xarm_ws/install/realsense2_camera:/home/paddy/rrc/xarm_ws/install/mbot_demo:/home/paddy/rrc/xarm_ws/install/librealsense2:/home/paddy/rrc/xarm_ws/install/xarm_planner:/home/paddy/rrc/xarm_ws/install/xarm_moveit_servo:/home/paddy/rrc/xarm_ws/install/xarm_moveit_config:/home/paddy/rrc/xarm_ws/install/xarm_gazebo:/home/paddy/rrc/xarm_ws/install/xarm_controller:/home/paddy/rrc/xarm_ws/install/d435i_xarm_setup:/home/paddy/rrc/xarm_ws/install/xarm_api:/home/paddy/rrc/xarm_ws/install/xarm_msgs:/home/paddy/rrc/xarm_ws/install/realsense_gazebo_plugin:/home/paddy/rrc/xarm_ws/install/realsense2_rviz_plugin:/home/paddy/rrc/xarm_ws/install/realsense2_description:/home/paddy/rrc/xarm_ws/install/realsense2_camera_msgs:/opt/ros/humble:/home/paddy/rrc/xarm_ws/install/uf_ros_lib:/home/paddy/rrc/xarm_ws/install/realsense2_ros_mqtt_bridge LD_LIBRARY_PATH=/home/paddy/rrc/xarm_ws/src/xarm_ros2/install/realsense2_camera_msgs/lib:${LD_LIBRARY_PATH} PYTHONPATH=/home/paddy/rrc/xarm_ws/src/xarm_ros2/install/realsense2_camera_msgs/local/lib/python3.10/dist-packages:${PYTHONPATH} /usr/bin/cmake /home/paddy/rrc/xarm_ws/src/xarm_ros2/realsense-ros/realsense2_description -DCMAKE_INSTALL_PREFIX=/home/paddy/rrc/xarm_ws/src/xarm_ros2/install/realsense2_description
[1.787s] Invoking command in '/home/paddy/rrc/xarm_ws/src/xarm_ros2/build/realsense2_description': AMENT_PREFIX_PATH=/home/paddy/rrc/xarm_ws/src/xarm_ros2/install/realsense2_camera_msgs:${AMENT_PREFIX_PATH} CMAKE_PREFIX_PATH=/home/paddy/rrc/xarm_ws/src/xarm_ros2/install/realsense2_camera_msgs:/home/paddy/rrc/xarm_ws/install/xarm_sdk:/home/paddy/rrc/xarm_ws/install/xarm_description:/home/paddy/rrc/xarm_ws/install/realsense2_camera:/home/paddy/rrc/xarm_ws/install/mbot_demo:/home/paddy/rrc/xarm_ws/install/librealsense2:/home/paddy/rrc/xarm_ws/install/xarm_planner:/home/paddy/rrc/xarm_ws/install/xarm_moveit_servo:/home/paddy/rrc/xarm_ws/install/xarm_moveit_config:/home/paddy/rrc/xarm_ws/install/xarm_gazebo:/home/paddy/rrc/xarm_ws/install/xarm_controller:/home/paddy/rrc/xarm_ws/install/d435i_xarm_setup:/home/paddy/rrc/xarm_ws/install/xarm_api:/home/paddy/rrc/xarm_ws/install/xarm_msgs:/home/paddy/rrc/xarm_ws/install/realsense_gazebo_plugin:/home/paddy/rrc/xarm_ws/install/realsense2_rviz_plugin:/home/paddy/rrc/xarm_ws/install/realsense2_description:/home/paddy/rrc/xarm_ws/install/realsense2_camera_msgs:/opt/ros/humble:/home/paddy/rrc/xarm_ws/install/uf_ros_lib:/home/paddy/rrc/xarm_ws/install/realsense2_ros_mqtt_bridge LD_LIBRARY_PATH=/home/paddy/rrc/xarm_ws/src/xarm_ros2/install/realsense2_camera_msgs/lib:${LD_LIBRARY_PATH} PYTHONPATH=/home/paddy/rrc/xarm_ws/src/xarm_ros2/install/realsense2_camera_msgs/local/lib/python3.10/dist-packages:${PYTHONPATH} /usr/bin/cmake --build /home/paddy/rrc/xarm_ws/src/xarm_ros2/build/realsense2_description -- -j16 -l16
[1.875s] Invoked command in '/home/paddy/rrc/xarm_ws/src/xarm_ros2/build/realsense2_description' returned '0': AMENT_PREFIX_PATH=/home/paddy/rrc/xarm_ws/src/xarm_ros2/install/realsense2_camera_msgs:${AMENT_PREFIX_PATH} CMAKE_PREFIX_PATH=/home/paddy/rrc/xarm_ws/src/xarm_ros2/install/realsense2_camera_msgs:/home/paddy/rrc/xarm_ws/install/xarm_sdk:/home/paddy/rrc/xarm_ws/install/xarm_description:/home/paddy/rrc/xarm_ws/install/realsense2_camera:/home/paddy/rrc/xarm_ws/install/mbot_demo:/home/paddy/rrc/xarm_ws/install/librealsense2:/home/paddy/rrc/xarm_ws/install/xarm_planner:/home/paddy/rrc/xarm_ws/install/xarm_moveit_servo:/home/paddy/rrc/xarm_ws/install/xarm_moveit_config:/home/paddy/rrc/xarm_ws/install/xarm_gazebo:/home/paddy/rrc/xarm_ws/install/xarm_controller:/home/paddy/rrc/xarm_ws/install/d435i_xarm_setup:/home/paddy/rrc/xarm_ws/install/xarm_api:/home/paddy/rrc/xarm_ws/install/xarm_msgs:/home/paddy/rrc/xarm_ws/install/realsense_gazebo_plugin:/home/paddy/rrc/xarm_ws/install/realsense2_rviz_plugin:/home/paddy/rrc/xarm_ws/install/realsense2_description:/home/paddy/rrc/xarm_ws/install/realsense2_camera_msgs:/opt/ros/humble:/home/paddy/rrc/xarm_ws/install/uf_ros_lib:/home/paddy/rrc/xarm_ws/install/realsense2_ros_mqtt_bridge LD_LIBRARY_PATH=/home/paddy/rrc/xarm_ws/src/xarm_ros2/install/realsense2_camera_msgs/lib:${LD_LIBRARY_PATH} PYTHONPATH=/home/paddy/rrc/xarm_ws/src/xarm_ros2/install/realsense2_camera_msgs/local/lib/python3.10/dist-packages:${PYTHONPATH} /usr/bin/cmake --build /home/paddy/rrc/xarm_ws/src/xarm_ros2/build/realsense2_description -- -j16 -l16
[1.877s] Invoking command in '/home/paddy/rrc/xarm_ws/src/xarm_ros2/build/realsense2_description': AMENT_PREFIX_PATH=/home/paddy/rrc/xarm_ws/src/xarm_ros2/install/realsense2_camera_msgs:${AMENT_PREFIX_PATH} CMAKE_PREFIX_PATH=/home/paddy/rrc/xarm_ws/src/xarm_ros2/install/realsense2_camera_msgs:/home/paddy/rrc/xarm_ws/install/xarm_sdk:/home/paddy/rrc/xarm_ws/install/xarm_description:/home/paddy/rrc/xarm_ws/install/realsense2_camera:/home/paddy/rrc/xarm_ws/install/mbot_demo:/home/paddy/rrc/xarm_ws/install/librealsense2:/home/paddy/rrc/xarm_ws/install/xarm_planner:/home/paddy/rrc/xarm_ws/install/xarm_moveit_servo:/home/paddy/rrc/xarm_ws/install/xarm_moveit_config:/home/paddy/rrc/xarm_ws/install/xarm_gazebo:/home/paddy/rrc/xarm_ws/install/xarm_controller:/home/paddy/rrc/xarm_ws/install/d435i_xarm_setup:/home/paddy/rrc/xarm_ws/install/xarm_api:/home/paddy/rrc/xarm_ws/install/xarm_msgs:/home/paddy/rrc/xarm_ws/install/realsense_gazebo_plugin:/home/paddy/rrc/xarm_ws/install/realsense2_rviz_plugin:/home/paddy/rrc/xarm_ws/install/realsense2_description:/home/paddy/rrc/xarm_ws/install/realsense2_camera_msgs:/opt/ros/humble:/home/paddy/rrc/xarm_ws/install/uf_ros_lib:/home/paddy/rrc/xarm_ws/install/realsense2_ros_mqtt_bridge LD_LIBRARY_PATH=/home/paddy/rrc/xarm_ws/src/xarm_ros2/install/realsense2_camera_msgs/lib:${LD_LIBRARY_PATH} PYTHONPATH=/home/paddy/rrc/xarm_ws/src/xarm_ros2/install/realsense2_camera_msgs/local/lib/python3.10/dist-packages:${PYTHONPATH} /usr/bin/cmake --install /home/paddy/rrc/xarm_ws/src/xarm_ros2/build/realsense2_description
[1.898s] -- Install configuration: ""
[1.898s] -- Installing: /home/paddy/rrc/xarm_ws/src/xarm_ros2/install/realsense2_description/share/realsense2_description/launch
[1.898s] -- Installing: /home/paddy/rrc/xarm_ws/src/xarm_ros2/install/realsense2_description/share/realsense2_description/launch/launch_utils.py
[1.899s] -- Installing: /home/paddy/rrc/xarm_ws/src/xarm_ros2/install/realsense2_description/share/realsense2_description/launch/view_model.launch.py
[1.899s] -- Installing: /home/paddy/rrc/xarm_ws/src/xarm_ros2/install/realsense2_description/share/realsense2_description/meshes
[1.899s] -- Installing: /home/paddy/rrc/xarm_ws/src/xarm_ros2/install/realsense2_description/share/realsense2_description/meshes/l515.dae
[1.973s] -- Installing: /home/paddy/rrc/xarm_ws/src/xarm_ros2/install/realsense2_description/share/realsense2_description/meshes/d405.stl
[1.973s] -- Installing: /home/paddy/rrc/xarm_ws/src/xarm_ros2/install/realsense2_description/share/realsense2_description/meshes/d415.stl
[2.021s] -- Installing: /home/paddy/rrc/xarm_ws/src/xarm_ros2/install/realsense2_description/share/realsense2_description/meshes/plug_collision.stl
[2.021s] -- Installing: /home/paddy/rrc/xarm_ws/src/xarm_ros2/install/realsense2_description/share/realsense2_description/meshes/d585.stl
[2.036s] -- Installing: /home/paddy/rrc/xarm_ws/src/xarm_ros2/install/realsense2_description/share/realsense2_description/meshes/plug.stl
[2.037s] -- Installing: /home/paddy/rrc/xarm_ws/src/xarm_ros2/install/realsense2_description/share/realsense2_description/meshes/d435.dae
[2.073s] -- Installing: /home/paddy/rrc/xarm_ws/src/xarm_ros2/install/realsense2_description/share/realsense2_description/meshes/d455.stl
[2.078s] -- Installing: /home/paddy/rrc/xarm_ws/src/xarm_ros2/install/realsense2_description/share/realsense2_description/rviz
[2.079s] -- Installing: /home/paddy/rrc/xarm_ws/src/xarm_ros2/install/realsense2_description/share/realsense2_description/rviz/urdf.rviz
[2.079s] -- Installing: /home/paddy/rrc/xarm_ws/src/xarm_ros2/install/realsense2_description/share/realsense2_description/urdf
[2.079s] -- Installing: /home/paddy/rrc/xarm_ws/src/xarm_ros2/install/realsense2_description/share/realsense2_description/urdf/_usb_plug.urdf.xacro
[2.079s] -- Installing: /home/paddy/rrc/xarm_ws/src/xarm_ros2/install/realsense2_description/share/realsense2_description/urdf/test_r430_camera.urdf.xacro
[2.079s] -- Installing: /home/paddy/rrc/xarm_ws/src/xarm_ros2/install/realsense2_description/share/realsense2_description/urdf/_d405.urdf.xacro
[2.080s] -- Installing: /home/paddy/rrc/xarm_ws/src/xarm_ros2/install/realsense2_description/share/realsense2_description/urdf/test_r410_camera.urdf.xacro
[2.080s] -- Installing: /home/paddy/rrc/xarm_ws/src/xarm_ros2/install/realsense2_description/share/realsense2_description/urdf/test_d435_camera.urdf.xacro
[2.080s] -- Installing: /home/paddy/rrc/xarm_ws/src/xarm_ros2/install/realsense2_description/share/realsense2_description/urdf/test_d455_camera.urdf.xacro
[2.080s] -- Installing: /home/paddy/rrc/xarm_ws/src/xarm_ros2/install/realsense2_description/share/realsense2_description/urdf/_d415.urdf.xacro
[2.081s] -- Installing: /home/paddy/rrc/xarm_ws/src/xarm_ros2/install/realsense2_description/share/realsense2_description/urdf/_r410.urdf.xacro
[2.081s] -- Installing: /home/paddy/rrc/xarm_ws/src/xarm_ros2/install/realsense2_description/share/realsense2_description/urdf/_d435.urdf.xacro
[2.081s] -- Installing: /home/paddy/rrc/xarm_ws/src/xarm_ros2/install/realsense2_description/share/realsense2_description/urdf/test_d435i_camera.urdf.xacro
[2.081s] -- Installing: /home/paddy/rrc/xarm_ws/src/xarm_ros2/install/realsense2_description/share/realsense2_description/urdf/_r430.urdf.xacro
[2.082s] -- Installing: /home/paddy/rrc/xarm_ws/src/xarm_ros2/install/realsense2_description/share/realsense2_description/urdf/test_d405_camera.urdf.xacro
[2.082s] -- Installing: /home/paddy/rrc/xarm_ws/src/xarm_ros2/install/realsense2_description/share/realsense2_description/urdf/_d585.urdf.xacro
[2.082s] -- Installing: /home/paddy/rrc/xarm_ws/src/xarm_ros2/install/realsense2_description/share/realsense2_description/urdf/test_d435_multiple_cameras.urdf.xacro
[2.082s] -- Installing: /home/paddy/rrc/xarm_ws/src/xarm_ros2/install/realsense2_description/share/realsense2_description/urdf/_d435i.urdf.xacro
[2.083s] -- Installing: /home/paddy/rrc/xarm_ws/src/xarm_ros2/install/realsense2_description/share/realsense2_description/urdf/test_d585_camera.urdf.xacro
[2.083s] -- Installing: /home/paddy/rrc/xarm_ws/src/xarm_ros2/install/realsense2_description/share/realsense2_description/urdf/_materials.urdf.xacro
[2.083s] -- Installing: /home/paddy/rrc/xarm_ws/src/xarm_ros2/install/realsense2_description/share/realsense2_description/urdf/_d455.urdf.xacro
[2.083s] -- Installing: /home/paddy/rrc/xarm_ws/src/xarm_ros2/install/realsense2_description/share/realsense2_description/urdf/test_d415_camera.urdf.xacro
[2.084s] -- Installing: /home/paddy/rrc/xarm_ws/src/xarm_ros2/install/realsense2_description/share/realsense2_description/urdf/_d435i_imu_modules.urdf.xacro
[2.084s] -- Installing: /home/paddy/rrc/xarm_ws/src/xarm_ros2/install/realsense2_description/share/ament_index/resource_index/package_run_dependencies/realsense2_description
[2.085s] -- Installing: /home/paddy/rrc/xarm_ws/src/xarm_ros2/install/realsense2_description/share/ament_index/resource_index/parent_prefix_path/realsense2_description
[2.085s] -- Installing: /home/paddy/rrc/xarm_ws/src/xarm_ros2/install/realsense2_description/share/realsense2_description/environment/ament_prefix_path.sh
[2.085s] -- Installing: /home/paddy/rrc/xarm_ws/src/xarm_ros2/install/realsense2_description/share/realsense2_description/environment/ament_prefix_path.dsv
[2.086s] -- Installing: /home/paddy/rrc/xarm_ws/src/xarm_ros2/install/realsense2_description/share/realsense2_description/environment/path.sh
[2.086s] -- Installing: /home/paddy/rrc/xarm_ws/src/xarm_ros2/install/realsense2_description/share/realsense2_description/environment/path.dsv
[2.086s] -- Installing: /home/paddy/rrc/xarm_ws/src/xarm_ros2/install/realsense2_description/share/realsense2_description/local_setup.bash
[2.087s] -- Installing: /home/paddy/rrc/xarm_ws/src/xarm_ros2/install/realsense2_description/share/realsense2_description/local_setup.sh
[2.087s] -- Installing: /home/paddy/rrc/xarm_ws/src/xarm_ros2/install/realsense2_description/share/realsense2_description/local_setup.zsh
[2.087s] -- Installing: /home/paddy/rrc/xarm_ws/src/xarm_ros2/install/realsense2_description/share/realsense2_description/local_setup.dsv
[2.088s] -- Installing: /home/paddy/rrc/xarm_ws/src/xarm_ros2/install/realsense2_description/share/realsense2_description/package.dsv
[2.088s] -- Installing: /home/paddy/rrc/xarm_ws/src/xarm_ros2/install/realsense2_description/share/ament_index/resource_index/packages/realsense2_description
[2.088s] -- Installing: /home/paddy/rrc/xarm_ws/src/xarm_ros2/install/realsense2_description/share/realsense2_description/cmake/realsense2_descriptionConfig.cmake
[2.089s] -- Installing: /home/paddy/rrc/xarm_ws/src/xarm_ros2/install/realsense2_description/share/realsense2_description/cmake/realsense2_descriptionConfig-version.cmake
[2.089s] -- Installing: /home/paddy/rrc/xarm_ws/src/xarm_ros2/install/realsense2_description/share/realsense2_description/package.xml
[2.093s] Invoked command in '/home/paddy/rrc/xarm_ws/src/xarm_ros2/build/realsense2_description' returned '0': AMENT_PREFIX_PATH=/home/paddy/rrc/xarm_ws/src/xarm_ros2/install/realsense2_camera_msgs:${AMENT_PREFIX_PATH} CMAKE_PREFIX_PATH=/home/paddy/rrc/xarm_ws/src/xarm_ros2/install/realsense2_camera_msgs:/home/paddy/rrc/xarm_ws/install/xarm_sdk:/home/paddy/rrc/xarm_ws/install/xarm_description:/home/paddy/rrc/xarm_ws/install/realsense2_camera:/home/paddy/rrc/xarm_ws/install/mbot_demo:/home/paddy/rrc/xarm_ws/install/librealsense2:/home/paddy/rrc/xarm_ws/install/xarm_planner:/home/paddy/rrc/xarm_ws/install/xarm_moveit_servo:/home/paddy/rrc/xarm_ws/install/xarm_moveit_config:/home/paddy/rrc/xarm_ws/install/xarm_gazebo:/home/paddy/rrc/xarm_ws/install/xarm_controller:/home/paddy/rrc/xarm_ws/install/d435i_xarm_setup:/home/paddy/rrc/xarm_ws/install/xarm_api:/home/paddy/rrc/xarm_ws/install/xarm_msgs:/home/paddy/rrc/xarm_ws/install/realsense_gazebo_plugin:/home/paddy/rrc/xarm_ws/install/realsense2_rviz_plugin:/home/paddy/rrc/xarm_ws/install/realsense2_description:/home/paddy/rrc/xarm_ws/install/realsense2_camera_msgs:/opt/ros/humble:/home/paddy/rrc/xarm_ws/install/uf_ros_lib:/home/paddy/rrc/xarm_ws/install/realsense2_ros_mqtt_bridge LD_LIBRARY_PATH=/home/paddy/rrc/xarm_ws/src/xarm_ros2/install/realsense2_camera_msgs/lib:${LD_LIBRARY_PATH} PYTHONPATH=/home/paddy/rrc/xarm_ws/src/xarm_ros2/install/realsense2_camera_msgs/local/lib/python3.10/dist-packages:${PYTHONPATH} /usr/bin/cmake --install /home/paddy/rrc/xarm_ws/src/xarm_ros2/build/realsense2_description
