[0.706s] Invoking command in '/home/paddy/rrc/xarm_ws/src/xarm_ros2/build/realsense_gazebo_plugin': CMAKE_PREFIX_PATH=${CMAKE_PREFIX_PATH}:/home/paddy/rrc/xarm_ws/src/xarm_ros2/install/uf_ros_lib:/home/paddy/rrc/xarm_ws/src/xarm_ros2/install/realsense2_ros_mqtt_bridge:/opt/ros/humble:/home/paddy/rrc/xarm_ws/install/uf_ros_lib:/home/paddy/rrc/xarm_ws/install/realsense2_ros_mqtt_bridge /usr/bin/cmake --build /home/paddy/rrc/xarm_ws/src/xarm_ros2/build/realsense_gazebo_plugin -- -j16 -l16
[0.897s] [35m[1mConsolidate compiler generated dependencies of target realsense_gazebo_plugin[0m
[0.957s] [100%] Built target realsense_gazebo_plugin
[0.977s] Invoked command in '/home/paddy/rrc/xarm_ws/src/xarm_ros2/build/realsense_gazebo_plugin' returned '0': CMAKE_PREFIX_PATH=${CMAKE_PREFIX_PATH}:/home/paddy/rrc/xarm_ws/src/xarm_ros2/install/uf_ros_lib:/home/paddy/rrc/xarm_ws/src/xarm_ros2/install/realsense2_ros_mqtt_bridge:/opt/ros/humble:/home/paddy/rrc/xarm_ws/install/uf_ros_lib:/home/paddy/rrc/xarm_ws/install/realsense2_ros_mqtt_bridge /usr/bin/cmake --build /home/paddy/rrc/xarm_ws/src/xarm_ros2/build/realsense_gazebo_plugin -- -j16 -l16
[0.977s] Invoking command in '/home/paddy/rrc/xarm_ws/src/xarm_ros2/build/realsense_gazebo_plugin': CMAKE_PREFIX_PATH=${CMAKE_PREFIX_PATH}:/home/paddy/rrc/xarm_ws/src/xarm_ros2/install/uf_ros_lib:/home/paddy/rrc/xarm_ws/src/xarm_ros2/install/realsense2_ros_mqtt_bridge:/opt/ros/humble:/home/paddy/rrc/xarm_ws/install/uf_ros_lib:/home/paddy/rrc/xarm_ws/install/realsense2_ros_mqtt_bridge /usr/bin/cmake --install /home/paddy/rrc/xarm_ws/src/xarm_ros2/build/realsense_gazebo_plugin
[0.978s] -- Install configuration: ""
[0.978s] -- Up-to-date: /home/paddy/rrc/xarm_ws/src/xarm_ros2/install/realsense_gazebo_plugin/lib/librealsense_gazebo_plugin.so
[0.979s] -- Up-to-date: /home/paddy/rrc/xarm_ws/src/xarm_ros2/install/realsense_gazebo_plugin/include/
[0.979s] -- Up-to-date: /home/paddy/rrc/xarm_ws/src/xarm_ros2/install/realsense_gazebo_plugin/include//realsense_gazebo_plugin
[0.979s] -- Up-to-date: /home/paddy/rrc/xarm_ws/src/xarm_ros2/install/realsense_gazebo_plugin/include//realsense_gazebo_plugin/RealSensePlugin.h
[0.979s] -- Up-to-date: /home/paddy/rrc/xarm_ws/src/xarm_ros2/install/realsense_gazebo_plugin/include//realsense_gazebo_plugin/gazebo_ros_realsense.h
[0.979s] -- Up-to-date: /home/paddy/rrc/xarm_ws/src/xarm_ros2/install/realsense_gazebo_plugin/share/realsense_gazebo_plugin/environment/library_path.sh
[0.979s] -- Up-to-date: /home/paddy/rrc/xarm_ws/src/xarm_ros2/install/realsense_gazebo_plugin/share/realsense_gazebo_plugin/environment/library_path.dsv
[0.980s] -- Up-to-date: /home/paddy/rrc/xarm_ws/src/xarm_ros2/install/realsense_gazebo_plugin/share/ament_index/resource_index/package_run_dependencies/realsense_gazebo_plugin
[0.981s] -- Up-to-date: /home/paddy/rrc/xarm_ws/src/xarm_ros2/install/realsense_gazebo_plugin/share/ament_index/resource_index/parent_prefix_path/realsense_gazebo_plugin
[0.981s] -- Up-to-date: /home/paddy/rrc/xarm_ws/src/xarm_ros2/install/realsense_gazebo_plugin/share/realsense_gazebo_plugin/environment/ament_prefix_path.sh
[0.981s] -- Up-to-date: /home/paddy/rrc/xarm_ws/src/xarm_ros2/install/realsense_gazebo_plugin/share/realsense_gazebo_plugin/environment/ament_prefix_path.dsv
[0.981s] -- Up-to-date: /home/paddy/rrc/xarm_ws/src/xarm_ros2/install/realsense_gazebo_plugin/share/realsense_gazebo_plugin/environment/path.sh
[0.981s] -- Up-to-date: /home/paddy/rrc/xarm_ws/src/xarm_ros2/install/realsense_gazebo_plugin/share/realsense_gazebo_plugin/environment/path.dsv
[0.982s] -- Up-to-date: /home/paddy/rrc/xarm_ws/src/xarm_ros2/install/realsense_gazebo_plugin/share/realsense_gazebo_plugin/local_setup.bash
[0.982s] -- Up-to-date: /home/paddy/rrc/xarm_ws/src/xarm_ros2/install/realsense_gazebo_plugin/share/realsense_gazebo_plugin/local_setup.sh
[0.982s] -- Up-to-date: /home/paddy/rrc/xarm_ws/src/xarm_ros2/install/realsense_gazebo_plugin/share/realsense_gazebo_plugin/local_setup.zsh
[0.982s] -- Up-to-date: /home/paddy/rrc/xarm_ws/src/xarm_ros2/install/realsense_gazebo_plugin/share/realsense_gazebo_plugin/local_setup.dsv
[0.982s] -- Installing: /home/paddy/rrc/xarm_ws/src/xarm_ros2/install/realsense_gazebo_plugin/share/realsense_gazebo_plugin/package.dsv
[0.982s] -- Up-to-date: /home/paddy/rrc/xarm_ws/src/xarm_ros2/install/realsense_gazebo_plugin/share/ament_index/resource_index/packages/realsense_gazebo_plugin
[0.982s] -- Up-to-date: /home/paddy/rrc/xarm_ws/src/xarm_ros2/install/realsense_gazebo_plugin/share/realsense_gazebo_plugin/cmake/ament_cmake_export_include_directories-extras.cmake
[0.982s] -- Up-to-date: /home/paddy/rrc/xarm_ws/src/xarm_ros2/install/realsense_gazebo_plugin/share/realsense_gazebo_plugin/cmake/ament_cmake_export_libraries-extras.cmake
[0.982s] -- Up-to-date: /home/paddy/rrc/xarm_ws/src/xarm_ros2/install/realsense_gazebo_plugin/share/realsense_gazebo_plugin/cmake/realsense_gazebo_pluginConfig.cmake
[0.982s] -- Up-to-date: /home/paddy/rrc/xarm_ws/src/xarm_ros2/install/realsense_gazebo_plugin/share/realsense_gazebo_plugin/cmake/realsense_gazebo_pluginConfig-version.cmake
[0.983s] -- Up-to-date: /home/paddy/rrc/xarm_ws/src/xarm_ros2/install/realsense_gazebo_plugin/share/realsense_gazebo_plugin/package.xml
[1.023s] Invoked command in '/home/paddy/rrc/xarm_ws/src/xarm_ros2/build/realsense_gazebo_plugin' returned '0': CMAKE_PREFIX_PATH=${CMAKE_PREFIX_PATH}:/home/paddy/rrc/xarm_ws/src/xarm_ros2/install/uf_ros_lib:/home/paddy/rrc/xarm_ws/src/xarm_ros2/install/realsense2_ros_mqtt_bridge:/opt/ros/humble:/home/paddy/rrc/xarm_ws/install/uf_ros_lib:/home/paddy/rrc/xarm_ws/install/realsense2_ros_mqtt_bridge /usr/bin/cmake --install /home/paddy/rrc/xarm_ws/src/xarm_ros2/build/realsense_gazebo_plugin
