/home/paddy/rrc/xarm_ws/src/xarm_ros2/install/uf_ros_lib/lib/python3.10/site-packages/uf_ros_lib/uf_robot_utils.py
/home/paddy/rrc/xarm_ws/src/xarm_ros2/install/uf_ros_lib/lib/python3.10/site-packages/uf_ros_lib/parameter_descriptions.py
/home/paddy/rrc/xarm_ws/src/xarm_ros2/install/uf_ros_lib/lib/python3.10/site-packages/uf_ros_lib/moveit_configs_builder.py
/home/paddy/rrc/xarm_ws/src/xarm_ros2/install/uf_ros_lib/lib/python3.10/site-packages/uf_ros_lib/__init__.py
/home/paddy/rrc/xarm_ws/src/xarm_ros2/install/uf_ros_lib/lib/python3.10/site-packages/uf_ros_lib/substitutions/common.py
/home/paddy/rrc/xarm_ws/src/xarm_ros2/install/uf_ros_lib/lib/python3.10/site-packages/uf_ros_lib/substitutions/kinematics.py
/home/paddy/rrc/xarm_ws/src/xarm_ros2/install/uf_ros_lib/lib/python3.10/site-packages/uf_ros_lib/substitutions/controllers.py
/home/paddy/rrc/xarm_ws/src/xarm_ros2/install/uf_ros_lib/lib/python3.10/site-packages/uf_ros_lib/substitutions/planning_pipelines.py
/home/paddy/rrc/xarm_ws/src/xarm_ros2/install/uf_ros_lib/lib/python3.10/site-packages/uf_ros_lib/substitutions/__init__.py
/home/paddy/rrc/xarm_ws/src/xarm_ros2/install/uf_ros_lib/lib/python3.10/site-packages/uf_ros_lib/substitutions/joint_limits.py
/home/paddy/rrc/xarm_ws/src/xarm_ros2/install/uf_ros_lib/lib/python3.10/site-packages/uf_ros_lib/__pycache__/uf_robot_utils.cpython-310.pyc
/home/paddy/rrc/xarm_ws/src/xarm_ros2/install/uf_ros_lib/lib/python3.10/site-packages/uf_ros_lib/__pycache__/parameter_descriptions.cpython-310.pyc
/home/paddy/rrc/xarm_ws/src/xarm_ros2/install/uf_ros_lib/lib/python3.10/site-packages/uf_ros_lib/__pycache__/moveit_configs_builder.cpython-310.pyc
/home/paddy/rrc/xarm_ws/src/xarm_ros2/install/uf_ros_lib/lib/python3.10/site-packages/uf_ros_lib/__pycache__/__init__.cpython-310.pyc
/home/paddy/rrc/xarm_ws/src/xarm_ros2/install/uf_ros_lib/lib/python3.10/site-packages/uf_ros_lib/substitutions/__pycache__/common.cpython-310.pyc
/home/paddy/rrc/xarm_ws/src/xarm_ros2/install/uf_ros_lib/lib/python3.10/site-packages/uf_ros_lib/substitutions/__pycache__/kinematics.cpython-310.pyc
/home/paddy/rrc/xarm_ws/src/xarm_ros2/install/uf_ros_lib/lib/python3.10/site-packages/uf_ros_lib/substitutions/__pycache__/controllers.cpython-310.pyc
/home/paddy/rrc/xarm_ws/src/xarm_ros2/install/uf_ros_lib/lib/python3.10/site-packages/uf_ros_lib/substitutions/__pycache__/planning_pipelines.cpython-310.pyc
/home/paddy/rrc/xarm_ws/src/xarm_ros2/install/uf_ros_lib/lib/python3.10/site-packages/uf_ros_lib/substitutions/__pycache__/__init__.cpython-310.pyc
/home/paddy/rrc/xarm_ws/src/xarm_ros2/install/uf_ros_lib/lib/python3.10/site-packages/uf_ros_lib/substitutions/__pycache__/joint_limits.cpython-310.pyc
/home/paddy/rrc/xarm_ws/src/xarm_ros2/install/uf_ros_lib/share/ament_index/resource_index/packages/uf_ros_lib
/home/paddy/rrc/xarm_ws/src/xarm_ros2/install/uf_ros_lib/share/uf_ros_lib/package.xml
/home/paddy/rrc/xarm_ws/src/xarm_ros2/install/uf_ros_lib/lib/python3.10/site-packages/uf_ros_lib-0.0.0-py3.10.egg-info/dependency_links.txt
/home/paddy/rrc/xarm_ws/src/xarm_ros2/install/uf_ros_lib/lib/python3.10/site-packages/uf_ros_lib-0.0.0-py3.10.egg-info/top_level.txt
/home/paddy/rrc/xarm_ws/src/xarm_ros2/install/uf_ros_lib/lib/python3.10/site-packages/uf_ros_lib-0.0.0-py3.10.egg-info/PKG-INFO
/home/paddy/rrc/xarm_ws/src/xarm_ros2/install/uf_ros_lib/lib/python3.10/site-packages/uf_ros_lib-0.0.0-py3.10.egg-info/SOURCES.txt
/home/paddy/rrc/xarm_ws/src/xarm_ros2/install/uf_ros_lib/lib/python3.10/site-packages/uf_ros_lib-0.0.0-py3.10.egg-info/requires.txt
/home/paddy/rrc/xarm_ws/src/xarm_ros2/install/uf_ros_lib/lib/python3.10/site-packages/uf_ros_lib-0.0.0-py3.10.egg-info/zip-safe
