[0.108s] Invoking command in '/home/paddy/rrc/xarm_ws/src/xarm_ros2/build/realsense2_camera': AMENT_PREFIX_PATH=/home/paddy/rrc/xarm_ws/src/xarm_ros2/install/realsense2_camera_msgs:${AMENT_PREFIX_PATH} CMAKE_PREFIX_PATH=/home/paddy/rrc/xarm_ws/src/xarm_ros2/install/realsense2_camera_msgs:/home/paddy/rrc/xarm_ws/install/xarm_sdk:/home/paddy/rrc/xarm_ws/install/xarm_description:/home/paddy/rrc/xarm_ws/install/realsense2_camera:/home/paddy/rrc/xarm_ws/install/mbot_demo:/home/paddy/rrc/xarm_ws/install/librealsense2:/home/paddy/rrc/xarm_ws/install/xarm_planner:/home/paddy/rrc/xarm_ws/install/xarm_moveit_servo:/home/paddy/rrc/xarm_ws/install/xarm_moveit_config:/home/paddy/rrc/xarm_ws/install/xarm_gazebo:/home/paddy/rrc/xarm_ws/install/xarm_controller:/home/paddy/rrc/xarm_ws/install/d435i_xarm_setup:/home/paddy/rrc/xarm_ws/install/xarm_api:/home/paddy/rrc/xarm_ws/install/xarm_msgs:/home/paddy/rrc/xarm_ws/install/realsense_gazebo_plugin:/home/paddy/rrc/xarm_ws/install/realsense2_rviz_plugin:/home/paddy/rrc/xarm_ws/install/realsense2_description:/home/paddy/rrc/xarm_ws/install/realsense2_camera_msgs:/opt/ros/humble:/home/paddy/rrc/xarm_ws/install/uf_ros_lib:/home/paddy/rrc/xarm_ws/install/realsense2_ros_mqtt_bridge LD_LIBRARY_PATH=/home/paddy/rrc/xarm_ws/src/xarm_ros2/install/realsense2_camera_msgs/lib:${LD_LIBRARY_PATH} PYTHONPATH=/home/paddy/rrc/xarm_ws/src/xarm_ros2/install/realsense2_camera_msgs/local/lib/python3.10/dist-packages:${PYTHONPATH} /usr/bin/cmake /home/paddy/rrc/xarm_ws/src/xarm_ros2/realsense-ros/realsense2_camera -DCMAKE_INSTALL_PREFIX=/home/paddy/rrc/xarm_ws/src/xarm_ros2/install/realsense2_camera
[0.204s] -- The C compiler identification is GNU 11.4.0
[0.327s] -- The CXX compiler identification is GNU 11.4.0
[0.339s] -- Detecting C compiler ABI info
[0.477s] -- Detecting C compiler ABI info - done
[0.495s] -- Check for working C compiler: /usr/bin/cc - skipped
[0.495s] -- Detecting C compile features
[0.495s] -- Detecting C compile features - done
[0.499s] -- Detecting CXX compiler ABI info
[0.670s] -- Detecting CXX compiler ABI info - done
[0.704s] -- Check for working CXX compiler: /usr/bin/c++ - skipped
[0.704s] -- Detecting CXX compile features
[0.709s] -- Detecting CXX compile features - done
[0.711s] -- Create Release Build.
[0.726s] -- Found ament_cmake: 1.3.12 (/opt/ros/humble/share/ament_cmake/cmake)
[1.405s] -- Found Python3: /usr/bin/python3 (found version "3.10.12") found components: Interpreter 
[1.674s] -- Found builtin_interfaces: 1.2.2 (/opt/ros/humble/share/builtin_interfaces/cmake)
[1.774s] -- Found rosidl_generator_c: 3.1.7 (/opt/ros/humble/share/rosidl_generator_c/cmake)
[1.793s] -- Found rosidl_adapter: 3.1.7 (/opt/ros/humble/share/rosidl_adapter/cmake)
[1.819s] -- Found rosidl_generator_cpp: 3.1.7 (/opt/ros/humble/share/rosidl_generator_cpp/cmake)
[1.856s] -- Using all available rosidl_typesupport_c: rosidl_typesupport_fastrtps_c;rosidl_typesupport_introspection_c
[1.904s] -- Using all available rosidl_typesupport_cpp: rosidl_typesupport_fastrtps_cpp;rosidl_typesupport_introspection_cpp
[1.951s] -- Found cv_bridge: 3.2.1 (/opt/ros/humble/share/cv_bridge/cmake)
[2.091s] -- Found image_transport: 3.1.12 (/opt/ros/humble/share/image_transport/cmake)
[2.234s] -- Found rmw_implementation_cmake: 6.1.2 (/opt/ros/humble/share/rmw_implementation_cmake/cmake)
[2.245s] -- Found rmw_fastrtps_cpp: 6.2.9 (/opt/ros/humble/share/rmw_fastrtps_cpp/cmake)
[2.479s] -- Found OpenSSL: /usr/lib/x86_64-linux-gnu/libcrypto.so (found version "3.0.2")  
[2.551s] -- Found FastRTPS: /opt/ros/humble/include  
[2.655s] -- Using RMW implementation 'rmw_fastrtps_cpp' as default
[2.689s] -- Looking for pthread.h
[2.882s] -- Looking for pthread.h - found
[2.882s] -- Performing Test CMAKE_HAVE_LIBC_PTHREAD
[3.097s] -- Performing Test CMAKE_HAVE_LIBC_PTHREAD - Success
[3.110s] -- Found Threads: TRUE  
[3.346s] -- Found rclcpp_action: 16.0.15 (/opt/ros/humble/share/rclcpp_action/cmake)
[3.447s] -- Found rclcpp_components: 16.0.15 (/opt/ros/humble/share/rclcpp_components/cmake)
[3.496s] -- Found realsense2_camera_msgs: 4.57.0 (/home/paddy/rrc/xarm_ws/src/xarm_ros2/install/realsense2_camera_msgs/share/realsense2_camera_msgs/cmake)
[3.549s] -- Found std_srvs: 4.9.0 (/opt/ros/humble/share/std_srvs/cmake)
[3.586s] -- Found nav_msgs: 4.9.0 (/opt/ros/humble/share/nav_msgs/cmake)
[3.630s] -- Found tf2_ros: 0.25.16 (/opt/ros/humble/share/tf2_ros/cmake)
[3.734s] -- Found diagnostic_updater: 4.0.6 (/opt/ros/humble/share/diagnostic_updater/cmake)
[3.875s] -- Found OpenCV: /usr (found version "4.5.4") found components: core 
[3.884s] -- Build for ROS2 Humble
[3.910s] -- Found ament_cmake_gtest: 1.3.12 (/opt/ros/humble/share/ament_cmake_gtest/cmake)
[3.933s] -- Found gtest sources under '/opt/ros/humble/src/gtest_vendor': C++ tests using 'Google Test' will be built
[3.971s] -- Found ament_cmake_pytest: 1.3.12 (/opt/ros/humble/share/ament_cmake_pytest/cmake)
[17.786s] -- rs_device_info:
[17.791s] --  18/11 15:53:22,633 ERROR [124387760850816] (context.cpp:40) No valid configuration file found at : /home/paddy/.realsense-config.json loading defaults
[17.791s] Device Name                   Serial Number       Firmware Version
[17.791s] Intel RealSense D455          341522302002        5.13.0.55
[17.792s] 
[17.792s] -- D455 device found
[25.008s] -- Configuring done
[25.039s] -- Generating done
[25.047s] -- Build files have been written to: /home/paddy/rrc/xarm_ws/src/xarm_ros2/build/realsense2_camera
[25.070s] Invoked command in '/home/paddy/rrc/xarm_ws/src/xarm_ros2/build/realsense2_camera' returned '0': AMENT_PREFIX_PATH=/home/paddy/rrc/xarm_ws/src/xarm_ros2/install/realsense2_camera_msgs:${AMENT_PREFIX_PATH} CMAKE_PREFIX_PATH=/home/paddy/rrc/xarm_ws/src/xarm_ros2/install/realsense2_camera_msgs:/home/paddy/rrc/xarm_ws/install/xarm_sdk:/home/paddy/rrc/xarm_ws/install/xarm_description:/home/paddy/rrc/xarm_ws/install/realsense2_camera:/home/paddy/rrc/xarm_ws/install/mbot_demo:/home/paddy/rrc/xarm_ws/install/librealsense2:/home/paddy/rrc/xarm_ws/install/xarm_planner:/home/paddy/rrc/xarm_ws/install/xarm_moveit_servo:/home/paddy/rrc/xarm_ws/install/xarm_moveit_config:/home/paddy/rrc/xarm_ws/install/xarm_gazebo:/home/paddy/rrc/xarm_ws/install/xarm_controller:/home/paddy/rrc/xarm_ws/install/d435i_xarm_setup:/home/paddy/rrc/xarm_ws/install/xarm_api:/home/paddy/rrc/xarm_ws/install/xarm_msgs:/home/paddy/rrc/xarm_ws/install/realsense_gazebo_plugin:/home/paddy/rrc/xarm_ws/install/realsense2_rviz_plugin:/home/paddy/rrc/xarm_ws/install/realsense2_description:/home/paddy/rrc/xarm_ws/install/realsense2_camera_msgs:/opt/ros/humble:/home/paddy/rrc/xarm_ws/install/uf_ros_lib:/home/paddy/rrc/xarm_ws/install/realsense2_ros_mqtt_bridge LD_LIBRARY_PATH=/home/paddy/rrc/xarm_ws/src/xarm_ros2/install/realsense2_camera_msgs/lib:${LD_LIBRARY_PATH} PYTHONPATH=/home/paddy/rrc/xarm_ws/src/xarm_ros2/install/realsense2_camera_msgs/local/lib/python3.10/dist-packages:${PYTHONPATH} /usr/bin/cmake /home/paddy/rrc/xarm_ws/src/xarm_ros2/realsense-ros/realsense2_camera -DCMAKE_INSTALL_PREFIX=/home/paddy/rrc/xarm_ws/src/xarm_ros2/install/realsense2_camera
[25.072s] Invoking command in '/home/paddy/rrc/xarm_ws/src/xarm_ros2/build/realsense2_camera': AMENT_PREFIX_PATH=/home/paddy/rrc/xarm_ws/src/xarm_ros2/install/realsense2_camera_msgs:${AMENT_PREFIX_PATH} CMAKE_PREFIX_PATH=/home/paddy/rrc/xarm_ws/src/xarm_ros2/install/realsense2_camera_msgs:/home/paddy/rrc/xarm_ws/install/xarm_sdk:/home/paddy/rrc/xarm_ws/install/xarm_description:/home/paddy/rrc/xarm_ws/install/realsense2_camera:/home/paddy/rrc/xarm_ws/install/mbot_demo:/home/paddy/rrc/xarm_ws/install/librealsense2:/home/paddy/rrc/xarm_ws/install/xarm_planner:/home/paddy/rrc/xarm_ws/install/xarm_moveit_servo:/home/paddy/rrc/xarm_ws/install/xarm_moveit_config:/home/paddy/rrc/xarm_ws/install/xarm_gazebo:/home/paddy/rrc/xarm_ws/install/xarm_controller:/home/paddy/rrc/xarm_ws/install/d435i_xarm_setup:/home/paddy/rrc/xarm_ws/install/xarm_api:/home/paddy/rrc/xarm_ws/install/xarm_msgs:/home/paddy/rrc/xarm_ws/install/realsense_gazebo_plugin:/home/paddy/rrc/xarm_ws/install/realsense2_rviz_plugin:/home/paddy/rrc/xarm_ws/install/realsense2_description:/home/paddy/rrc/xarm_ws/install/realsense2_camera_msgs:/opt/ros/humble:/home/paddy/rrc/xarm_ws/install/uf_ros_lib:/home/paddy/rrc/xarm_ws/install/realsense2_ros_mqtt_bridge LD_LIBRARY_PATH=/home/paddy/rrc/xarm_ws/src/xarm_ros2/install/realsense2_camera_msgs/lib:${LD_LIBRARY_PATH} PYTHONPATH=/home/paddy/rrc/xarm_ws/src/xarm_ros2/install/realsense2_camera_msgs/local/lib/python3.10/dist-packages:${PYTHONPATH} /usr/bin/cmake --build /home/paddy/rrc/xarm_ws/src/xarm_ros2/build/realsense2_camera -- -j16 -l16
[25.150s] [  7%] [32mBuilding CXX object gtest/CMakeFiles/gtest_main.dir/src/gtest_main.cc.o[0m
[25.150s] [  7%] [32mBuilding CXX object CMakeFiles/realsense2_camera_node.dir/rclcpp_components/node_main_realsense2_camera_node.cpp.o[0m
[25.150s] [ 11%] [32mBuilding CXX object CMakeFiles/realsense2_camera.dir/src/base_realsense_node.cpp.o[0m
[25.150s] [ 15%] [32mBuilding CXX object CMakeFiles/realsense2_camera.dir/src/parameters.cpp.o[0m
[25.151s] [ 19%] [32mBuilding CXX object CMakeFiles/realsense2_camera.dir/src/realsense_node_factory.cpp.o[0m
[25.151s] [ 23%] [32mBuilding CXX object CMakeFiles/realsense2_camera.dir/src/rs_node_setup.cpp.o[0m
[25.153s] [ 26%] [32mBuilding CXX object gtest/CMakeFiles/gtest.dir/src/gtest-all.cc.o[0m
[25.153s] [ 30%] [32mBuilding CXX object CMakeFiles/realsense2_camera.dir/src/pointcloud_filter.cpp.o[0m
[25.153s] [ 38%] [32mBuilding CXX object CMakeFiles/realsense2_camera.dir/src/named_filter.cpp.o[0m
[25.156s] [ 38%] [32mBuilding CXX object CMakeFiles/realsense2_camera.dir/src/ros_utils.cpp.o[0m
[25.156s] [ 42%] [32mBuilding CXX object CMakeFiles/realsense2_camera.dir/src/ros_sensor.cpp.o[0m
[25.162s] [ 46%] [32mBuilding CXX object CMakeFiles/realsense2_camera.dir/src/dynamic_params.cpp.o[0m
[25.163s] [ 50%] [32mBuilding CXX object CMakeFiles/realsense2_camera.dir/src/align_depth_filter.cpp.o[0m
[25.164s] [ 53%] [32mBuilding CXX object CMakeFiles/realsense2_camera.dir/src/sensor_params.cpp.o[0m
[25.164s] [ 57%] [32mBuilding CXX object CMakeFiles/realsense2_camera.dir/src/profile_manager.cpp.o[0m
[25.166s] [ 61%] [32mBuilding CXX object CMakeFiles/realsense2_camera.dir/src/image_publisher.cpp.o[0m
[27.392s] [ 65%] [32m[1mLinking CXX static library libgtest_main.a[0m
[27.726s] [ 65%] Built target gtest_main
[27.774s] [ 69%] [32mBuilding CXX object CMakeFiles/realsense2_camera.dir/src/tfs.cpp.o[0m
[34.918s] [ 73%] [32mBuilding CXX object CMakeFiles/realsense2_camera.dir/src/actions.cpp.o[0m
[35.919s] [ 76%] [32m[1mLinking CXX executable realsense2_camera_node[0m
[36.537s] [ 76%] Built target realsense2_camera_node
[36.580s] [ 80%] [32mBuilding CXX object CMakeFiles/realsense2_camera.dir/src/safety.cpp.o[0m
[36.586s] [ 84%] [32mBuilding CXX object CMakeFiles/realsense2_camera.dir/src/ros_param_backend.cpp.o[0m
[41.567s] [ 88%] [32m[1mLinking CXX static library libgtest.a[0m
[41.834s] [ 88%] Built target gtest
[41.887s] [ 92%] [32mBuilding CXX object CMakeFiles/gtest_template.dir/test/gtest_template.cpp.o[0m
[43.095s] [ 96%] [32m[1mLinking CXX executable gtest_template[0m
[43.247s] [ 96%] Built target gtest_template
[54.401s] [100%] [32m[1mLinking CXX shared library librealsense2_camera.so[0m
[55.260s] [100%] Built target realsense2_camera
[55.284s] Invoked command in '/home/paddy/rrc/xarm_ws/src/xarm_ros2/build/realsense2_camera' returned '0': AMENT_PREFIX_PATH=/home/paddy/rrc/xarm_ws/src/xarm_ros2/install/realsense2_camera_msgs:${AMENT_PREFIX_PATH} CMAKE_PREFIX_PATH=/home/paddy/rrc/xarm_ws/src/xarm_ros2/install/realsense2_camera_msgs:/home/paddy/rrc/xarm_ws/install/xarm_sdk:/home/paddy/rrc/xarm_ws/install/xarm_description:/home/paddy/rrc/xarm_ws/install/realsense2_camera:/home/paddy/rrc/xarm_ws/install/mbot_demo:/home/paddy/rrc/xarm_ws/install/librealsense2:/home/paddy/rrc/xarm_ws/install/xarm_planner:/home/paddy/rrc/xarm_ws/install/xarm_moveit_servo:/home/paddy/rrc/xarm_ws/install/xarm_moveit_config:/home/paddy/rrc/xarm_ws/install/xarm_gazebo:/home/paddy/rrc/xarm_ws/install/xarm_controller:/home/paddy/rrc/xarm_ws/install/d435i_xarm_setup:/home/paddy/rrc/xarm_ws/install/xarm_api:/home/paddy/rrc/xarm_ws/install/xarm_msgs:/home/paddy/rrc/xarm_ws/install/realsense_gazebo_plugin:/home/paddy/rrc/xarm_ws/install/realsense2_rviz_plugin:/home/paddy/rrc/xarm_ws/install/realsense2_description:/home/paddy/rrc/xarm_ws/install/realsense2_camera_msgs:/opt/ros/humble:/home/paddy/rrc/xarm_ws/install/uf_ros_lib:/home/paddy/rrc/xarm_ws/install/realsense2_ros_mqtt_bridge LD_LIBRARY_PATH=/home/paddy/rrc/xarm_ws/src/xarm_ros2/install/realsense2_camera_msgs/lib:${LD_LIBRARY_PATH} PYTHONPATH=/home/paddy/rrc/xarm_ws/src/xarm_ros2/install/realsense2_camera_msgs/local/lib/python3.10/dist-packages:${PYTHONPATH} /usr/bin/cmake --build /home/paddy/rrc/xarm_ws/src/xarm_ros2/build/realsense2_camera -- -j16 -l16
[55.286s] Invoking command in '/home/paddy/rrc/xarm_ws/src/xarm_ros2/build/realsense2_camera': AMENT_PREFIX_PATH=/home/paddy/rrc/xarm_ws/src/xarm_ros2/install/realsense2_camera_msgs:${AMENT_PREFIX_PATH} CMAKE_PREFIX_PATH=/home/paddy/rrc/xarm_ws/src/xarm_ros2/install/realsense2_camera_msgs:/home/paddy/rrc/xarm_ws/install/xarm_sdk:/home/paddy/rrc/xarm_ws/install/xarm_description:/home/paddy/rrc/xarm_ws/install/realsense2_camera:/home/paddy/rrc/xarm_ws/install/mbot_demo:/home/paddy/rrc/xarm_ws/install/librealsense2:/home/paddy/rrc/xarm_ws/install/xarm_planner:/home/paddy/rrc/xarm_ws/install/xarm_moveit_servo:/home/paddy/rrc/xarm_ws/install/xarm_moveit_config:/home/paddy/rrc/xarm_ws/install/xarm_gazebo:/home/paddy/rrc/xarm_ws/install/xarm_controller:/home/paddy/rrc/xarm_ws/install/d435i_xarm_setup:/home/paddy/rrc/xarm_ws/install/xarm_api:/home/paddy/rrc/xarm_ws/install/xarm_msgs:/home/paddy/rrc/xarm_ws/install/realsense_gazebo_plugin:/home/paddy/rrc/xarm_ws/install/realsense2_rviz_plugin:/home/paddy/rrc/xarm_ws/install/realsense2_description:/home/paddy/rrc/xarm_ws/install/realsense2_camera_msgs:/opt/ros/humble:/home/paddy/rrc/xarm_ws/install/uf_ros_lib:/home/paddy/rrc/xarm_ws/install/realsense2_ros_mqtt_bridge LD_LIBRARY_PATH=/home/paddy/rrc/xarm_ws/src/xarm_ros2/install/realsense2_camera_msgs/lib:${LD_LIBRARY_PATH} PYTHONPATH=/home/paddy/rrc/xarm_ws/src/xarm_ros2/install/realsense2_camera_msgs/local/lib/python3.10/dist-packages:${PYTHONPATH} /usr/bin/cmake --install /home/paddy/rrc/xarm_ws/src/xarm_ros2/build/realsense2_camera
[55.299s] -- Install configuration: "Release"
[55.299s] -- Installing: /home/paddy/rrc/xarm_ws/src/xarm_ros2/install/realsense2_camera/share/realsense2_camera/config/global_settings.yaml
[55.300s] -- Installing: /home/paddy/rrc/xarm_ws/src/xarm_ros2/install/realsense2_camera/lib/realsense2_camera/realsense2_camera_node
[55.301s] -- Set runtime path of "/home/paddy/rrc/xarm_ws/src/xarm_ros2/install/realsense2_camera/lib/realsense2_camera/realsense2_camera_node" to ""
[55.301s] -- Installing: /home/paddy/rrc/xarm_ws/src/xarm_ros2/install/realsense2_camera/lib/librealsense2_camera.so
[55.308s] -- Set runtime path of "/home/paddy/rrc/xarm_ws/src/xarm_ros2/install/realsense2_camera/lib/librealsense2_camera.so" to ""
[55.308s] -- Installing: /home/paddy/rrc/xarm_ws/src/xarm_ros2/install/realsense2_camera/include
[55.309s] -- Installing: /home/paddy/rrc/xarm_ws/src/xarm_ros2/install/realsense2_camera/include/constants.h
[55.309s] -- Installing: /home/paddy/rrc/xarm_ws/src/xarm_ros2/install/realsense2_camera/include/base_realsense_node.h
[55.309s] -- Installing: /home/paddy/rrc/xarm_ws/src/xarm_ros2/install/realsense2_camera/include/profile_manager.h
[55.309s] -- Installing: /home/paddy/rrc/xarm_ws/src/xarm_ros2/install/realsense2_camera/include/ros_utils.h
[55.309s] -- Installing: /home/paddy/rrc/xarm_ws/src/xarm_ros2/install/realsense2_camera/include/sensor_params.h
[55.309s] -- Installing: /home/paddy/rrc/xarm_ws/src/xarm_ros2/install/realsense2_camera/include/named_filter.h
[55.310s] -- Installing: /home/paddy/rrc/xarm_ws/src/xarm_ros2/install/realsense2_camera/include/ros_param_backend.h
[55.310s] -- Installing: /home/paddy/rrc/xarm_ws/src/xarm_ros2/install/realsense2_camera/include/gl_window.h
[55.310s] -- Installing: /home/paddy/rrc/xarm_ws/src/xarm_ros2/install/realsense2_camera/include/ros_sensor.h
[55.310s] -- Installing: /home/paddy/rrc/xarm_ws/src/xarm_ros2/install/realsense2_camera/include/realsense_node_factory.h
[55.310s] -- Installing: /home/paddy/rrc/xarm_ws/src/xarm_ros2/install/realsense2_camera/include/dynamic_params.h
[55.310s] -- Installing: /home/paddy/rrc/xarm_ws/src/xarm_ros2/install/realsense2_camera/include/image_publisher.h
[55.311s] -- Installing: /home/paddy/rrc/xarm_ws/src/xarm_ros2/install/realsense2_camera/include/pointcloud_filter.h
[55.311s] -- Installing: /home/paddy/rrc/xarm_ws/src/xarm_ros2/install/realsense2_camera/include/ros_node_base.h
[55.311s] -- Installing: /home/paddy/rrc/xarm_ws/src/xarm_ros2/install/realsense2_camera/include/context_singleton_wrapper.h
[55.311s] -- Installing: /home/paddy/rrc/xarm_ws/src/xarm_ros2/install/realsense2_camera/include/align_depth_filter.h
[55.312s] -- Installing: /home/paddy/rrc/xarm_ws/src/xarm_ros2/install/realsense2_camera/share/realsense2_camera/launch
[55.312s] -- Installing: /home/paddy/rrc/xarm_ws/src/xarm_ros2/install/realsense2_camera/share/realsense2_camera/launch/rs_intra_process_demo_launch.py
[55.312s] -- Installing: /home/paddy/rrc/xarm_ws/src/xarm_ros2/install/realsense2_camera/share/realsense2_camera/launch/rs_multi_camera_launch_sync.py
[55.313s] -- Installing: /home/paddy/rrc/xarm_ws/src/xarm_ros2/install/realsense2_camera/share/realsense2_camera/launch/rs_launch.py
[55.313s] -- Installing: /home/paddy/rrc/xarm_ws/src/xarm_ros2/install/realsense2_camera/share/realsense2_camera/launch/default.rviz
[55.313s] -- Installing: /home/paddy/rrc/xarm_ws/src/xarm_ros2/install/realsense2_camera/share/realsense2_camera/launch/rs_multi_camera_launch.py
[55.314s] -- Installing: /home/paddy/rrc/xarm_ws/src/xarm_ros2/install/realsense2_camera/share/realsense2_camera/examples
[55.314s] -- Installing: /home/paddy/rrc/xarm_ws/src/xarm_ros2/install/realsense2_camera/share/realsense2_camera/examples/launch_from_rosbag
[55.314s] -- Installing: /home/paddy/rrc/xarm_ws/src/xarm_ros2/install/realsense2_camera/share/realsense2_camera/examples/launch_from_rosbag/rs_launch_from_rosbag.py
[55.315s] -- Installing: /home/paddy/rrc/xarm_ws/src/xarm_ros2/install/realsense2_camera/share/realsense2_camera/examples/launch_from_rosbag/README.md
[55.315s] -- Installing: /home/paddy/rrc/xarm_ws/src/xarm_ros2/install/realsense2_camera/share/realsense2_camera/examples/d500_tables
[55.315s] -- Installing: /home/paddy/rrc/xarm_ws/src/xarm_ros2/install/realsense2_camera/share/realsense2_camera/examples/d500_tables/application_config_example.json
[55.316s] -- Installing: /home/paddy/rrc/xarm_ws/src/xarm_ros2/install/realsense2_camera/share/realsense2_camera/examples/d500_tables/safety_preset_example.json
[55.316s] -- Installing: /home/paddy/rrc/xarm_ws/src/xarm_ros2/install/realsense2_camera/share/realsense2_camera/examples/d500_tables/safety_interface_config_example.json
[55.316s] -- Installing: /home/paddy/rrc/xarm_ws/src/xarm_ros2/install/realsense2_camera/share/realsense2_camera/examples/d500_tables/calib_config_example.json
[55.316s] -- Installing: /home/paddy/rrc/xarm_ws/src/xarm_ros2/install/realsense2_camera/share/realsense2_camera/examples/align_depth
[55.317s] -- Installing: /home/paddy/rrc/xarm_ws/src/xarm_ros2/install/realsense2_camera/share/realsense2_camera/examples/align_depth/rs_align_depth_launch.py
[55.317s] -- Installing: /home/paddy/rrc/xarm_ws/src/xarm_ros2/install/realsense2_camera/share/realsense2_camera/examples/align_depth/README.md
[55.317s] -- Installing: /home/paddy/rrc/xarm_ws/src/xarm_ros2/install/realsense2_camera/share/realsense2_camera/examples/launch_params_from_file
[55.317s] -- Installing: /home/paddy/rrc/xarm_ws/src/xarm_ros2/install/realsense2_camera/share/realsense2_camera/examples/launch_params_from_file/config
[55.317s] -- Installing: /home/paddy/rrc/xarm_ws/src/xarm_ros2/install/realsense2_camera/share/realsense2_camera/examples/launch_params_from_file/config/config.yaml
[55.318s] -- Installing: /home/paddy/rrc/xarm_ws/src/xarm_ros2/install/realsense2_camera/share/realsense2_camera/examples/launch_params_from_file/rs_launch_get_params_from_yaml.py
[55.318s] -- Installing: /home/paddy/rrc/xarm_ws/src/xarm_ros2/install/realsense2_camera/share/realsense2_camera/examples/launch_params_from_file/README.md
[55.318s] -- Installing: /home/paddy/rrc/xarm_ws/src/xarm_ros2/install/realsense2_camera/share/realsense2_camera/examples/pointcloud
[55.319s] -- Installing: /home/paddy/rrc/xarm_ws/src/xarm_ros2/install/realsense2_camera/share/realsense2_camera/examples/pointcloud/rs_d405_pointcloud_launch.py
[55.319s] -- Installing: /home/paddy/rrc/xarm_ws/src/xarm_ros2/install/realsense2_camera/share/realsense2_camera/examples/pointcloud/rs_d455_pointcloud_launch.py
[55.319s] -- Installing: /home/paddy/rrc/xarm_ws/src/xarm_ros2/install/realsense2_camera/share/realsense2_camera/examples/pointcloud/rviz
[55.320s] -- Installing: /home/paddy/rrc/xarm_ws/src/xarm_ros2/install/realsense2_camera/share/realsense2_camera/examples/pointcloud/rviz/pointcloud.rviz
[55.320s] -- Installing: /home/paddy/rrc/xarm_ws/src/xarm_ros2/install/realsense2_camera/share/realsense2_camera/examples/pointcloud/rviz/urdf_pointcloud.rviz
[55.320s] -- Installing: /home/paddy/rrc/xarm_ws/src/xarm_ros2/install/realsense2_camera/share/realsense2_camera/examples/pointcloud/rs_pointcloud_launch.py
[55.321s] -- Installing: /home/paddy/rrc/xarm_ws/src/xarm_ros2/install/realsense2_camera/share/realsense2_camera/examples/pointcloud/rs_pointcloud_infra_launch.py
[55.321s] -- Installing: /home/paddy/rrc/xarm_ws/src/xarm_ros2/install/realsense2_camera/share/realsense2_camera/examples/pointcloud/README.md
[55.322s] -- Installing: /home/paddy/rrc/xarm_ws/src/xarm_ros2/install/realsense2_camera/share/realsense2_camera/examples/dual_camera
[55.322s] -- Installing: /home/paddy/rrc/xarm_ws/src/xarm_ros2/install/realsense2_camera/share/realsense2_camera/examples/dual_camera/rviz
[55.322s] -- Installing: /home/paddy/rrc/xarm_ws/src/xarm_ros2/install/realsense2_camera/share/realsense2_camera/examples/dual_camera/rviz/dual_camera_pointcloud.rviz
[55.323s] -- Installing: /home/paddy/rrc/xarm_ws/src/xarm_ros2/install/realsense2_camera/share/realsense2_camera/examples/dual_camera/rs_dual_camera_launch.py
[55.323s] -- Installing: /home/paddy/rrc/xarm_ws/src/xarm_ros2/install/realsense2_camera/share/realsense2_camera/examples/dual_camera/README.md
[55.324s] -- Installing: /home/paddy/rrc/xarm_ws/src/xarm_ros2/install/realsense2_camera/share/realsense2_camera/environment/library_path.sh
[55.324s] -- Installing: /home/paddy/rrc/xarm_ws/src/xarm_ros2/install/realsense2_camera/share/realsense2_camera/environment/library_path.dsv
[55.325s] -- Installing: /home/paddy/rrc/xarm_ws/src/xarm_ros2/install/realsense2_camera/share/ament_index/resource_index/package_run_dependencies/realsense2_camera
[55.325s] -- Installing: /home/paddy/rrc/xarm_ws/src/xarm_ros2/install/realsense2_camera/share/ament_index/resource_index/parent_prefix_path/realsense2_camera
[55.326s] -- Installing: /home/paddy/rrc/xarm_ws/src/xarm_ros2/install/realsense2_camera/share/realsense2_camera/environment/ament_prefix_path.sh
[55.326s] -- Installing: /home/paddy/rrc/xarm_ws/src/xarm_ros2/install/realsense2_camera/share/realsense2_camera/environment/ament_prefix_path.dsv
[55.327s] -- Installing: /home/paddy/rrc/xarm_ws/src/xarm_ros2/install/realsense2_camera/share/realsense2_camera/environment/path.sh
[55.327s] -- Installing: /home/paddy/rrc/xarm_ws/src/xarm_ros2/install/realsense2_camera/share/realsense2_camera/environment/path.dsv
[55.327s] -- Installing: /home/paddy/rrc/xarm_ws/src/xarm_ros2/install/realsense2_camera/share/realsense2_camera/local_setup.bash
[55.328s] -- Installing: /home/paddy/rrc/xarm_ws/src/xarm_ros2/install/realsense2_camera/share/realsense2_camera/local_setup.sh
[55.328s] -- Installing: /home/paddy/rrc/xarm_ws/src/xarm_ros2/install/realsense2_camera/share/realsense2_camera/local_setup.zsh
[55.328s] -- Installing: /home/paddy/rrc/xarm_ws/src/xarm_ros2/install/realsense2_camera/share/realsense2_camera/local_setup.dsv
[55.328s] -- Installing: /home/paddy/rrc/xarm_ws/src/xarm_ros2/install/realsense2_camera/share/realsense2_camera/package.dsv
[55.328s] -- Installing: /home/paddy/rrc/xarm_ws/src/xarm_ros2/install/realsense2_camera/share/ament_index/resource_index/packages/realsense2_camera
[55.329s] -- Installing: /home/paddy/rrc/xarm_ws/src/xarm_ros2/install/realsense2_camera/share/ament_index/resource_index/rclcpp_components/realsense2_camera
[55.329s] -- Installing: /home/paddy/rrc/xarm_ws/src/xarm_ros2/install/realsense2_camera/share/realsense2_camera/cmake/ament_cmake_export_include_directories-extras.cmake
[55.329s] -- Installing: /home/paddy/rrc/xarm_ws/src/xarm_ros2/install/realsense2_camera/share/realsense2_camera/cmake/ament_cmake_export_libraries-extras.cmake
[55.330s] -- Installing: /home/paddy/rrc/xarm_ws/src/xarm_ros2/install/realsense2_camera/share/realsense2_camera/cmake/ament_cmake_export_dependencies-extras.cmake
[55.330s] -- Installing: /home/paddy/rrc/xarm_ws/src/xarm_ros2/install/realsense2_camera/share/realsense2_camera/cmake/realsense2_cameraConfig.cmake
[55.330s] -- Installing: /home/paddy/rrc/xarm_ws/src/xarm_ros2/install/realsense2_camera/share/realsense2_camera/cmake/realsense2_cameraConfig-version.cmake
[55.330s] -- Installing: /home/paddy/rrc/xarm_ws/src/xarm_ros2/install/realsense2_camera/share/realsense2_camera/package.xml
[55.335s] Invoked command in '/home/paddy/rrc/xarm_ws/src/xarm_ros2/build/realsense2_camera' returned '0': AMENT_PREFIX_PATH=/home/paddy/rrc/xarm_ws/src/xarm_ros2/install/realsense2_camera_msgs:${AMENT_PREFIX_PATH} CMAKE_PREFIX_PATH=/home/paddy/rrc/xarm_ws/src/xarm_ros2/install/realsense2_camera_msgs:/home/paddy/rrc/xarm_ws/install/xarm_sdk:/home/paddy/rrc/xarm_ws/install/xarm_description:/home/paddy/rrc/xarm_ws/install/realsense2_camera:/home/paddy/rrc/xarm_ws/install/mbot_demo:/home/paddy/rrc/xarm_ws/install/librealsense2:/home/paddy/rrc/xarm_ws/install/xarm_planner:/home/paddy/rrc/xarm_ws/install/xarm_moveit_servo:/home/paddy/rrc/xarm_ws/install/xarm_moveit_config:/home/paddy/rrc/xarm_ws/install/xarm_gazebo:/home/paddy/rrc/xarm_ws/install/xarm_controller:/home/paddy/rrc/xarm_ws/install/d435i_xarm_setup:/home/paddy/rrc/xarm_ws/install/xarm_api:/home/paddy/rrc/xarm_ws/install/xarm_msgs:/home/paddy/rrc/xarm_ws/install/realsense_gazebo_plugin:/home/paddy/rrc/xarm_ws/install/realsense2_rviz_plugin:/home/paddy/rrc/xarm_ws/install/realsense2_description:/home/paddy/rrc/xarm_ws/install/realsense2_camera_msgs:/opt/ros/humble:/home/paddy/rrc/xarm_ws/install/uf_ros_lib:/home/paddy/rrc/xarm_ws/install/realsense2_ros_mqtt_bridge LD_LIBRARY_PATH=/home/paddy/rrc/xarm_ws/src/xarm_ros2/install/realsense2_camera_msgs/lib:${LD_LIBRARY_PATH} PYTHONPATH=/home/paddy/rrc/xarm_ws/src/xarm_ros2/install/realsense2_camera_msgs/local/lib/python3.10/dist-packages:${PYTHONPATH} /usr/bin/cmake --install /home/paddy/rrc/xarm_ws/src/xarm_ros2/build/realsense2_camera
