[1.335s] Invoking command in '/home/paddy/rrc/xarm_ws/src/xarm_ros2/realsense-ros/realsense2_ros_mqtt_bridge': PYTHONPATH=/home/paddy/rrc/xarm_ws/src/xarm_ros2/build/realsense2_ros_mqtt_bridge/prefix_override:/usr/lib/python3/dist-packages/colcon_core/task/python/colcon_distutils_commands:/home/paddy/rrc/xarm_ws/src/xarm_ros2/install/realsense2_ros_mqtt_bridge/lib/python3.10/site-packages:${PYTHONPATH} /usr/bin/python3 -W ignore:setup.py install is deprecated -W ignore:easy_install command is deprecated setup.py egg_info --egg-base ../../build/realsense2_ros_mqtt_bridge build --build-base /home/paddy/rrc/xarm_ws/src/xarm_ros2/build/realsense2_ros_mqtt_bridge/build install --record /home/paddy/rrc/xarm_ws/src/xarm_ros2/build/realsense2_ros_mqtt_bridge/install.log --single-version-externally-managed install_data
[2.036s] running egg_info
[2.039s] creating ../../build/realsense2_ros_mqtt_bridge/realsense2_ros_mqtt_bridge.egg-info
[2.083s] writing ../../build/realsense2_ros_mqtt_bridge/realsense2_ros_mqtt_bridge.egg-info/PKG-INFO
[2.085s] writing dependency_links to ../../build/realsense2_ros_mqtt_bridge/realsense2_ros_mqtt_bridge.egg-info/dependency_links.txt
[2.087s] writing entry points to ../../build/realsense2_ros_mqtt_bridge/realsense2_ros_mqtt_bridge.egg-info/entry_points.txt
[2.088s] writing requirements to ../../build/realsense2_ros_mqtt_bridge/realsense2_ros_mqtt_bridge.egg-info/requires.txt
[2.092s] writing top-level names to ../../build/realsense2_ros_mqtt_bridge/realsense2_ros_mqtt_bridge.egg-info/top_level.txt
[2.093s] writing manifest file '../../build/realsense2_ros_mqtt_bridge/realsense2_ros_mqtt_bridge.egg-info/SOURCES.txt'
[2.157s] reading manifest file '../../build/realsense2_ros_mqtt_bridge/realsense2_ros_mqtt_bridge.egg-info/SOURCES.txt'
[2.160s] writing manifest file '../../build/realsense2_ros_mqtt_bridge/realsense2_ros_mqtt_bridge.egg-info/SOURCES.txt'
[2.160s] running build
[2.161s] running build_py
[2.161s] creating /home/paddy/rrc/xarm_ws/src/xarm_ros2/build/realsense2_ros_mqtt_bridge/build
[2.161s] creating /home/paddy/rrc/xarm_ws/src/xarm_ros2/build/realsense2_ros_mqtt_bridge/build/lib
[2.161s] creating /home/paddy/rrc/xarm_ws/src/xarm_ros2/build/realsense2_ros_mqtt_bridge/build/lib/src
[2.161s] copying src/safety_interface_config_handler.py -> /home/paddy/rrc/xarm_ws/src/xarm_ros2/build/realsense2_ros_mqtt_bridge/build/lib/src
[2.167s] copying src/safety_preset_handler.py -> /home/paddy/rrc/xarm_ws/src/xarm_ros2/build/realsense2_ros_mqtt_bridge/build/lib/src
[2.167s] copying src/entry_point.py -> /home/paddy/rrc/xarm_ws/src/xarm_ros2/build/realsense2_ros_mqtt_bridge/build/lib/src
[2.167s] copying src/triggered_calibration_handler.py -> /home/paddy/rrc/xarm_ws/src/xarm_ros2/build/realsense2_ros_mqtt_bridge/build/lib/src
[2.168s] copying src/service_handler.py -> /home/paddy/rrc/xarm_ws/src/xarm_ros2/build/realsense2_ros_mqtt_bridge/build/lib/src
[2.168s] copying src/hw_reset_handler.py -> /home/paddy/rrc/xarm_ws/src/xarm_ros2/build/realsense2_ros_mqtt_bridge/build/lib/src
[2.168s] copying src/calib_config_handler.py -> /home/paddy/rrc/xarm_ws/src/xarm_ros2/build/realsense2_ros_mqtt_bridge/build/lib/src
[2.168s] copying src/parameter_handler.py -> /home/paddy/rrc/xarm_ws/src/xarm_ros2/build/realsense2_ros_mqtt_bridge/build/lib/src
[2.168s] copying src/device_handler.py -> /home/paddy/rrc/xarm_ws/src/xarm_ros2/build/realsense2_ros_mqtt_bridge/build/lib/src
[2.168s] copying src/application_config_handler.py -> /home/paddy/rrc/xarm_ws/src/xarm_ros2/build/realsense2_ros_mqtt_bridge/build/lib/src
[2.168s] copying src/hwm_command_handler.py -> /home/paddy/rrc/xarm_ws/src/xarm_ros2/build/realsense2_ros_mqtt_bridge/build/lib/src
[2.168s] copying src/frame_handler.py -> /home/paddy/rrc/xarm_ws/src/xarm_ros2/build/realsense2_ros_mqtt_bridge/build/lib/src
[2.168s] copying src/transformation_handler.py -> /home/paddy/rrc/xarm_ws/src/xarm_ros2/build/realsense2_ros_mqtt_bridge/build/lib/src
[2.169s] copying src/mqtt_bridge_node.py -> /home/paddy/rrc/xarm_ws/src/xarm_ros2/build/realsense2_ros_mqtt_bridge/build/lib/src
[2.169s] copying src/__init__.py -> /home/paddy/rrc/xarm_ws/src/xarm_ros2/build/realsense2_ros_mqtt_bridge/build/lib/src
[2.172s] running install
[2.183s] running install_lib
[2.219s] creating /home/paddy/rrc/xarm_ws/src/xarm_ros2/install/realsense2_ros_mqtt_bridge/lib/python3.10/site-packages/src
[2.219s] copying /home/paddy/rrc/xarm_ws/src/xarm_ros2/build/realsense2_ros_mqtt_bridge/build/lib/src/safety_interface_config_handler.py -> /home/paddy/rrc/xarm_ws/src/xarm_ros2/install/realsense2_ros_mqtt_bridge/lib/python3.10/site-packages/src
[2.220s] copying /home/paddy/rrc/xarm_ws/src/xarm_ros2/build/realsense2_ros_mqtt_bridge/build/lib/src/safety_preset_handler.py -> /home/paddy/rrc/xarm_ws/src/xarm_ros2/install/realsense2_ros_mqtt_bridge/lib/python3.10/site-packages/src
[2.220s] copying /home/paddy/rrc/xarm_ws/src/xarm_ros2/build/realsense2_ros_mqtt_bridge/build/lib/src/entry_point.py -> /home/paddy/rrc/xarm_ws/src/xarm_ros2/install/realsense2_ros_mqtt_bridge/lib/python3.10/site-packages/src
[2.220s] copying /home/paddy/rrc/xarm_ws/src/xarm_ros2/build/realsense2_ros_mqtt_bridge/build/lib/src/triggered_calibration_handler.py -> /home/paddy/rrc/xarm_ws/src/xarm_ros2/install/realsense2_ros_mqtt_bridge/lib/python3.10/site-packages/src
[2.220s] copying /home/paddy/rrc/xarm_ws/src/xarm_ros2/build/realsense2_ros_mqtt_bridge/build/lib/src/service_handler.py -> /home/paddy/rrc/xarm_ws/src/xarm_ros2/install/realsense2_ros_mqtt_bridge/lib/python3.10/site-packages/src
[2.220s] copying /home/paddy/rrc/xarm_ws/src/xarm_ros2/build/realsense2_ros_mqtt_bridge/build/lib/src/hw_reset_handler.py -> /home/paddy/rrc/xarm_ws/src/xarm_ros2/install/realsense2_ros_mqtt_bridge/lib/python3.10/site-packages/src
[2.220s] copying /home/paddy/rrc/xarm_ws/src/xarm_ros2/build/realsense2_ros_mqtt_bridge/build/lib/src/calib_config_handler.py -> /home/paddy/rrc/xarm_ws/src/xarm_ros2/install/realsense2_ros_mqtt_bridge/lib/python3.10/site-packages/src
[2.220s] copying /home/paddy/rrc/xarm_ws/src/xarm_ros2/build/realsense2_ros_mqtt_bridge/build/lib/src/parameter_handler.py -> /home/paddy/rrc/xarm_ws/src/xarm_ros2/install/realsense2_ros_mqtt_bridge/lib/python3.10/site-packages/src
[2.220s] copying /home/paddy/rrc/xarm_ws/src/xarm_ros2/build/realsense2_ros_mqtt_bridge/build/lib/src/device_handler.py -> /home/paddy/rrc/xarm_ws/src/xarm_ros2/install/realsense2_ros_mqtt_bridge/lib/python3.10/site-packages/src
[2.221s] copying /home/paddy/rrc/xarm_ws/src/xarm_ros2/build/realsense2_ros_mqtt_bridge/build/lib/src/application_config_handler.py -> /home/paddy/rrc/xarm_ws/src/xarm_ros2/install/realsense2_ros_mqtt_bridge/lib/python3.10/site-packages/src
[2.221s] copying /home/paddy/rrc/xarm_ws/src/xarm_ros2/build/realsense2_ros_mqtt_bridge/build/lib/src/hwm_command_handler.py -> /home/paddy/rrc/xarm_ws/src/xarm_ros2/install/realsense2_ros_mqtt_bridge/lib/python3.10/site-packages/src
[2.221s] copying /home/paddy/rrc/xarm_ws/src/xarm_ros2/build/realsense2_ros_mqtt_bridge/build/lib/src/frame_handler.py -> /home/paddy/rrc/xarm_ws/src/xarm_ros2/install/realsense2_ros_mqtt_bridge/lib/python3.10/site-packages/src
[2.221s] copying /home/paddy/rrc/xarm_ws/src/xarm_ros2/build/realsense2_ros_mqtt_bridge/build/lib/src/transformation_handler.py -> /home/paddy/rrc/xarm_ws/src/xarm_ros2/install/realsense2_ros_mqtt_bridge/lib/python3.10/site-packages/src
[2.221s] copying /home/paddy/rrc/xarm_ws/src/xarm_ros2/build/realsense2_ros_mqtt_bridge/build/lib/src/mqtt_bridge_node.py -> /home/paddy/rrc/xarm_ws/src/xarm_ros2/install/realsense2_ros_mqtt_bridge/lib/python3.10/site-packages/src
[2.221s] copying /home/paddy/rrc/xarm_ws/src/xarm_ros2/build/realsense2_ros_mqtt_bridge/build/lib/src/__init__.py -> /home/paddy/rrc/xarm_ws/src/xarm_ros2/install/realsense2_ros_mqtt_bridge/lib/python3.10/site-packages/src
[2.222s] byte-compiling /home/paddy/rrc/xarm_ws/src/xarm_ros2/install/realsense2_ros_mqtt_bridge/lib/python3.10/site-packages/src/safety_interface_config_handler.py to safety_interface_config_handler.cpython-310.pyc
[2.224s] byte-compiling /home/paddy/rrc/xarm_ws/src/xarm_ros2/install/realsense2_ros_mqtt_bridge/lib/python3.10/site-packages/src/safety_preset_handler.py to safety_preset_handler.cpython-310.pyc
[2.224s] byte-compiling /home/paddy/rrc/xarm_ws/src/xarm_ros2/install/realsense2_ros_mqtt_bridge/lib/python3.10/site-packages/src/entry_point.py to entry_point.cpython-310.pyc
[2.225s] byte-compiling /home/paddy/rrc/xarm_ws/src/xarm_ros2/install/realsense2_ros_mqtt_bridge/lib/python3.10/site-packages/src/triggered_calibration_handler.py to triggered_calibration_handler.cpython-310.pyc
[2.230s] byte-compiling /home/paddy/rrc/xarm_ws/src/xarm_ros2/install/realsense2_ros_mqtt_bridge/lib/python3.10/site-packages/src/service_handler.py to service_handler.cpython-310.pyc
[2.230s] byte-compiling /home/paddy/rrc/xarm_ws/src/xarm_ros2/install/realsense2_ros_mqtt_bridge/lib/python3.10/site-packages/src/hw_reset_handler.py to hw_reset_handler.cpython-310.pyc
[2.230s] byte-compiling /home/paddy/rrc/xarm_ws/src/xarm_ros2/install/realsense2_ros_mqtt_bridge/lib/python3.10/site-packages/src/calib_config_handler.py to calib_config_handler.cpython-310.pyc
[2.230s] byte-compiling /home/paddy/rrc/xarm_ws/src/xarm_ros2/install/realsense2_ros_mqtt_bridge/lib/python3.10/site-packages/src/parameter_handler.py to parameter_handler.cpython-310.pyc
[2.230s] byte-compiling /home/paddy/rrc/xarm_ws/src/xarm_ros2/install/realsense2_ros_mqtt_bridge/lib/python3.10/site-packages/src/device_handler.py to device_handler.cpython-310.pyc
[2.231s] byte-compiling /home/paddy/rrc/xarm_ws/src/xarm_ros2/install/realsense2_ros_mqtt_bridge/lib/python3.10/site-packages/src/application_config_handler.py to application_config_handler.cpython-310.pyc
[2.231s] byte-compiling /home/paddy/rrc/xarm_ws/src/xarm_ros2/install/realsense2_ros_mqtt_bridge/lib/python3.10/site-packages/src/hwm_command_handler.py to hwm_command_handler.cpython-310.pyc
[2.232s] byte-compiling /home/paddy/rrc/xarm_ws/src/xarm_ros2/install/realsense2_ros_mqtt_bridge/lib/python3.10/site-packages/src/frame_handler.py to frame_handler.cpython-310.pyc
[2.233s] byte-compiling /home/paddy/rrc/xarm_ws/src/xarm_ros2/install/realsense2_ros_mqtt_bridge/lib/python3.10/site-packages/src/transformation_handler.py to transformation_handler.cpython-310.pyc
[2.233s] byte-compiling /home/paddy/rrc/xarm_ws/src/xarm_ros2/install/realsense2_ros_mqtt_bridge/lib/python3.10/site-packages/src/mqtt_bridge_node.py to mqtt_bridge_node.cpython-310.pyc
[2.236s] byte-compiling /home/paddy/rrc/xarm_ws/src/xarm_ros2/install/realsense2_ros_mqtt_bridge/lib/python3.10/site-packages/src/__init__.py to __init__.cpython-310.pyc
[2.236s] running install_data
[2.240s] creating /home/paddy/rrc/xarm_ws/src/xarm_ros2/install/realsense2_ros_mqtt_bridge/share/ament_index
[2.240s] creating /home/paddy/rrc/xarm_ws/src/xarm_ros2/install/realsense2_ros_mqtt_bridge/share/ament_index/resource_index
[2.240s] creating /home/paddy/rrc/xarm_ws/src/xarm_ros2/install/realsense2_ros_mqtt_bridge/share/ament_index/resource_index/packages
[2.240s] copying resource/realsense2_ros_mqtt_bridge -> /home/paddy/rrc/xarm_ws/src/xarm_ros2/install/realsense2_ros_mqtt_bridge/share/ament_index/resource_index/packages
[2.240s] copying package.xml -> /home/paddy/rrc/xarm_ws/src/xarm_ros2/install/realsense2_ros_mqtt_bridge/share/realsense2_ros_mqtt_bridge
[2.240s] creating /home/paddy/rrc/xarm_ws/src/xarm_ros2/install/realsense2_ros_mqtt_bridge/share/realsense2_ros_mqtt_bridge/launch
[2.241s] copying launch/rs_launch.py -> /home/paddy/rrc/xarm_ws/src/xarm_ros2/install/realsense2_ros_mqtt_bridge/share/realsense2_ros_mqtt_bridge/launch
[2.241s] running install_egg_info
[2.266s] Copying ../../build/realsense2_ros_mqtt_bridge/realsense2_ros_mqtt_bridge.egg-info to /home/paddy/rrc/xarm_ws/src/xarm_ros2/install/realsense2_ros_mqtt_bridge/lib/python3.10/site-packages/realsense2_ros_mqtt_bridge-4.57.0-py3.10.egg-info
[2.267s] running install_scripts
[2.614s] Installing realsense2_ros_mqtt_bridge script to /home/paddy/rrc/xarm_ws/src/xarm_ros2/install/realsense2_ros_mqtt_bridge/lib/realsense2_ros_mqtt_bridge
[2.616s] writing list of installed files to '/home/paddy/rrc/xarm_ws/src/xarm_ros2/build/realsense2_ros_mqtt_bridge/install.log'
[2.800s] Invoked command in '/home/paddy/rrc/xarm_ws/src/xarm_ros2/realsense-ros/realsense2_ros_mqtt_bridge' returned '0': PYTHONPATH=/home/paddy/rrc/xarm_ws/src/xarm_ros2/build/realsense2_ros_mqtt_bridge/prefix_override:/usr/lib/python3/dist-packages/colcon_core/task/python/colcon_distutils_commands:/home/paddy/rrc/xarm_ws/src/xarm_ros2/install/realsense2_ros_mqtt_bridge/lib/python3.10/site-packages:${PYTHONPATH} /usr/bin/python3 -W ignore:setup.py install is deprecated -W ignore:easy_install command is deprecated setup.py egg_info --egg-base ../../build/realsense2_ros_mqtt_bridge build --build-base /home/paddy/rrc/xarm_ws/src/xarm_ros2/build/realsense2_ros_mqtt_bridge/build install --record /home/paddy/rrc/xarm_ws/src/xarm_ros2/build/realsense2_ros_mqtt_bridge/install.log --single-version-externally-managed install_data
