[0.043s] Invoking command in '/home/paddy/rrc/xarm_ws/src/xarm_ros2/build/xarm_planner': AMENT_PREFIX_PATH=/home/paddy/rrc/xarm_ws/src/xarm_ros2/install/xarm_moveit_config:/home/paddy/rrc/xarm_ws/src/xarm_ros2/install/xarm_gazebo:/home/paddy/rrc/xarm_ws/src/xarm_ros2/install/xarm_controller:/home/paddy/rrc/xarm_ws/src/xarm_ros2/install/xarm_api:/home/paddy/rrc/xarm_ws/src/xarm_ros2/install/xarm_sdk:/home/paddy/rrc/xarm_ws/src/xarm_ros2/install/xarm_msgs:/home/paddy/rrc/xarm_ws/src/xarm_ros2/install/xarm_description:/home/paddy/rrc/xarm_ws/src/xarm_ros2/install/uf_ros_lib:${AMENT_PREFIX_PATH} CMAKE_PREFIX_PATH=/home/paddy/rrc/xarm_ws/src/xarm_ros2/install/xarm_moveit_config:/home/paddy/rrc/xarm_ws/src/xarm_ros2/install/xarm_gazebo:/home/paddy/rrc/xarm_ws/src/xarm_ros2/install/xarm_controller:/home/paddy/rrc/xarm_ws/src/xarm_ros2/install/xarm_api:/home/paddy/rrc/xarm_ws/src/xarm_ros2/install/xarm_sdk:/home/paddy/rrc/xarm_ws/src/xarm_ros2/install/xarm_msgs:/home/paddy/rrc/xarm_ws/src/xarm_ros2/install/xarm_description:/home/paddy/rrc/xarm_ws/install/xarm_sdk:/home/paddy/rrc/xarm_ws/install/xarm_description:/home/paddy/rrc/xarm_ws/install/realsense2_camera:/home/paddy/rrc/xarm_ws/install/mbot_demo:/home/paddy/rrc/xarm_ws/install/librealsense2:/home/paddy/rrc/xarm_ws/install/xarm_planner:/home/paddy/rrc/xarm_ws/install/xarm_moveit_servo:/home/paddy/rrc/xarm_ws/install/xarm_moveit_config:/home/paddy/rrc/xarm_ws/install/xarm_gazebo:/home/paddy/rrc/xarm_ws/install/xarm_controller:/home/paddy/rrc/xarm_ws/install/d435i_xarm_setup:/home/paddy/rrc/xarm_ws/install/xarm_api:/home/paddy/rrc/xarm_ws/install/xarm_msgs:/home/paddy/rrc/xarm_ws/install/realsense_gazebo_plugin:/home/paddy/rrc/xarm_ws/install/realsense2_rviz_plugin:/home/paddy/rrc/xarm_ws/install/realsense2_description:/home/paddy/rrc/xarm_ws/install/realsense2_camera_msgs:/opt/ros/humble:/home/paddy/rrc/xarm_ws/install/uf_ros_lib:/home/paddy/rrc/xarm_ws/install/realsense2_ros_mqtt_bridge LD_LIBRARY_PATH=/home/paddy/rrc/xarm_ws/src/xarm_ros2/install/xarm_gazebo/lib:/home/paddy/rrc/xarm_ws/src/xarm_ros2/install/xarm_controller/lib:/home/paddy/rrc/xarm_ws/src/xarm_ros2/install/xarm_api/lib:/home/paddy/rrc/xarm_ws/src/xarm_ros2/install/xarm_sdk/lib:/home/paddy/rrc/xarm_ws/src/xarm_ros2/install/xarm_msgs/lib:${LD_LIBRARY_PATH} PYTHONPATH=/home/paddy/rrc/xarm_ws/src/xarm_ros2/install/xarm_msgs/local/lib/python3.10/dist-packages:/home/paddy/rrc/xarm_ws/src/xarm_ros2/install/uf_ros_lib/lib/python3.10/site-packages:${PYTHONPATH} /usr/bin/cmake /home/paddy/rrc/xarm_ws/src/xarm_ros2/xarm_planner -DCMAKE_INSTALL_PREFIX=/home/paddy/rrc/xarm_ws/src/xarm_ros2/install/xarm_planner
[0.132s] -- The C compiler identification is GNU 11.4.0
[0.210s] -- The CXX compiler identification is GNU 11.4.0
[0.223s] -- Detecting C compiler ABI info
[0.340s] -- Detecting C compiler ABI info - done
[0.349s] -- Check for working C compiler: /usr/bin/cc - skipped
[0.349s] -- Detecting C compile features
[0.350s] -- Detecting C compile features - done
[0.353s] -- Detecting CXX compiler ABI info
[0.477s] -- Detecting CXX compiler ABI info - done
[0.485s] -- Check for working CXX compiler: /usr/bin/c++ - skipped
[0.485s] -- Detecting CXX compile features
[0.486s] -- Detecting CXX compile features - done
[0.492s] -- Found ament_cmake: 1.3.12 (/opt/ros/humble/share/ament_cmake/cmake)
[0.865s] -- Found Python3: /usr/bin/python3 (found version "3.10.12") found components: Interpreter 
[1.020s] -- Found moveit: 2.5.9 (/opt/ros/humble/share/moveit/cmake)
[1.028s] -- Found moveit_ros_planning_interface: 2.5.9 (/opt/ros/humble/share/moveit_ros_planning_interface/cmake)
[1.266s] -- Found Boost: /usr/lib/x86_64-linux-gnu/cmake/Boost-1.74.0/BoostConfig.cmake (found version "1.74.0") found components: date_time filesystem program_options system thread 
[1.339s] -- Found rosidl_generator_c: 3.1.7 (/opt/ros/humble/share/rosidl_generator_c/cmake)
[1.350s] -- Found rosidl_adapter: 3.1.7 (/opt/ros/humble/share/rosidl_adapter/cmake)
[1.363s] -- Found rosidl_generator_cpp: 3.1.7 (/opt/ros/humble/share/rosidl_generator_cpp/cmake)
[1.380s] -- Using all available rosidl_typesupport_c: rosidl_typesupport_fastrtps_c;rosidl_typesupport_introspection_c
[1.403s] -- Using all available rosidl_typesupport_cpp: rosidl_typesupport_fastrtps_cpp;rosidl_typesupport_introspection_cpp
[1.625s] -- Found Boost: /usr/lib/x86_64-linux-gnu/cmake/Boost-1.74.0/BoostConfig.cmake (found version "1.74.0") found components: chrono date_time filesystem iostreams program_options regex serialization system thread 
[1.702s] -- Found parameter_traits: 0.5.0 (/opt/ros/humble/share/parameter_traits/cmake)
[1.770s] -- Found rmw_implementation_cmake: 6.1.2 (/opt/ros/humble/share/rmw_implementation_cmake/cmake)
[1.775s] -- Found rmw_fastrtps_cpp: 6.2.9 (/opt/ros/humble/share/rmw_fastrtps_cpp/cmake)
[1.906s] -- Found OpenSSL: /usr/lib/x86_64-linux-gnu/libcrypto.so (found version "3.0.2")  
[1.942s] -- Found FastRTPS: /opt/ros/humble/include  
[1.992s] -- Using RMW implementation 'rmw_fastrtps_cpp' as default
[2.010s] -- Found Threads: TRUE  
[2.068s] -- Found rclcpp_lifecycle: 16.0.15 (/opt/ros/humble/share/rclcpp_lifecycle/cmake)
[2.097s] -- Found Boost: /usr/lib/x86_64-linux-gnu/cmake/Boost-1.74.0/BoostConfig.cmake (found version "1.74.0") found components: filesystem 
[2.243s] -- library: /usr/lib/x86_64-linux-gnu/libcurl.so
[2.286s] -- Found Eigen3: TRUE (found version "3.4.0") 
[2.286s] -- Ensuring Eigen3 include directory is part of orocos-kdl CMake target
[2.477s] -- Found Boost: /usr/lib/x86_64-linux-gnu/cmake/Boost-1.74.0/BoostConfig.cmake (found version "1.74.0") found components: system filesystem date_time program_options thread chrono 
[2.510s] -- Found Boost: /usr/lib/x86_64-linux-gnu/cmake/Boost-1.74.0/BoostConfig.cmake (found version "1.74.0") found components: thread system filesystem regex date_time program_options 
[2.540s] -- Found Boost: /usr/lib/x86_64-linux-gnu/cmake/Boost-1.74.0/BoostConfig.cmake (found version "1.74.0") found components: system filesystem date_time program_options thread 
[2.569s] -- Found xarm_msgs: 0.0.0 (/home/paddy/rrc/xarm_ws/src/xarm_ros2/install/xarm_msgs/share/xarm_msgs/cmake)
[2.605s] -- Found ament_lint_auto: 0.12.14 (/opt/ros/humble/share/ament_lint_auto/cmake)
[2.702s] -- Added test 'copyright' to check source files copyright and LICENSE
[2.706s] -- Added test 'cppcheck' to perform static code analysis on C / C++ code
[2.707s] -- Configured cppcheck include dirs: /home/paddy/rrc/xarm_ws/src/xarm_ros2/xarm_planner/include
[2.707s] -- Configured cppcheck exclude dirs and/or files: 
[2.709s] -- Added test 'cpplint' to check C / C++ code against the Google style
[2.709s] -- Configured cpplint exclude dirs and/or files: 
[2.710s] -- Added test 'flake8' to check Python code syntax and style conventions
[2.712s] -- Added test 'lint_cmake' to check CMake code style
[2.713s] -- Added test 'pep257' to check Python code against some of the docstring style conventions in PEP 257
[2.716s] -- Added test 'uncrustify' to check C / C++ code style
[2.716s] -- Configured uncrustify additional arguments: 
[2.717s] -- Added test 'xmllint' to check XML markup files
[2.719s] -- Configuring done
[2.831s] -- Generating done
[2.862s] -- Build files have been written to: /home/paddy/rrc/xarm_ws/src/xarm_ros2/build/xarm_planner
[2.876s] Invoked command in '/home/paddy/rrc/xarm_ws/src/xarm_ros2/build/xarm_planner' returned '0': AMENT_PREFIX_PATH=/home/paddy/rrc/xarm_ws/src/xarm_ros2/install/xarm_moveit_config:/home/paddy/rrc/xarm_ws/src/xarm_ros2/install/xarm_gazebo:/home/paddy/rrc/xarm_ws/src/xarm_ros2/install/xarm_controller:/home/paddy/rrc/xarm_ws/src/xarm_ros2/install/xarm_api:/home/paddy/rrc/xarm_ws/src/xarm_ros2/install/xarm_sdk:/home/paddy/rrc/xarm_ws/src/xarm_ros2/install/xarm_msgs:/home/paddy/rrc/xarm_ws/src/xarm_ros2/install/xarm_description:/home/paddy/rrc/xarm_ws/src/xarm_ros2/install/uf_ros_lib:${AMENT_PREFIX_PATH} CMAKE_PREFIX_PATH=/home/paddy/rrc/xarm_ws/src/xarm_ros2/install/xarm_moveit_config:/home/paddy/rrc/xarm_ws/src/xarm_ros2/install/xarm_gazebo:/home/paddy/rrc/xarm_ws/src/xarm_ros2/install/xarm_controller:/home/paddy/rrc/xarm_ws/src/xarm_ros2/install/xarm_api:/home/paddy/rrc/xarm_ws/src/xarm_ros2/install/xarm_sdk:/home/paddy/rrc/xarm_ws/src/xarm_ros2/install/xarm_msgs:/home/paddy/rrc/xarm_ws/src/xarm_ros2/install/xarm_description:/home/paddy/rrc/xarm_ws/install/xarm_sdk:/home/paddy/rrc/xarm_ws/install/xarm_description:/home/paddy/rrc/xarm_ws/install/realsense2_camera:/home/paddy/rrc/xarm_ws/install/mbot_demo:/home/paddy/rrc/xarm_ws/install/librealsense2:/home/paddy/rrc/xarm_ws/install/xarm_planner:/home/paddy/rrc/xarm_ws/install/xarm_moveit_servo:/home/paddy/rrc/xarm_ws/install/xarm_moveit_config:/home/paddy/rrc/xarm_ws/install/xarm_gazebo:/home/paddy/rrc/xarm_ws/install/xarm_controller:/home/paddy/rrc/xarm_ws/install/d435i_xarm_setup:/home/paddy/rrc/xarm_ws/install/xarm_api:/home/paddy/rrc/xarm_ws/install/xarm_msgs:/home/paddy/rrc/xarm_ws/install/realsense_gazebo_plugin:/home/paddy/rrc/xarm_ws/install/realsense2_rviz_plugin:/home/paddy/rrc/xarm_ws/install/realsense2_description:/home/paddy/rrc/xarm_ws/install/realsense2_camera_msgs:/opt/ros/humble:/home/paddy/rrc/xarm_ws/install/uf_ros_lib:/home/paddy/rrc/xarm_ws/install/realsense2_ros_mqtt_bridge LD_LIBRARY_PATH=/home/paddy/rrc/xarm_ws/src/xarm_ros2/install/xarm_gazebo/lib:/home/paddy/rrc/xarm_ws/src/xarm_ros2/install/xarm_controller/lib:/home/paddy/rrc/xarm_ws/src/xarm_ros2/install/xarm_api/lib:/home/paddy/rrc/xarm_ws/src/xarm_ros2/install/xarm_sdk/lib:/home/paddy/rrc/xarm_ws/src/xarm_ros2/install/xarm_msgs/lib:${LD_LIBRARY_PATH} PYTHONPATH=/home/paddy/rrc/xarm_ws/src/xarm_ros2/install/xarm_msgs/local/lib/python3.10/dist-packages:/home/paddy/rrc/xarm_ws/src/xarm_ros2/install/uf_ros_lib/lib/python3.10/site-packages:${PYTHONPATH} /usr/bin/cmake /home/paddy/rrc/xarm_ws/src/xarm_ros2/xarm_planner -DCMAKE_INSTALL_PREFIX=/home/paddy/rrc/xarm_ws/src/xarm_ros2/install/xarm_planner
[2.878s] Invoking command in '/home/paddy/rrc/xarm_ws/src/xarm_ros2/build/xarm_planner': AMENT_PREFIX_PATH=/home/paddy/rrc/xarm_ws/src/xarm_ros2/install/xarm_moveit_config:/home/paddy/rrc/xarm_ws/src/xarm_ros2/install/xarm_gazebo:/home/paddy/rrc/xarm_ws/src/xarm_ros2/install/xarm_controller:/home/paddy/rrc/xarm_ws/src/xarm_ros2/install/xarm_api:/home/paddy/rrc/xarm_ws/src/xarm_ros2/install/xarm_sdk:/home/paddy/rrc/xarm_ws/src/xarm_ros2/install/xarm_msgs:/home/paddy/rrc/xarm_ws/src/xarm_ros2/install/xarm_description:/home/paddy/rrc/xarm_ws/src/xarm_ros2/install/uf_ros_lib:${AMENT_PREFIX_PATH} CMAKE_PREFIX_PATH=/home/paddy/rrc/xarm_ws/src/xarm_ros2/install/xarm_moveit_config:/home/paddy/rrc/xarm_ws/src/xarm_ros2/install/xarm_gazebo:/home/paddy/rrc/xarm_ws/src/xarm_ros2/install/xarm_controller:/home/paddy/rrc/xarm_ws/src/xarm_ros2/install/xarm_api:/home/paddy/rrc/xarm_ws/src/xarm_ros2/install/xarm_sdk:/home/paddy/rrc/xarm_ws/src/xarm_ros2/install/xarm_msgs:/home/paddy/rrc/xarm_ws/src/xarm_ros2/install/xarm_description:/home/paddy/rrc/xarm_ws/install/xarm_sdk:/home/paddy/rrc/xarm_ws/install/xarm_description:/home/paddy/rrc/xarm_ws/install/realsense2_camera:/home/paddy/rrc/xarm_ws/install/mbot_demo:/home/paddy/rrc/xarm_ws/install/librealsense2:/home/paddy/rrc/xarm_ws/install/xarm_planner:/home/paddy/rrc/xarm_ws/install/xarm_moveit_servo:/home/paddy/rrc/xarm_ws/install/xarm_moveit_config:/home/paddy/rrc/xarm_ws/install/xarm_gazebo:/home/paddy/rrc/xarm_ws/install/xarm_controller:/home/paddy/rrc/xarm_ws/install/d435i_xarm_setup:/home/paddy/rrc/xarm_ws/install/xarm_api:/home/paddy/rrc/xarm_ws/install/xarm_msgs:/home/paddy/rrc/xarm_ws/install/realsense_gazebo_plugin:/home/paddy/rrc/xarm_ws/install/realsense2_rviz_plugin:/home/paddy/rrc/xarm_ws/install/realsense2_description:/home/paddy/rrc/xarm_ws/install/realsense2_camera_msgs:/opt/ros/humble:/home/paddy/rrc/xarm_ws/install/uf_ros_lib:/home/paddy/rrc/xarm_ws/install/realsense2_ros_mqtt_bridge LD_LIBRARY_PATH=/home/paddy/rrc/xarm_ws/src/xarm_ros2/install/xarm_gazebo/lib:/home/paddy/rrc/xarm_ws/src/xarm_ros2/install/xarm_controller/lib:/home/paddy/rrc/xarm_ws/src/xarm_ros2/install/xarm_api/lib:/home/paddy/rrc/xarm_ws/src/xarm_ros2/install/xarm_sdk/lib:/home/paddy/rrc/xarm_ws/src/xarm_ros2/install/xarm_msgs/lib:${LD_LIBRARY_PATH} PYTHONPATH=/home/paddy/rrc/xarm_ws/src/xarm_ros2/install/xarm_msgs/local/lib/python3.10/dist-packages:/home/paddy/rrc/xarm_ws/src/xarm_ros2/install/uf_ros_lib/lib/python3.10/site-packages:${PYTHONPATH} /usr/bin/cmake --build /home/paddy/rrc/xarm_ws/src/xarm_ros2/build/xarm_planner -- -j16 -l16
[2.957s] [  4%] [32mBuilding CXX object CMakeFiles/test_xarm_gripper_planner_client_joint.dir/test/test_xarm_gripper_planner_client_joint.cpp.o[0m
[2.957s] [  9%] [32mBuilding CXX object CMakeFiles/test_xarm_planner_client_joint.dir/test/test_xarm_planner_client_joint.cpp.o[0m
[2.958s] [ 13%] [32mBuilding CXX object CMakeFiles/test_xarm_planner_client_pose.dir/test/test_xarm_planner_client_pose.cpp.o[0m
[2.958s] [ 18%] [32mBuilding CXX object CMakeFiles/xarm_planner.dir/src/xarm_planner.cpp.o[0m
[2.958s] [ 22%] [32mBuilding CXX object CMakeFiles/test_lite_gripper_realmove.dir/test/test_lite_gripper_realmove.cpp.o[0m
[6.682s] [ 27%] [32m[1mLinking CXX executable test_lite_gripper_realmove[0m
[6.928s] [ 27%] Built target test_lite_gripper_realmove
[7.066s] [ 31%] [32m[1mLinking CXX executable test_xarm_planner_client_pose[0m
[7.212s] [ 36%] [32m[1mLinking CXX executable test_xarm_planner_client_joint[0m
[7.226s] [ 40%] [32m[1mLinking CXX executable test_xarm_gripper_planner_client_joint[0m
[7.328s] [ 40%] Built target test_xarm_planner_client_pose
[7.503s] [ 40%] Built target test_xarm_planner_client_joint
[7.509s] [ 40%] Built target test_xarm_gripper_planner_client_joint
[10.774s] [ 45%] [32m[1mLinking CXX shared library libxarm_planner.so[0m
[10.985s] [ 45%] Built target xarm_planner
[11.017s] [ 59%] [32mBuilding CXX object CMakeFiles/test_xarm_planner_api_joint.dir/test/test_xarm_planner_api_joint.cpp.o[0m
[11.017s] [ 59%] [32mBuilding CXX object CMakeFiles/xarm_gripper_planner_node.dir/src/xarm_gripper_planner_node.cpp.o[0m
[11.017s] [ 63%] [32mBuilding CXX object CMakeFiles/xarm_planner_node.dir/src/xarm_planner_node.cpp.o[0m
[11.017s] [ 63%] [32mBuilding CXX object CMakeFiles/test_xarm_planner_api_pose.dir/test/test_xarm_planner_api_pose.cpp.o[0m
[11.018s] [ 68%] [32mBuilding CXX object CMakeFiles/test_dual_xarm_planner_api_joint.dir/test/test_dual_xarm_planner_api_joint.cpp.o[0m
[11.018s] [ 72%] [32mBuilding CXX object CMakeFiles/test_xarm_gripper_planner_api_joint.dir/test/test_xarm_gripper_planner_api_joint.cpp.o[0m
[20.214s] [ 77%] [32m[1mLinking CXX executable test_xarm_gripper_planner_api_joint[0m
[20.302s] [ 81%] [32m[1mLinking CXX executable test_xarm_planner_api_joint[0m
[20.436s] [ 86%] [32m[1mLinking CXX executable test_xarm_planner_api_pose[0m
[20.533s] [ 90%] [32m[1mLinking CXX executable test_dual_xarm_planner_api_joint[0m
[20.691s] [ 90%] Built target test_xarm_gripper_planner_api_joint
[20.786s] [ 90%] Built target test_xarm_planner_api_joint
[20.879s] [ 90%] Built target test_xarm_planner_api_pose
[20.954s] [ 90%] Built target test_dual_xarm_planner_api_joint
[21.418s] [ 95%] [32m[1mLinking CXX executable xarm_gripper_planner_node[0m
[21.880s] [ 95%] Built target xarm_gripper_planner_node
[22.847s] [100%] [32m[1mLinking CXX executable xarm_planner_node[0m
[23.351s] [100%] Built target xarm_planner_node
[23.366s] Invoked command in '/home/paddy/rrc/xarm_ws/src/xarm_ros2/build/xarm_planner' returned '0': AMENT_PREFIX_PATH=/home/paddy/rrc/xarm_ws/src/xarm_ros2/install/xarm_moveit_config:/home/paddy/rrc/xarm_ws/src/xarm_ros2/install/xarm_gazebo:/home/paddy/rrc/xarm_ws/src/xarm_ros2/install/xarm_controller:/home/paddy/rrc/xarm_ws/src/xarm_ros2/install/xarm_api:/home/paddy/rrc/xarm_ws/src/xarm_ros2/install/xarm_sdk:/home/paddy/rrc/xarm_ws/src/xarm_ros2/install/xarm_msgs:/home/paddy/rrc/xarm_ws/src/xarm_ros2/install/xarm_description:/home/paddy/rrc/xarm_ws/src/xarm_ros2/install/uf_ros_lib:${AMENT_PREFIX_PATH} CMAKE_PREFIX_PATH=/home/paddy/rrc/xarm_ws/src/xarm_ros2/install/xarm_moveit_config:/home/paddy/rrc/xarm_ws/src/xarm_ros2/install/xarm_gazebo:/home/paddy/rrc/xarm_ws/src/xarm_ros2/install/xarm_controller:/home/paddy/rrc/xarm_ws/src/xarm_ros2/install/xarm_api:/home/paddy/rrc/xarm_ws/src/xarm_ros2/install/xarm_sdk:/home/paddy/rrc/xarm_ws/src/xarm_ros2/install/xarm_msgs:/home/paddy/rrc/xarm_ws/src/xarm_ros2/install/xarm_description:/home/paddy/rrc/xarm_ws/install/xarm_sdk:/home/paddy/rrc/xarm_ws/install/xarm_description:/home/paddy/rrc/xarm_ws/install/realsense2_camera:/home/paddy/rrc/xarm_ws/install/mbot_demo:/home/paddy/rrc/xarm_ws/install/librealsense2:/home/paddy/rrc/xarm_ws/install/xarm_planner:/home/paddy/rrc/xarm_ws/install/xarm_moveit_servo:/home/paddy/rrc/xarm_ws/install/xarm_moveit_config:/home/paddy/rrc/xarm_ws/install/xarm_gazebo:/home/paddy/rrc/xarm_ws/install/xarm_controller:/home/paddy/rrc/xarm_ws/install/d435i_xarm_setup:/home/paddy/rrc/xarm_ws/install/xarm_api:/home/paddy/rrc/xarm_ws/install/xarm_msgs:/home/paddy/rrc/xarm_ws/install/realsense_gazebo_plugin:/home/paddy/rrc/xarm_ws/install/realsense2_rviz_plugin:/home/paddy/rrc/xarm_ws/install/realsense2_description:/home/paddy/rrc/xarm_ws/install/realsense2_camera_msgs:/opt/ros/humble:/home/paddy/rrc/xarm_ws/install/uf_ros_lib:/home/paddy/rrc/xarm_ws/install/realsense2_ros_mqtt_bridge LD_LIBRARY_PATH=/home/paddy/rrc/xarm_ws/src/xarm_ros2/install/xarm_gazebo/lib:/home/paddy/rrc/xarm_ws/src/xarm_ros2/install/xarm_controller/lib:/home/paddy/rrc/xarm_ws/src/xarm_ros2/install/xarm_api/lib:/home/paddy/rrc/xarm_ws/src/xarm_ros2/install/xarm_sdk/lib:/home/paddy/rrc/xarm_ws/src/xarm_ros2/install/xarm_msgs/lib:${LD_LIBRARY_PATH} PYTHONPATH=/home/paddy/rrc/xarm_ws/src/xarm_ros2/install/xarm_msgs/local/lib/python3.10/dist-packages:/home/paddy/rrc/xarm_ws/src/xarm_ros2/install/uf_ros_lib/lib/python3.10/site-packages:${PYTHONPATH} /usr/bin/cmake --build /home/paddy/rrc/xarm_ws/src/xarm_ros2/build/xarm_planner -- -j16 -l16
[23.368s] Invoking command in '/home/paddy/rrc/xarm_ws/src/xarm_ros2/build/xarm_planner': AMENT_PREFIX_PATH=/home/paddy/rrc/xarm_ws/src/xarm_ros2/install/xarm_moveit_config:/home/paddy/rrc/xarm_ws/src/xarm_ros2/install/xarm_gazebo:/home/paddy/rrc/xarm_ws/src/xarm_ros2/install/xarm_controller:/home/paddy/rrc/xarm_ws/src/xarm_ros2/install/xarm_api:/home/paddy/rrc/xarm_ws/src/xarm_ros2/install/xarm_sdk:/home/paddy/rrc/xarm_ws/src/xarm_ros2/install/xarm_msgs:/home/paddy/rrc/xarm_ws/src/xarm_ros2/install/xarm_description:/home/paddy/rrc/xarm_ws/src/xarm_ros2/install/uf_ros_lib:${AMENT_PREFIX_PATH} CMAKE_PREFIX_PATH=/home/paddy/rrc/xarm_ws/src/xarm_ros2/install/xarm_moveit_config:/home/paddy/rrc/xarm_ws/src/xarm_ros2/install/xarm_gazebo:/home/paddy/rrc/xarm_ws/src/xarm_ros2/install/xarm_controller:/home/paddy/rrc/xarm_ws/src/xarm_ros2/install/xarm_api:/home/paddy/rrc/xarm_ws/src/xarm_ros2/install/xarm_sdk:/home/paddy/rrc/xarm_ws/src/xarm_ros2/install/xarm_msgs:/home/paddy/rrc/xarm_ws/src/xarm_ros2/install/xarm_description:/home/paddy/rrc/xarm_ws/install/xarm_sdk:/home/paddy/rrc/xarm_ws/install/xarm_description:/home/paddy/rrc/xarm_ws/install/realsense2_camera:/home/paddy/rrc/xarm_ws/install/mbot_demo:/home/paddy/rrc/xarm_ws/install/librealsense2:/home/paddy/rrc/xarm_ws/install/xarm_planner:/home/paddy/rrc/xarm_ws/install/xarm_moveit_servo:/home/paddy/rrc/xarm_ws/install/xarm_moveit_config:/home/paddy/rrc/xarm_ws/install/xarm_gazebo:/home/paddy/rrc/xarm_ws/install/xarm_controller:/home/paddy/rrc/xarm_ws/install/d435i_xarm_setup:/home/paddy/rrc/xarm_ws/install/xarm_api:/home/paddy/rrc/xarm_ws/install/xarm_msgs:/home/paddy/rrc/xarm_ws/install/realsense_gazebo_plugin:/home/paddy/rrc/xarm_ws/install/realsense2_rviz_plugin:/home/paddy/rrc/xarm_ws/install/realsense2_description:/home/paddy/rrc/xarm_ws/install/realsense2_camera_msgs:/opt/ros/humble:/home/paddy/rrc/xarm_ws/install/uf_ros_lib:/home/paddy/rrc/xarm_ws/install/realsense2_ros_mqtt_bridge LD_LIBRARY_PATH=/home/paddy/rrc/xarm_ws/src/xarm_ros2/install/xarm_gazebo/lib:/home/paddy/rrc/xarm_ws/src/xarm_ros2/install/xarm_controller/lib:/home/paddy/rrc/xarm_ws/src/xarm_ros2/install/xarm_api/lib:/home/paddy/rrc/xarm_ws/src/xarm_ros2/install/xarm_sdk/lib:/home/paddy/rrc/xarm_ws/src/xarm_ros2/install/xarm_msgs/lib:${LD_LIBRARY_PATH} PYTHONPATH=/home/paddy/rrc/xarm_ws/src/xarm_ros2/install/xarm_msgs/local/lib/python3.10/dist-packages:/home/paddy/rrc/xarm_ws/src/xarm_ros2/install/uf_ros_lib/lib/python3.10/site-packages:${PYTHONPATH} /usr/bin/cmake --install /home/paddy/rrc/xarm_ws/src/xarm_ros2/build/xarm_planner
[23.379s] -- Install configuration: ""
[23.379s] -- Installing: /home/paddy/rrc/xarm_ws/src/xarm_ros2/install/xarm_planner/include
[23.379s] -- Installing: /home/paddy/rrc/xarm_ws/src/xarm_ros2/install/xarm_planner/include/xarm_planner
[23.380s] -- Installing: /home/paddy/rrc/xarm_ws/src/xarm_ros2/install/xarm_planner/include/xarm_planner/xarm_planner.h
[23.380s] -- Installing: /home/paddy/rrc/xarm_ws/src/xarm_ros2/install/xarm_planner/lib/libxarm_planner.so
[23.381s] -- Set runtime path of "/home/paddy/rrc/xarm_ws/src/xarm_ros2/install/xarm_planner/lib/libxarm_planner.so" to ""
[23.381s] -- Installing: /home/paddy/rrc/xarm_ws/src/xarm_ros2/install/xarm_planner/lib/xarm_planner/xarm_planner_node
[23.384s] -- Set runtime path of "/home/paddy/rrc/xarm_ws/src/xarm_ros2/install/xarm_planner/lib/xarm_planner/xarm_planner_node" to ""
[23.384s] -- Installing: /home/paddy/rrc/xarm_ws/src/xarm_ros2/install/xarm_planner/lib/xarm_planner/xarm_gripper_planner_node
[23.386s] -- Set runtime path of "/home/paddy/rrc/xarm_ws/src/xarm_ros2/install/xarm_planner/lib/xarm_planner/xarm_gripper_planner_node" to ""
[23.386s] -- Installing: /home/paddy/rrc/xarm_ws/src/xarm_ros2/install/xarm_planner/lib/xarm_planner/test_xarm_planner_api_joint
[23.387s] -- Set runtime path of "/home/paddy/rrc/xarm_ws/src/xarm_ros2/install/xarm_planner/lib/xarm_planner/test_xarm_planner_api_joint" to ""
[23.387s] -- Installing: /home/paddy/rrc/xarm_ws/src/xarm_ros2/install/xarm_planner/lib/xarm_planner/test_dual_xarm_planner_api_joint
[23.388s] -- Set runtime path of "/home/paddy/rrc/xarm_ws/src/xarm_ros2/install/xarm_planner/lib/xarm_planner/test_dual_xarm_planner_api_joint" to ""
[23.388s] -- Installing: /home/paddy/rrc/xarm_ws/src/xarm_ros2/install/xarm_planner/lib/xarm_planner/test_xarm_planner_api_pose
[23.389s] -- Set runtime path of "/home/paddy/rrc/xarm_ws/src/xarm_ros2/install/xarm_planner/lib/xarm_planner/test_xarm_planner_api_pose" to ""
[23.389s] -- Installing: /home/paddy/rrc/xarm_ws/src/xarm_ros2/install/xarm_planner/lib/xarm_planner/test_xarm_gripper_planner_api_joint
[23.390s] -- Set runtime path of "/home/paddy/rrc/xarm_ws/src/xarm_ros2/install/xarm_planner/lib/xarm_planner/test_xarm_gripper_planner_api_joint" to ""
[23.390s] -- Installing: /home/paddy/rrc/xarm_ws/src/xarm_ros2/install/xarm_planner/lib/xarm_planner/test_xarm_planner_client_joint
[23.392s] -- Set runtime path of "/home/paddy/rrc/xarm_ws/src/xarm_ros2/install/xarm_planner/lib/xarm_planner/test_xarm_planner_client_joint" to ""
[23.392s] -- Installing: /home/paddy/rrc/xarm_ws/src/xarm_ros2/install/xarm_planner/lib/xarm_planner/test_xarm_planner_client_pose
[23.394s] -- Set runtime path of "/home/paddy/rrc/xarm_ws/src/xarm_ros2/install/xarm_planner/lib/xarm_planner/test_xarm_planner_client_pose" to ""
[23.394s] -- Installing: /home/paddy/rrc/xarm_ws/src/xarm_ros2/install/xarm_planner/lib/xarm_planner/test_xarm_gripper_planner_client_joint
[23.395s] -- Set runtime path of "/home/paddy/rrc/xarm_ws/src/xarm_ros2/install/xarm_planner/lib/xarm_planner/test_xarm_gripper_planner_client_joint" to ""
[23.395s] -- Installing: /home/paddy/rrc/xarm_ws/src/xarm_ros2/install/xarm_planner/lib/xarm_planner/test_lite_gripper_realmove
[23.397s] -- Set runtime path of "/home/paddy/rrc/xarm_ws/src/xarm_ros2/install/xarm_planner/lib/xarm_planner/test_lite_gripper_realmove" to ""
[23.397s] -- Installing: /home/paddy/rrc/xarm_ws/src/xarm_ros2/install/xarm_planner/share/xarm_planner//launch
[23.397s] -- Installing: /home/paddy/rrc/xarm_ws/src/xarm_ros2/install/xarm_planner/share/xarm_planner//launch/test_xarm_gripper_planner_client_joint.launch.py
[23.397s] -- Installing: /home/paddy/rrc/xarm_ws/src/xarm_ros2/install/xarm_planner/share/xarm_planner//launch/xarm7_mirror_planner_realmove.launch.py
[23.398s] -- Installing: /home/paddy/rrc/xarm_ws/src/xarm_ros2/install/xarm_planner/share/xarm_planner//launch/test_xarm_planner_api_pose.launch.py
[23.398s] -- Installing: /home/paddy/rrc/xarm_ws/src/xarm_ros2/install/xarm_planner/share/xarm_planner//launch/test_move_group.launch.py
[23.399s] -- Installing: /home/paddy/rrc/xarm_ws/src/xarm_ros2/install/xarm_planner/share/xarm_planner//launch/uf850_planner_realmove.launch.py
[23.399s] -- Installing: /home/paddy/rrc/xarm_ws/src/xarm_ros2/install/xarm_planner/share/xarm_planner//launch/test_xarm_gripper_planner_api_joint.launch.py
[23.399s] -- Installing: /home/paddy/rrc/xarm_ws/src/xarm_ros2/install/xarm_planner/share/xarm_planner//launch/test_xarm_planner_client_pose.launch.py
[23.399s] -- Installing: /home/paddy/rrc/xarm_ws/src/xarm_ros2/install/xarm_planner/share/xarm_planner//launch/lite6_planner_gazebo.launch.py
[23.400s] -- Installing: /home/paddy/rrc/xarm_ws/src/xarm_ros2/install/xarm_planner/share/xarm_planner//launch/xarm6_planner_fake.launch.py
[23.400s] -- Installing: /home/paddy/rrc/xarm_ws/src/xarm_ros2/install/xarm_planner/share/xarm_planner//launch/xarm5_planner_gazebo.launch.py
[23.400s] -- Installing: /home/paddy/rrc/xarm_ws/src/xarm_ros2/install/xarm_planner/share/xarm_planner//launch/lite6_planner_realmove.launch.py
[23.401s] -- Installing: /home/paddy/rrc/xarm_ws/src/xarm_ros2/install/xarm_planner/share/xarm_planner//launch/test_xarm_planner_client_joint.launch.py
[23.401s] -- Installing: /home/paddy/rrc/xarm_ws/src/xarm_ros2/install/xarm_planner/share/xarm_planner//launch/_robot_planner.launch.py
[23.401s] -- Installing: /home/paddy/rrc/xarm_ws/src/xarm_ros2/install/xarm_planner/share/xarm_planner//launch/xarm6_planner_gazebo.launch.py
[23.401s] -- Installing: /home/paddy/rrc/xarm_ws/src/xarm_ros2/install/xarm_planner/share/xarm_planner//launch/xarm7_mirror_planner_fake.launch.py
[23.402s] -- Installing: /home/paddy/rrc/xarm_ws/src/xarm_ros2/install/xarm_planner/share/xarm_planner//launch/test_xarm_planner_api_joint.launch.py
[23.402s] -- Installing: /home/paddy/rrc/xarm_ws/src/xarm_ros2/install/xarm_planner/share/xarm_planner//launch/test_dual_xarm_planner_api_joint.launch.py
[23.402s] -- Installing: /home/paddy/rrc/xarm_ws/src/xarm_ros2/install/xarm_planner/share/xarm_planner//launch/xarm7_mirror_planner_gazebo.launch.py
[23.402s] -- Installing: /home/paddy/rrc/xarm_ws/src/xarm_ros2/install/xarm_planner/share/xarm_planner//launch/xarm6_planner_realmove.launch.py
[23.403s] -- Installing: /home/paddy/rrc/xarm_ws/src/xarm_ros2/install/xarm_planner/share/xarm_planner//launch/xarm7_planner_gazebo.launch.py
[23.403s] -- Installing: /home/paddy/rrc/xarm_ws/src/xarm_ros2/install/xarm_planner/share/xarm_planner//launch/xarm5_planner_realmove.launch.py
[23.403s] -- Installing: /home/paddy/rrc/xarm_ws/src/xarm_ros2/install/xarm_planner/share/xarm_planner//launch/_dual_robot_planner.launch.py
[23.403s] -- Installing: /home/paddy/rrc/xarm_ws/src/xarm_ros2/install/xarm_planner/share/xarm_planner//launch/xarm7_planner_realmove.launch.py
[23.404s] -- Installing: /home/paddy/rrc/xarm_ws/src/xarm_ros2/install/xarm_planner/share/xarm_planner//launch/uf850_planner_gazebo.launch.py
[23.404s] -- Installing: /home/paddy/rrc/xarm_ws/src/xarm_ros2/install/xarm_planner/share/xarm_planner//launch/test_lite_gripper_realmove.launch.py
[23.404s] -- Installing: /home/paddy/rrc/xarm_ws/src/xarm_ros2/install/xarm_planner/share/xarm_planner//launch/uf850_planner_fake.launch.py
[23.405s] -- Installing: /home/paddy/rrc/xarm_ws/src/xarm_ros2/install/xarm_planner/share/xarm_planner//launch/xarm7_planner_fake.launch.py
[23.405s] -- Installing: /home/paddy/rrc/xarm_ws/src/xarm_ros2/install/xarm_planner/share/xarm_planner//launch/xarm5_planner_fake.launch.py
[23.405s] -- Installing: /home/paddy/rrc/xarm_ws/src/xarm_ros2/install/xarm_planner/share/xarm_planner//launch/lite6_planner_fake.launch.py
[23.405s] -- Installing: /home/paddy/rrc/xarm_ws/src/xarm_ros2/install/xarm_planner/share/ament_index/resource_index/package_run_dependencies/xarm_planner
[23.406s] -- Installing: /home/paddy/rrc/xarm_ws/src/xarm_ros2/install/xarm_planner/share/ament_index/resource_index/parent_prefix_path/xarm_planner
[23.406s] -- Installing: /home/paddy/rrc/xarm_ws/src/xarm_ros2/install/xarm_planner/share/xarm_planner/environment/ament_prefix_path.sh
[23.406s] -- Installing: /home/paddy/rrc/xarm_ws/src/xarm_ros2/install/xarm_planner/share/xarm_planner/environment/ament_prefix_path.dsv
[23.407s] -- Installing: /home/paddy/rrc/xarm_ws/src/xarm_ros2/install/xarm_planner/share/xarm_planner/environment/path.sh
[23.407s] -- Installing: /home/paddy/rrc/xarm_ws/src/xarm_ros2/install/xarm_planner/share/xarm_planner/environment/path.dsv
[23.407s] -- Installing: /home/paddy/rrc/xarm_ws/src/xarm_ros2/install/xarm_planner/share/xarm_planner/local_setup.bash
[23.407s] -- Installing: /home/paddy/rrc/xarm_ws/src/xarm_ros2/install/xarm_planner/share/xarm_planner/local_setup.sh
[23.408s] -- Installing: /home/paddy/rrc/xarm_ws/src/xarm_ros2/install/xarm_planner/share/xarm_planner/local_setup.zsh
[23.408s] -- Installing: /home/paddy/rrc/xarm_ws/src/xarm_ros2/install/xarm_planner/share/xarm_planner/local_setup.dsv
[23.408s] -- Installing: /home/paddy/rrc/xarm_ws/src/xarm_ros2/install/xarm_planner/share/xarm_planner/package.dsv
[23.408s] -- Installing: /home/paddy/rrc/xarm_ws/src/xarm_ros2/install/xarm_planner/share/ament_index/resource_index/packages/xarm_planner
[23.409s] -- Installing: /home/paddy/rrc/xarm_ws/src/xarm_ros2/install/xarm_planner/share/xarm_planner/cmake/xarm_plannerConfig.cmake
[23.409s] -- Installing: /home/paddy/rrc/xarm_ws/src/xarm_ros2/install/xarm_planner/share/xarm_planner/cmake/xarm_plannerConfig-version.cmake
[23.409s] -- Installing: /home/paddy/rrc/xarm_ws/src/xarm_ros2/install/xarm_planner/share/xarm_planner/package.xml
[23.411s] Invoked command in '/home/paddy/rrc/xarm_ws/src/xarm_ros2/build/xarm_planner' returned '0': AMENT_PREFIX_PATH=/home/paddy/rrc/xarm_ws/src/xarm_ros2/install/xarm_moveit_config:/home/paddy/rrc/xarm_ws/src/xarm_ros2/install/xarm_gazebo:/home/paddy/rrc/xarm_ws/src/xarm_ros2/install/xarm_controller:/home/paddy/rrc/xarm_ws/src/xarm_ros2/install/xarm_api:/home/paddy/rrc/xarm_ws/src/xarm_ros2/install/xarm_sdk:/home/paddy/rrc/xarm_ws/src/xarm_ros2/install/xarm_msgs:/home/paddy/rrc/xarm_ws/src/xarm_ros2/install/xarm_description:/home/paddy/rrc/xarm_ws/src/xarm_ros2/install/uf_ros_lib:${AMENT_PREFIX_PATH} CMAKE_PREFIX_PATH=/home/paddy/rrc/xarm_ws/src/xarm_ros2/install/xarm_moveit_config:/home/paddy/rrc/xarm_ws/src/xarm_ros2/install/xarm_gazebo:/home/paddy/rrc/xarm_ws/src/xarm_ros2/install/xarm_controller:/home/paddy/rrc/xarm_ws/src/xarm_ros2/install/xarm_api:/home/paddy/rrc/xarm_ws/src/xarm_ros2/install/xarm_sdk:/home/paddy/rrc/xarm_ws/src/xarm_ros2/install/xarm_msgs:/home/paddy/rrc/xarm_ws/src/xarm_ros2/install/xarm_description:/home/paddy/rrc/xarm_ws/install/xarm_sdk:/home/paddy/rrc/xarm_ws/install/xarm_description:/home/paddy/rrc/xarm_ws/install/realsense2_camera:/home/paddy/rrc/xarm_ws/install/mbot_demo:/home/paddy/rrc/xarm_ws/install/librealsense2:/home/paddy/rrc/xarm_ws/install/xarm_planner:/home/paddy/rrc/xarm_ws/install/xarm_moveit_servo:/home/paddy/rrc/xarm_ws/install/xarm_moveit_config:/home/paddy/rrc/xarm_ws/install/xarm_gazebo:/home/paddy/rrc/xarm_ws/install/xarm_controller:/home/paddy/rrc/xarm_ws/install/d435i_xarm_setup:/home/paddy/rrc/xarm_ws/install/xarm_api:/home/paddy/rrc/xarm_ws/install/xarm_msgs:/home/paddy/rrc/xarm_ws/install/realsense_gazebo_plugin:/home/paddy/rrc/xarm_ws/install/realsense2_rviz_plugin:/home/paddy/rrc/xarm_ws/install/realsense2_description:/home/paddy/rrc/xarm_ws/install/realsense2_camera_msgs:/opt/ros/humble:/home/paddy/rrc/xarm_ws/install/uf_ros_lib:/home/paddy/rrc/xarm_ws/install/realsense2_ros_mqtt_bridge LD_LIBRARY_PATH=/home/paddy/rrc/xarm_ws/src/xarm_ros2/install/xarm_gazebo/lib:/home/paddy/rrc/xarm_ws/src/xarm_ros2/install/xarm_controller/lib:/home/paddy/rrc/xarm_ws/src/xarm_ros2/install/xarm_api/lib:/home/paddy/rrc/xarm_ws/src/xarm_ros2/install/xarm_sdk/lib:/home/paddy/rrc/xarm_ws/src/xarm_ros2/install/xarm_msgs/lib:${LD_LIBRARY_PATH} PYTHONPATH=/home/paddy/rrc/xarm_ws/src/xarm_ros2/install/xarm_msgs/local/lib/python3.10/dist-packages:/home/paddy/rrc/xarm_ws/src/xarm_ros2/install/uf_ros_lib/lib/python3.10/site-packages:${PYTHONPATH} /usr/bin/cmake --install /home/paddy/rrc/xarm_ws/src/xarm_ros2/build/xarm_planner
