[0.000000] (-) TimerEvent: {}
[0.000360] (-) JobUnselected: {'identifier': 'd435i_xarm_setup'}
[0.000401] (-) JobUnselected: {'identifier': 'mbot_demo'}
[0.000480] (-) JobUnselected: {'identifier': 'realsense2_camera'}
[0.000494] (-) JobUnselected: {'identifier': 'realsense2_camera_msgs'}
[0.000508] (-) JobUnselected: {'identifier': 'realsense2_description'}
[0.000520] (-) JobUnselected: {'identifier': 'realsense2_ros_mqtt_bridge'}
[0.000533] (-) JobUnselected: {'identifier': 'realsense2_rviz_plugin'}
[0.000545] (-) JobUnselected: {'identifier': 'realsense_gazebo_plugin'}
[0.000565] (-) JobUnselected: {'identifier': 'uf_ros_lib'}
[0.000666] (-) JobUnselected: {'identifier': 'xarm_api'}
[0.000678] (-) JobUnselected: {'identifier': 'xarm_controller'}
[0.000689] (-) JobUnselected: {'identifier': 'xarm_description'}
[0.000699] (-) JobUnselected: {'identifier': 'xarm_gazebo'}
[0.000710] (-) JobUnselected: {'identifier': 'xarm_moveit_config'}
[0.000720] (-) JobUnselected: {'identifier': 'xarm_moveit_servo'}
[0.000730] (-) JobUnselected: {'identifier': 'xarm_msgs'}
[0.000741] (-) JobUnselected: {'identifier': 'xarm_planner'}
[0.000751] (-) JobUnselected: {'identifier': 'xarm_sdk'}
[0.000762] (-) EventReactorShutdown: {}
