[1.604s] Invoking command in '/home/paddy/rrc/xarm_ws/src/xarm_ros2/realsense-ros/realsense2_ros_mqtt_bridge': PYTHONPATH=/home/paddy/rrc/xarm_ws/src/xarm_ros2/build/realsense2_ros_mqtt_bridge/prefix_override:/usr/lib/python3/dist-packages/colcon_core/task/python/colcon_distutils_commands:/home/paddy/rrc/xarm_ws/src/xarm_ros2/install/realsense2_ros_mqtt_bridge/lib/python3.10/site-packages:${PYTHONPATH} /usr/bin/python3 -W ignore:setup.py install is deprecated -W ignore:easy_install command is deprecated setup.py egg_info --egg-base ../../build/realsense2_ros_mqtt_bridge build --build-base /home/paddy/rrc/xarm_ws/src/xarm_ros2/build/realsense2_ros_mqtt_bridge/build install --record /home/paddy/rrc/xarm_ws/src/xarm_ros2/build/realsense2_ros_mqtt_bridge/install.log --single-version-externally-managed install_data
[1.884s] running egg_info
[1.901s] writing ../../build/realsense2_ros_mqtt_bridge/realsense2_ros_mqtt_bridge.egg-info/PKG-INFO
[1.901s] writing dependency_links to ../../build/realsense2_ros_mqtt_bridge/realsense2_ros_mqtt_bridge.egg-info/dependency_links.txt
[1.901s] writing entry points to ../../build/realsense2_ros_mqtt_bridge/realsense2_ros_mqtt_bridge.egg-info/entry_points.txt
[1.901s] writing requirements to ../../build/realsense2_ros_mqtt_bridge/realsense2_ros_mqtt_bridge.egg-info/requires.txt
[1.902s] writing top-level names to ../../build/realsense2_ros_mqtt_bridge/realsense2_ros_mqtt_bridge.egg-info/top_level.txt
[1.936s] reading manifest file '../../build/realsense2_ros_mqtt_bridge/realsense2_ros_mqtt_bridge.egg-info/SOURCES.txt'
[1.937s] writing manifest file '../../build/realsense2_ros_mqtt_bridge/realsense2_ros_mqtt_bridge.egg-info/SOURCES.txt'
[1.937s] running build
[1.937s] running build_py
[1.938s] running install
[1.943s] running install_lib
[1.964s] running install_data
[1.964s] running install_egg_info
[1.983s] removing '/home/paddy/rrc/xarm_ws/src/xarm_ros2/install/realsense2_ros_mqtt_bridge/lib/python3.10/site-packages/realsense2_ros_mqtt_bridge-4.57.0-py3.10.egg-info' (and everything under it)
[1.983s] Copying ../../build/realsense2_ros_mqtt_bridge/realsense2_ros_mqtt_bridge.egg-info to /home/paddy/rrc/xarm_ws/src/xarm_ros2/install/realsense2_ros_mqtt_bridge/lib/python3.10/site-packages/realsense2_ros_mqtt_bridge-4.57.0-py3.10.egg-info
[1.984s] running install_scripts
[2.159s] Installing realsense2_ros_mqtt_bridge script to /home/paddy/rrc/xarm_ws/src/xarm_ros2/install/realsense2_ros_mqtt_bridge/lib/realsense2_ros_mqtt_bridge
[2.160s] writing list of installed files to '/home/paddy/rrc/xarm_ws/src/xarm_ros2/build/realsense2_ros_mqtt_bridge/install.log'
[2.211s] Invoked command in '/home/paddy/rrc/xarm_ws/src/xarm_ros2/realsense-ros/realsense2_ros_mqtt_bridge' returned '0': PYTHONPATH=/home/paddy/rrc/xarm_ws/src/xarm_ros2/build/realsense2_ros_mqtt_bridge/prefix_override:/usr/lib/python3/dist-packages/colcon_core/task/python/colcon_distutils_commands:/home/paddy/rrc/xarm_ws/src/xarm_ros2/install/realsense2_ros_mqtt_bridge/lib/python3.10/site-packages:${PYTHONPATH} /usr/bin/python3 -W ignore:setup.py install is deprecated -W ignore:easy_install command is deprecated setup.py egg_info --egg-base ../../build/realsense2_ros_mqtt_bridge build --build-base /home/paddy/rrc/xarm_ws/src/xarm_ros2/build/realsense2_ros_mqtt_bridge/build install --record /home/paddy/rrc/xarm_ws/src/xarm_ros2/build/realsense2_ros_mqtt_bridge/install.log --single-version-externally-managed install_data
